CRITICAL - 2021-01-04 00:00:25 --> Trying to access array offset on value of type null
#0 C:\xampp\htdocs\donungded.com\app\Controllers\Home.php(381): CodeIgniter\Debug\Exceptions->errorHandler(8, 'Trying to acces...', 'C:\\xampp\\htdocs...', 381, Array)
#1 C:\xampp\htdocs\donungded.com\system\CodeIgniter.php(910): App\Controllers\Home->video('9970', 'MUM-201-Mama-Do...')
#2 C:\xampp\htdocs\donungded.com\system\CodeIgniter.php(398): CodeIgniter\CodeIgniter->runController(Object(App\Controllers\Home))
#3 C:\xampp\htdocs\donungded.com\system\CodeIgniter.php(306): CodeIgniter\CodeIgniter->handleRequest(NULL, Object(Config\Cache), false)
#4 C:\xampp\htdocs\donungded.com\index.php(45): CodeIgniter\CodeIgniter->run()
#5 {main}
CRITICAL - 2021-01-04 00:15:33 --> Too few arguments to function App\Models\AV_Model::get_category(), 1 passed in C:\xampp\htdocs\donungded.com\app\Controllers\Av_Home.php on line 425 and exactly 2 expected
#0 C:\xampp\htdocs\donungded.com\app\Controllers\Av_Home.php(425): App\Models\AV_Model->get_category(1)
#1 C:\xampp\htdocs\donungded.com\system\CodeIgniter.php(910): App\Controllers\Av_Home->video('876', 'ADN-021-%E0%B8%...')
#2 C:\xampp\htdocs\donungded.com\system\CodeIgniter.php(398): CodeIgniter\CodeIgniter->runController(Object(App\Controllers\Av_Home))
#3 C:\xampp\htdocs\donungded.com\system\CodeIgniter.php(306): CodeIgniter\CodeIgniter->handleRequest(NULL, Object(Config\Cache), false)
#4 C:\xampp\htdocs\donungded.com\index.php(45): CodeIgniter\CodeIgniter->run()
#5 {main}
CRITICAL - 2021-01-04 00:17:12 --> Too few arguments to function App\Models\AV_Model::get_category(), 1 passed in C:\xampp\htdocs\donungded.com\app\Controllers\Av_Home.php on line 426 and exactly 2 expected
#0 C:\xampp\htdocs\donungded.com\app\Controllers\Av_Home.php(426): App\Models\AV_Model->get_category(1)
#1 C:\xampp\htdocs\donungded.com\system\CodeIgniter.php(910): App\Controllers\Av_Home->video('876', 'ADN-021-%E0%B8%...')
#2 C:\xampp\htdocs\donungded.com\system\CodeIgniter.php(398): CodeIgniter\CodeIgniter->runController(Object(App\Controllers\Av_Home))
#3 C:\xampp\htdocs\donungded.com\system\CodeIgniter.php(306): CodeIgniter\CodeIgniter->handleRequest(NULL, Object(Config\Cache), false)
#4 C:\xampp\htdocs\donungded.com\index.php(45): CodeIgniter\CodeIgniter->run()
#5 {main}
CRITICAL - 2021-01-04 00:17:38 --> Undefined variable: urlvideo
#0 C:\xampp\htdocs\donungded.com\app\Views\AV\video.php(315): CodeIgniter\Debug\Exceptions->errorHandler(8, 'Undefined varia...', 'C:\\xampp\\htdocs...', 315, Array)
#1 C:\xampp\htdocs\donungded.com\system\View\View.php(236): include('C:\\xampp\\htdocs...')
#2 C:\xampp\htdocs\donungded.com\system\Common.php(1071): CodeIgniter\View\View->render('AV/video.php', Array, true)
#3 C:\xampp\htdocs\donungded.com\app\Controllers\Av_Home.php(452): view('AV/video.php', Array)
#4 C:\xampp\htdocs\donungded.com\system\CodeIgniter.php(910): App\Controllers\Av_Home->video('876', 'ADN-021-%E0%B8%...')
#5 C:\xampp\htdocs\donungded.com\system\CodeIgniter.php(398): CodeIgniter\CodeIgniter->runController(Object(App\Controllers\Av_Home))
#6 C:\xampp\htdocs\donungded.com\system\CodeIgniter.php(306): CodeIgniter\CodeIgniter->handleRequest(NULL, Object(Config\Cache), false)
#7 C:\xampp\htdocs\donungded.com\index.php(45): CodeIgniter\CodeIgniter->run()
#8 {main}
CRITICAL - 2021-01-04 00:20:19 --> Undefined variable: urlvideo
#0 C:\xampp\htdocs\donungded.com\app\Views\AV\video.php(313): CodeIgniter\Debug\Exceptions->errorHandler(8, 'Undefined varia...', 'C:\\xampp\\htdocs...', 313, Array)
#1 C:\xampp\htdocs\donungded.com\system\View\View.php(236): include('C:\\xampp\\htdocs...')
#2 C:\xampp\htdocs\donungded.com\system\Common.php(1071): CodeIgniter\View\View->render('AV/video.php', Array, true)
#3 C:\xampp\htdocs\donungded.com\app\Controllers\Av_Home.php(452): view('AV/video.php', Array)
#4 C:\xampp\htdocs\donungded.com\system\CodeIgniter.php(910): App\Controllers\Av_Home->video('876', 'ADN-021-%E0%B8%...')
#5 C:\xampp\htdocs\donungded.com\system\CodeIgniter.php(398): CodeIgniter\CodeIgniter->runController(Object(App\Controllers\Av_Home))
#6 C:\xampp\htdocs\donungded.com\system\CodeIgniter.php(306): CodeIgniter\CodeIgniter->handleRequest(NULL, Object(Config\Cache), false)
#7 C:\xampp\htdocs\donungded.com\index.php(45): CodeIgniter\CodeIgniter->run()
#8 {main}
CRITICAL - 2021-01-04 00:24:31 --> syntax error, unexpected 'if' (T_IF), expecting ';' or ','
#0 C:\xampp\htdocs\donungded.com\system\Common.php(1071): CodeIgniter\View\View->render('AV/video.php', Array, true)
#1 C:\xampp\htdocs\donungded.com\app\Controllers\Av_Home.php(452): view('AV/video.php', Array)
#2 C:\xampp\htdocs\donungded.com\system\CodeIgniter.php(910): App\Controllers\Av_Home->video('876', 'ADN-021-%E0%B8%...')
#3 C:\xampp\htdocs\donungded.com\system\CodeIgniter.php(398): CodeIgniter\CodeIgniter->runController(Object(App\Controllers\Av_Home))
#4 C:\xampp\htdocs\donungded.com\system\CodeIgniter.php(306): CodeIgniter\CodeIgniter->handleRequest(NULL, Object(Config\Cache), false)
#5 C:\xampp\htdocs\donungded.com\index.php(45): CodeIgniter\CodeIgniter->run()
#6 {main}
CRITICAL - 2021-01-04 00:26:25 --> Trying to access array offset on value of type null
#0 C:\xampp\htdocs\donungded.com\app\Controllers\Home.php(460): CodeIgniter\Debug\Exceptions->errorHandler(8, 'Trying to acces...', 'C:\\xampp\\htdocs...', 460, Array)
#1 C:\xampp\htdocs\donungded.com\system\CodeIgniter.php(910): App\Controllers\Home->player('876', 'movie_ensub1')
#2 C:\xampp\htdocs\donungded.com\system\CodeIgniter.php(398): CodeIgniter\CodeIgniter->runController(Object(App\Controllers\Home))
#3 C:\xampp\htdocs\donungded.com\system\CodeIgniter.php(306): CodeIgniter\CodeIgniter->handleRequest(NULL, Object(Config\Cache), false)
#4 C:\xampp\htdocs\donungded.com\index.php(45): CodeIgniter\CodeIgniter->run()
#5 {main}
CRITICAL - 2021-01-04 00:26:32 --> Trying to access array offset on value of type null
#0 C:\xampp\htdocs\donungded.com\app\Controllers\Home.php(460): CodeIgniter\Debug\Exceptions->errorHandler(8, 'Trying to acces...', 'C:\\xampp\\htdocs...', 460, Array)
#1 C:\xampp\htdocs\donungded.com\system\CodeIgniter.php(910): App\Controllers\Home->player('876', 'movie_ensub1')
#2 C:\xampp\htdocs\donungded.com\system\CodeIgniter.php(398): CodeIgniter\CodeIgniter->runController(Object(App\Controllers\Home))
#3 C:\xampp\htdocs\donungded.com\system\CodeIgniter.php(306): CodeIgniter\CodeIgniter->handleRequest(NULL, Object(Config\Cache), false)
#4 C:\xampp\htdocs\donungded.com\index.php(45): CodeIgniter\CodeIgniter->run()
#5 {main}
CRITICAL - 2021-01-04 00:29:43 --> Undefined variable: videodata
#0 C:\xampp\htdocs\donungded.com\app\Views\AV\video.php(87): CodeIgniter\Debug\Exceptions->errorHandler(8, 'Undefined varia...', 'C:\\xampp\\htdocs...', 87, Array)
#1 C:\xampp\htdocs\donungded.com\system\View\View.php(236): include('C:\\xampp\\htdocs...')
#2 C:\xampp\htdocs\donungded.com\system\Common.php(1071): CodeIgniter\View\View->render('AV/video.php', Array, true)
#3 C:\xampp\htdocs\donungded.com\app\Controllers\Av_Home.php(452): view('AV/video.php', Array)
#4 C:\xampp\htdocs\donungded.com\system\CodeIgniter.php(910): App\Controllers\Av_Home->video('876', 'ADN-021-%E0%B8%...')
#5 C:\xampp\htdocs\donungded.com\system\CodeIgniter.php(398): CodeIgniter\CodeIgniter->runController(Object(App\Controllers\Av_Home))
#6 C:\xampp\htdocs\donungded.com\system\CodeIgniter.php(306): CodeIgniter\CodeIgniter->handleRequest(NULL, Object(Config\Cache), false)
#7 C:\xampp\htdocs\donungded.com\index.php(45): CodeIgniter\CodeIgniter->run()
#8 {main}
CRITICAL - 2021-01-04 00:31:47 --> Undefined variable: videodata
#0 C:\xampp\htdocs\donungded.com\app\Views\AV\video.php(91): CodeIgniter\Debug\Exceptions->errorHandler(8, 'Undefined varia...', 'C:\\xampp\\htdocs...', 91, Array)
#1 C:\xampp\htdocs\donungded.com\system\View\View.php(236): include('C:\\xampp\\htdocs...')
#2 C:\xampp\htdocs\donungded.com\system\Common.php(1071): CodeIgniter\View\View->render('AV/video.php', Array, true)
#3 C:\xampp\htdocs\donungded.com\app\Controllers\Av_Home.php(452): view('AV/video.php', Array)
#4 C:\xampp\htdocs\donungded.com\system\CodeIgniter.php(910): App\Controllers\Av_Home->video('876', 'ADN-021-%E0%B8%...')
#5 C:\xampp\htdocs\donungded.com\system\CodeIgniter.php(398): CodeIgniter\CodeIgniter->runController(Object(App\Controllers\Av_Home))
#6 C:\xampp\htdocs\donungded.com\system\CodeIgniter.php(306): CodeIgniter\CodeIgniter->handleRequest(NULL, Object(Config\Cache), false)
#7 C:\xampp\htdocs\donungded.com\index.php(45): CodeIgniter\CodeIgniter->run()
#8 {main}
CRITICAL - 2021-01-04 00:32:34 --> Undefined variable: videodata
#0 C:\xampp\htdocs\donungded.com\app\Views\AV\video.php(91): CodeIgniter\Debug\Exceptions->errorHandler(8, 'Undefined varia...', 'C:\\xampp\\htdocs...', 91, Array)
#1 C:\xampp\htdocs\donungded.com\system\View\View.php(236): include('C:\\xampp\\htdocs...')
#2 C:\xampp\htdocs\donungded.com\system\Common.php(1071): CodeIgniter\View\View->render('AV/video.php', Array, true)
#3 C:\xampp\htdocs\donungded.com\app\Controllers\Av_Home.php(452): view('AV/video.php', Array)
#4 C:\xampp\htdocs\donungded.com\system\CodeIgniter.php(910): App\Controllers\Av_Home->video('876', 'ADN-021-%E0%B8%...')
#5 C:\xampp\htdocs\donungded.com\system\CodeIgniter.php(398): CodeIgniter\CodeIgniter->runController(Object(App\Controllers\Av_Home))
#6 C:\xampp\htdocs\donungded.com\system\CodeIgniter.php(306): CodeIgniter\CodeIgniter->handleRequest(NULL, Object(Config\Cache), false)
#7 C:\xampp\htdocs\donungded.com\index.php(45): CodeIgniter\CodeIgniter->run()
#8 {main}
CRITICAL - 2021-01-04 00:37:26 --> Undefined variable: videodata
#0 C:\xampp\htdocs\donungded.com\app\Views\AV\video.php(91): CodeIgniter\Debug\Exceptions->errorHandler(8, 'Undefined varia...', 'C:\\xampp\\htdocs...', 91, Array)
#1 C:\xampp\htdocs\donungded.com\system\View\View.php(236): include('C:\\xampp\\htdocs...')
#2 C:\xampp\htdocs\donungded.com\system\Common.php(1071): CodeIgniter\View\View->render('AV/video.php', Array, true)
#3 C:\xampp\htdocs\donungded.com\app\Controllers\Av_Home.php(452): view('AV/video.php', Array)
#4 C:\xampp\htdocs\donungded.com\system\CodeIgniter.php(910): App\Controllers\Av_Home->video('876', 'ADN-021-%E0%B8%...')
#5 C:\xampp\htdocs\donungded.com\system\CodeIgniter.php(398): CodeIgniter\CodeIgniter->runController(Object(App\Controllers\Av_Home))
#6 C:\xampp\htdocs\donungded.com\system\CodeIgniter.php(306): CodeIgniter\CodeIgniter->handleRequest(NULL, Object(Config\Cache), false)
#7 C:\xampp\htdocs\donungded.com\index.php(45): CodeIgniter\CodeIgniter->run()
#8 {main}
CRITICAL - 2021-01-04 00:37:53 --> Undefined variable: videodata
#0 C:\xampp\htdocs\donungded.com\app\Views\AV\video.php(91): CodeIgniter\Debug\Exceptions->errorHandler(8, 'Undefined varia...', 'C:\\xampp\\htdocs...', 91, Array)
#1 C:\xampp\htdocs\donungded.com\system\View\View.php(236): include('C:\\xampp\\htdocs...')
#2 C:\xampp\htdocs\donungded.com\system\Common.php(1071): CodeIgniter\View\View->render('AV/video.php', Array, true)
#3 C:\xampp\htdocs\donungded.com\app\Controllers\Av_Home.php(452): view('AV/video.php', Array)
#4 C:\xampp\htdocs\donungded.com\system\CodeIgniter.php(910): App\Controllers\Av_Home->video('876', 'ADN-021-%E0%B8%...')
#5 C:\xampp\htdocs\donungded.com\system\CodeIgniter.php(398): CodeIgniter\CodeIgniter->runController(Object(App\Controllers\Av_Home))
#6 C:\xampp\htdocs\donungded.com\system\CodeIgniter.php(306): CodeIgniter\CodeIgniter->handleRequest(NULL, Object(Config\Cache), false)
#7 C:\xampp\htdocs\donungded.com\index.php(45): CodeIgniter\CodeIgniter->run()
#8 {main}
CRITICAL - 2021-01-04 00:39:12 --> Undefined variable: urlvideo
#0 C:\xampp\htdocs\donungded.com\app\Views\AV\video.php(320): CodeIgniter\Debug\Exceptions->errorHandler(8, 'Undefined varia...', 'C:\\xampp\\htdocs...', 320, Array)
#1 C:\xampp\htdocs\donungded.com\system\View\View.php(236): include('C:\\xampp\\htdocs...')
#2 C:\xampp\htdocs\donungded.com\system\Common.php(1071): CodeIgniter\View\View->render('AV/video.php', Array, true)
#3 C:\xampp\htdocs\donungded.com\app\Controllers\Av_Home.php(452): view('AV/video.php', Array)
#4 C:\xampp\htdocs\donungded.com\system\CodeIgniter.php(910): App\Controllers\Av_Home->video('876', 'ADN-021-%E0%B8%...')
#5 C:\xampp\htdocs\donungded.com\system\CodeIgniter.php(398): CodeIgniter\CodeIgniter->runController(Object(App\Controllers\Av_Home))
#6 C:\xampp\htdocs\donungded.com\system\CodeIgniter.php(306): CodeIgniter\CodeIgniter->handleRequest(NULL, Object(Config\Cache), false)
#7 C:\xampp\htdocs\donungded.com\index.php(45): CodeIgniter\CodeIgniter->run()
#8 {main}
CRITICAL - 2021-01-04 00:40:04 --> Undefined variable: urlvideo
#0 C:\xampp\htdocs\donungded.com\app\Views\AV\video.php(319): CodeIgniter\Debug\Exceptions->errorHandler(8, 'Undefined varia...', 'C:\\xampp\\htdocs...', 319, Array)
#1 C:\xampp\htdocs\donungded.com\system\View\View.php(236): include('C:\\xampp\\htdocs...')
#2 C:\xampp\htdocs\donungded.com\system\Common.php(1071): CodeIgniter\View\View->render('AV/video.php', Array, true)
#3 C:\xampp\htdocs\donungded.com\app\Controllers\Av_Home.php(452): view('AV/video.php', Array)
#4 C:\xampp\htdocs\donungded.com\system\CodeIgniter.php(910): App\Controllers\Av_Home->video('876', 'ADN-021-%E0%B8%...')
#5 C:\xampp\htdocs\donungded.com\system\CodeIgniter.php(398): CodeIgniter\CodeIgniter->runController(Object(App\Controllers\Av_Home))
#6 C:\xampp\htdocs\donungded.com\system\CodeIgniter.php(306): CodeIgniter\CodeIgniter->handleRequest(NULL, Object(Config\Cache), false)
#7 C:\xampp\htdocs\donungded.com\index.php(45): CodeIgniter\CodeIgniter->run()
#8 {main}
CRITICAL - 2021-01-04 00:40:44 --> Undefined variable: urlvideo
#0 C:\xampp\htdocs\donungded.com\app\Views\AV\video.php(319): CodeIgniter\Debug\Exceptions->errorHandler(8, 'Undefined varia...', 'C:\\xampp\\htdocs...', 319, Array)
#1 C:\xampp\htdocs\donungded.com\system\View\View.php(236): include('C:\\xampp\\htdocs...')
#2 C:\xampp\htdocs\donungded.com\system\Common.php(1071): CodeIgniter\View\View->render('AV/video.php', Array, true)
#3 C:\xampp\htdocs\donungded.com\app\Controllers\Av_Home.php(452): view('AV/video.php', Array)
#4 C:\xampp\htdocs\donungded.com\system\CodeIgniter.php(910): App\Controllers\Av_Home->video('876', 'ADN-021-%E0%B8%...')
#5 C:\xampp\htdocs\donungded.com\system\CodeIgniter.php(398): CodeIgniter\CodeIgniter->runController(Object(App\Controllers\Av_Home))
#6 C:\xampp\htdocs\donungded.com\system\CodeIgniter.php(306): CodeIgniter\CodeIgniter->handleRequest(NULL, Object(Config\Cache), false)
#7 C:\xampp\htdocs\donungded.com\index.php(45): CodeIgniter\CodeIgniter->run()
#8 {main}
CRITICAL - 2021-01-04 00:43:37 --> Too few arguments to function App\Models\AV_Model::get_category(), 1 passed in C:\xampp\htdocs\donungded.com\app\Controllers\Av_Home.php on line 151 and exactly 2 expected
#0 C:\xampp\htdocs\donungded.com\app\Controllers\Av_Home.php(151): App\Models\AV_Model->get_category(1)
#1 C:\xampp\htdocs\donungded.com\system\CodeIgniter.php(910): App\Controllers\Av_Home->video_bycate('6', '%E0%B8%8A%E0%B8...')
#2 C:\xampp\htdocs\donungded.com\system\CodeIgniter.php(398): CodeIgniter\CodeIgniter->runController(Object(App\Controllers\Av_Home))
#3 C:\xampp\htdocs\donungded.com\system\CodeIgniter.php(306): CodeIgniter\CodeIgniter->handleRequest(NULL, Object(Config\Cache), false)
#4 C:\xampp\htdocs\donungded.com\index.php(45): CodeIgniter\CodeIgniter->run()
#5 {main}
CRITICAL - 2021-01-04 00:44:12 --> Too few arguments to function App\Models\AV_Model::get_category(), 1 passed in C:\xampp\htdocs\donungded.com\app\Controllers\Av_Home.php on line 158 and exactly 2 expected
#0 C:\xampp\htdocs\donungded.com\app\Controllers\Av_Home.php(158): App\Models\AV_Model->get_category(1)
#1 C:\xampp\htdocs\donungded.com\system\CodeIgniter.php(910): App\Controllers\Av_Home->video_bycate('6', '%E0%B8%8A%E0%B8...')
#2 C:\xampp\htdocs\donungded.com\system\CodeIgniter.php(398): CodeIgniter\CodeIgniter->runController(Object(App\Controllers\Av_Home))
#3 C:\xampp\htdocs\donungded.com\system\CodeIgniter.php(306): CodeIgniter\CodeIgniter->handleRequest(NULL, Object(Config\Cache), false)
#4 C:\xampp\htdocs\donungded.com\index.php(45): CodeIgniter\CodeIgniter->run()
#5 {main}
CRITICAL - 2021-01-04 00:50:12 --> Unknown column 'mo_moviecate.category_id' in 'where clause'
#0 C:\xampp\htdocs\donungded.com\system\Database\MySQLi\Connection.php(330): mysqli->query('SELECT\r\n       ...')
#1 C:\xampp\htdocs\donungded.com\system\Database\BaseConnection.php(738): CodeIgniter\Database\MySQLi\Connection->execute('SELECT\r\n       ...')
#2 C:\xampp\htdocs\donungded.com\system\Database\BaseConnection.php(666): CodeIgniter\Database\BaseConnection->simpleQuery('SELECT\r\n       ...')
#3 C:\xampp\htdocs\donungded.com\app\Models\AV_Model.php(325): CodeIgniter\Database\BaseConnection->query('SELECT\r\n       ...')
#4 C:\xampp\htdocs\donungded.com\app\Controllers\Av_Home.php(136): App\Models\AV_Model->get_id_video_bycategory('6', 1, 1)
#5 C:\xampp\htdocs\donungded.com\system\CodeIgniter.php(910): App\Controllers\Av_Home->video_bycate('6', '%E0%B8%8A%E0%B8...')
#6 C:\xampp\htdocs\donungded.com\system\CodeIgniter.php(398): CodeIgniter\CodeIgniter->runController(Object(App\Controllers\Av_Home))
#7 C:\xampp\htdocs\donungded.com\system\CodeIgniter.php(306): CodeIgniter\CodeIgniter->handleRequest(NULL, Object(Config\Cache), false)
#8 C:\xampp\htdocs\donungded.com\index.php(45): CodeIgniter\CodeIgniter->run()
#9 {main}
CRITICAL - 2021-01-04 00:51:04 --> Trying to access array offset on value of type null
#0 C:\xampp\htdocs\donungded.com\app\Controllers\Home.php(381): CodeIgniter\Debug\Exceptions->errorHandler(8, 'Trying to acces...', 'C:\\xampp\\htdocs...', 381, Array)
#1 C:\xampp\htdocs\donungded.com\system\CodeIgniter.php(910): App\Controllers\Home->video('12', 'URE-044-%E0%B8%...')
#2 C:\xampp\htdocs\donungded.com\system\CodeIgniter.php(398): CodeIgniter\CodeIgniter->runController(Object(App\Controllers\Home))
#3 C:\xampp\htdocs\donungded.com\system\CodeIgniter.php(306): CodeIgniter\CodeIgniter->handleRequest(NULL, Object(Config\Cache), false)
#4 C:\xampp\htdocs\donungded.com\index.php(45): CodeIgniter\CodeIgniter->run()
#5 {main}
CRITICAL - 2021-01-04 01:33:05 --> You must set the database table to be used with your query.
#0 C:\xampp\htdocs\donungded.com\system\Model.php(1190): CodeIgniter\Database\BaseConnection->table(NULL)
#1 C:\xampp\htdocs\donungded.com\system\Model.php(1700): CodeIgniter\Model->builder()
#2 C:\xampp\htdocs\donungded.com\app\Controllers\Av_Home.php(53): CodeIgniter\Model->__call('get_list_video_...', Array)
#3 C:\xampp\htdocs\donungded.com\system\CodeIgniter.php(910): App\Controllers\Av_Home->index()
#4 C:\xampp\htdocs\donungded.com\system\CodeIgniter.php(398): CodeIgniter\CodeIgniter->runController(Object(App\Controllers\Av_Home))
#5 C:\xampp\htdocs\donungded.com\system\CodeIgniter.php(306): CodeIgniter\CodeIgniter->handleRequest(NULL, Object(Config\Cache), false)
#6 C:\xampp\htdocs\donungded.com\index.php(45): CodeIgniter\CodeIgniter->run()
#7 {main}
CRITICAL - 2021-01-04 01:33:10 --> You must set the database table to be used with your query.
#0 C:\xampp\htdocs\donungded.com\system\Model.php(1190): CodeIgniter\Database\BaseConnection->table(NULL)
#1 C:\xampp\htdocs\donungded.com\system\Model.php(1700): CodeIgniter\Model->builder()
#2 C:\xampp\htdocs\donungded.com\app\Controllers\Av_Home.php(53): CodeIgniter\Model->__call('get_list_video_...', Array)
#3 C:\xampp\htdocs\donungded.com\system\CodeIgniter.php(910): App\Controllers\Av_Home->index()
#4 C:\xampp\htdocs\donungded.com\system\CodeIgniter.php(398): CodeIgniter\CodeIgniter->runController(Object(App\Controllers\Av_Home))
#5 C:\xampp\htdocs\donungded.com\system\CodeIgniter.php(306): CodeIgniter\CodeIgniter->handleRequest(NULL, Object(Config\Cache), false)
#6 C:\xampp\htdocs\donungded.com\index.php(45): CodeIgniter\CodeIgniter->run()
#7 {main}
CRITICAL - 2021-01-04 01:33:21 --> You must set the database table to be used with your query.
#0 C:\xampp\htdocs\donungded.com\system\Model.php(1190): CodeIgniter\Database\BaseConnection->table(NULL)
#1 C:\xampp\htdocs\donungded.com\system\Model.php(1700): CodeIgniter\Model->builder()
#2 C:\xampp\htdocs\donungded.com\app\Controllers\Av_Home.php(53): CodeIgniter\Model->__call('get_list_video_...', Array)
#3 C:\xampp\htdocs\donungded.com\system\CodeIgniter.php(910): App\Controllers\Av_Home->index()
#4 C:\xampp\htdocs\donungded.com\system\CodeIgniter.php(398): CodeIgniter\CodeIgniter->runController(Object(App\Controllers\Av_Home))
#5 C:\xampp\htdocs\donungded.com\system\CodeIgniter.php(306): CodeIgniter\CodeIgniter->handleRequest(NULL, Object(Config\Cache), false)
#6 C:\xampp\htdocs\donungded.com\index.php(45): CodeIgniter\CodeIgniter->run()
#7 {main}
CRITICAL - 2021-01-04 01:34:26 --> You must set the database table to be used with your query.
#0 C:\xampp\htdocs\donungded.com\system\Model.php(1190): CodeIgniter\Database\BaseConnection->table(NULL)
#1 C:\xampp\htdocs\donungded.com\system\Model.php(1700): CodeIgniter\Model->builder()
#2 C:\xampp\htdocs\donungded.com\app\Controllers\Av_Home.php(53): CodeIgniter\Model->__call('get_list_video_...', Array)
#3 C:\xampp\htdocs\donungded.com\system\CodeIgniter.php(910): App\Controllers\Av_Home->index()
#4 C:\xampp\htdocs\donungded.com\system\CodeIgniter.php(398): CodeIgniter\CodeIgniter->runController(Object(App\Controllers\Av_Home))
#5 C:\xampp\htdocs\donungded.com\system\CodeIgniter.php(306): CodeIgniter\CodeIgniter->handleRequest(NULL, Object(Config\Cache), false)
#6 C:\xampp\htdocs\donungded.com\index.php(45): CodeIgniter\CodeIgniter->run()
#7 {main}
CRITICAL - 2021-01-04 01:34:34 --> You must set the database table to be used with your query.
#0 C:\xampp\htdocs\donungded.com\system\Model.php(1190): CodeIgniter\Database\BaseConnection->table(NULL)
#1 C:\xampp\htdocs\donungded.com\system\Model.php(1700): CodeIgniter\Model->builder()
#2 C:\xampp\htdocs\donungded.com\app\Controllers\Av_Home.php(53): CodeIgniter\Model->__call('get_list_video_...', Array)
#3 C:\xampp\htdocs\donungded.com\system\CodeIgniter.php(910): App\Controllers\Av_Home->index()
#4 C:\xampp\htdocs\donungded.com\system\CodeIgniter.php(398): CodeIgniter\CodeIgniter->runController(Object(App\Controllers\Av_Home))
#5 C:\xampp\htdocs\donungded.com\system\CodeIgniter.php(306): CodeIgniter\CodeIgniter->handleRequest(NULL, Object(Config\Cache), false)
#6 C:\xampp\htdocs\donungded.com\index.php(45): CodeIgniter\CodeIgniter->run()
#7 {main}
CRITICAL - 2021-01-04 01:34:40 --> You must set the database table to be used with your query.
#0 C:\xampp\htdocs\donungded.com\system\Model.php(1190): CodeIgniter\Database\BaseConnection->table(NULL)
#1 C:\xampp\htdocs\donungded.com\system\Model.php(1700): CodeIgniter\Model->builder()
#2 C:\xampp\htdocs\donungded.com\app\Controllers\Av_Home.php(53): CodeIgniter\Model->__call('get_list_video_...', Array)
#3 C:\xampp\htdocs\donungded.com\system\CodeIgniter.php(910): App\Controllers\Av_Home->index()
#4 C:\xampp\htdocs\donungded.com\system\CodeIgniter.php(398): CodeIgniter\CodeIgniter->runController(Object(App\Controllers\Av_Home))
#5 C:\xampp\htdocs\donungded.com\system\CodeIgniter.php(306): CodeIgniter\CodeIgniter->handleRequest(NULL, Object(Config\Cache), false)
#6 C:\xampp\htdocs\donungded.com\index.php(45): CodeIgniter\CodeIgniter->run()
#7 {main}
CRITICAL - 2021-01-04 01:34:59 --> You must set the database table to be used with your query.
#0 C:\xampp\htdocs\donungded.com\system\Model.php(1190): CodeIgniter\Database\BaseConnection->table(NULL)
#1 C:\xampp\htdocs\donungded.com\system\Model.php(1700): CodeIgniter\Model->builder()
#2 C:\xampp\htdocs\donungded.com\app\Controllers\Av_Home.php(53): CodeIgniter\Model->__call('get_list_video_...', Array)
#3 C:\xampp\htdocs\donungded.com\system\CodeIgniter.php(910): App\Controllers\Av_Home->index()
#4 C:\xampp\htdocs\donungded.com\system\CodeIgniter.php(398): CodeIgniter\CodeIgniter->runController(Object(App\Controllers\Av_Home))
#5 C:\xampp\htdocs\donungded.com\system\CodeIgniter.php(306): CodeIgniter\CodeIgniter->handleRequest(NULL, Object(Config\Cache), false)
#6 C:\xampp\htdocs\donungded.com\index.php(45): CodeIgniter\CodeIgniter->run()
#7 {main}
CRITICAL - 2021-01-04 01:37:09 --> You must set the database table to be used with your query.
#0 C:\xampp\htdocs\donungded.com\system\Model.php(1190): CodeIgniter\Database\BaseConnection->table(NULL)
#1 C:\xampp\htdocs\donungded.com\system\Model.php(1700): CodeIgniter\Model->builder()
#2 C:\xampp\htdocs\donungded.com\app\Controllers\Av_Home.php(53): CodeIgniter\Model->__call('get_list_video_...', Array)
#3 C:\xampp\htdocs\donungded.com\system\CodeIgniter.php(910): App\Controllers\Av_Home->index()
#4 C:\xampp\htdocs\donungded.com\system\CodeIgniter.php(398): CodeIgniter\CodeIgniter->runController(Object(App\Controllers\Av_Home))
#5 C:\xampp\htdocs\donungded.com\system\CodeIgniter.php(306): CodeIgniter\CodeIgniter->handleRequest(NULL, Object(Config\Cache), false)
#6 C:\xampp\htdocs\donungded.com\index.php(45): CodeIgniter\CodeIgniter->run()
#7 {main}
CRITICAL - 2021-01-04 01:37:20 --> You must set the database table to be used with your query.
#0 C:\xampp\htdocs\donungded.com\system\Model.php(1190): CodeIgniter\Database\BaseConnection->table(NULL)
#1 C:\xampp\htdocs\donungded.com\system\Model.php(1700): CodeIgniter\Model->builder()
#2 C:\xampp\htdocs\donungded.com\app\Controllers\Av_Home.php(53): CodeIgniter\Model->__call('get_list_video_...', Array)
#3 C:\xampp\htdocs\donungded.com\system\CodeIgniter.php(910): App\Controllers\Av_Home->index()
#4 C:\xampp\htdocs\donungded.com\system\CodeIgniter.php(398): CodeIgniter\CodeIgniter->runController(Object(App\Controllers\Av_Home))
#5 C:\xampp\htdocs\donungded.com\system\CodeIgniter.php(306): CodeIgniter\CodeIgniter->handleRequest(NULL, Object(Config\Cache), false)
#6 C:\xampp\htdocs\donungded.com\index.php(45): CodeIgniter\CodeIgniter->run()
#7 {main}
CRITICAL - 2021-01-04 01:37:27 --> You must set the database table to be used with your query.
#0 C:\xampp\htdocs\donungded.com\system\Model.php(1190): CodeIgniter\Database\BaseConnection->table(NULL)
#1 C:\xampp\htdocs\donungded.com\system\Model.php(1700): CodeIgniter\Model->builder()
#2 C:\xampp\htdocs\donungded.com\app\Controllers\Av_Home.php(54): CodeIgniter\Model->__call('get_list_video_...', Array)
#3 C:\xampp\htdocs\donungded.com\system\CodeIgniter.php(910): App\Controllers\Av_Home->index()
#4 C:\xampp\htdocs\donungded.com\system\CodeIgniter.php(398): CodeIgniter\CodeIgniter->runController(Object(App\Controllers\Av_Home))
#5 C:\xampp\htdocs\donungded.com\system\CodeIgniter.php(306): CodeIgniter\CodeIgniter->handleRequest(NULL, Object(Config\Cache), false)
#6 C:\xampp\htdocs\donungded.com\index.php(45): CodeIgniter\CodeIgniter->run()
#7 {main}
CRITICAL - 2021-01-04 01:38:38 --> You must set the database table to be used with your query.
#0 C:\xampp\htdocs\donungded.com\system\Model.php(1190): CodeIgniter\Database\BaseConnection->table(NULL)
#1 C:\xampp\htdocs\donungded.com\system\Model.php(1700): CodeIgniter\Model->builder()
#2 C:\xampp\htdocs\donungded.com\app\Controllers\Av_Home.php(54): CodeIgniter\Model->__call('get_list_video_...', Array)
#3 C:\xampp\htdocs\donungded.com\system\CodeIgniter.php(910): App\Controllers\Av_Home->index()
#4 C:\xampp\htdocs\donungded.com\system\CodeIgniter.php(398): CodeIgniter\CodeIgniter->runController(Object(App\Controllers\Av_Home))
#5 C:\xampp\htdocs\donungded.com\system\CodeIgniter.php(306): CodeIgniter\CodeIgniter->handleRequest(NULL, Object(Config\Cache), false)
#6 C:\xampp\htdocs\donungded.com\index.php(45): CodeIgniter\CodeIgniter->run()
#7 {main}
CRITICAL - 2021-01-04 01:38:56 --> You must set the database table to be used with your query.
#0 C:\xampp\htdocs\donungded.com\system\Model.php(1190): CodeIgniter\Database\BaseConnection->table(NULL)
#1 C:\xampp\htdocs\donungded.com\system\Model.php(1700): CodeIgniter\Model->builder()
#2 C:\xampp\htdocs\donungded.com\app\Controllers\Av_Home.php(54): CodeIgniter\Model->__call('get_list_video_...', Array)
#3 C:\xampp\htdocs\donungded.com\system\CodeIgniter.php(910): App\Controllers\Av_Home->index()
#4 C:\xampp\htdocs\donungded.com\system\CodeIgniter.php(398): CodeIgniter\CodeIgniter->runController(Object(App\Controllers\Av_Home))
#5 C:\xampp\htdocs\donungded.com\system\CodeIgniter.php(306): CodeIgniter\CodeIgniter->handleRequest(NULL, Object(Config\Cache), false)
#6 C:\xampp\htdocs\donungded.com\index.php(45): CodeIgniter\CodeIgniter->run()
#7 {main}
CRITICAL - 2021-01-04 01:39:20 --> syntax error, unexpected 'die' (T_EXIT), expecting function (T_FUNCTION) or const (T_CONST)
#0 C:\xampp\htdocs\donungded.com\system\Autoloader\Autoloader.php(296): CodeIgniter\Autoloader\Autoloader->requireFile('C:\\xampp\\htdocs...')
#1 C:\xampp\htdocs\donungded.com\system\Autoloader\Autoloader.php(258): CodeIgniter\Autoloader\Autoloader->loadInNamespace('App\\Controllers...')
#2 [internal function]: CodeIgniter\Autoloader\Autoloader->loadClass('App\\Controllers...')
#3 [internal function]: spl_autoload_call('App\\Controllers...')
#4 C:\xampp\htdocs\donungded.com\system\CodeIgniter.php(861): class_exists('\\App\\Controller...', true)
#5 C:\xampp\htdocs\donungded.com\system\CodeIgniter.php(388): CodeIgniter\CodeIgniter->startController()
#6 C:\xampp\htdocs\donungded.com\system\CodeIgniter.php(306): CodeIgniter\CodeIgniter->handleRequest(NULL, Object(Config\Cache), false)
#7 C:\xampp\htdocs\donungded.com\index.php(45): CodeIgniter\CodeIgniter->run()
#8 {main}
CRITICAL - 2021-01-04 01:39:34 --> You must set the database table to be used with your query.
#0 C:\xampp\htdocs\donungded.com\system\Model.php(1190): CodeIgniter\Database\BaseConnection->table(NULL)
#1 C:\xampp\htdocs\donungded.com\system\Model.php(1700): CodeIgniter\Model->builder()
#2 C:\xampp\htdocs\donungded.com\app\Controllers\Av_Home.php(55): CodeIgniter\Model->__call('get_list_video_...', Array)
#3 C:\xampp\htdocs\donungded.com\system\CodeIgniter.php(910): App\Controllers\Av_Home->index()
#4 C:\xampp\htdocs\donungded.com\system\CodeIgniter.php(398): CodeIgniter\CodeIgniter->runController(Object(App\Controllers\Av_Home))
#5 C:\xampp\htdocs\donungded.com\system\CodeIgniter.php(306): CodeIgniter\CodeIgniter->handleRequest(NULL, Object(Config\Cache), false)
#6 C:\xampp\htdocs\donungded.com\index.php(45): CodeIgniter\CodeIgniter->run()
#7 {main}
CRITICAL - 2021-01-04 01:39:55 --> You must set the database table to be used with your query.
#0 C:\xampp\htdocs\donungded.com\system\Model.php(1190): CodeIgniter\Database\BaseConnection->table(NULL)
#1 C:\xampp\htdocs\donungded.com\system\Model.php(1700): CodeIgniter\Model->builder()
#2 C:\xampp\htdocs\donungded.com\app\Controllers\Av_Home.php(55): CodeIgniter\Model->__call('get_list_video_...', Array)
#3 C:\xampp\htdocs\donungded.com\system\CodeIgniter.php(910): App\Controllers\Av_Home->index()
#4 C:\xampp\htdocs\donungded.com\system\CodeIgniter.php(398): CodeIgniter\CodeIgniter->runController(Object(App\Controllers\Av_Home))
#5 C:\xampp\htdocs\donungded.com\system\CodeIgniter.php(306): CodeIgniter\CodeIgniter->handleRequest(NULL, Object(Config\Cache), false)
#6 C:\xampp\htdocs\donungded.com\index.php(45): CodeIgniter\CodeIgniter->run()
#7 {main}
CRITICAL - 2021-01-04 01:51:21 --> Trying to access array offset on value of type null
#0 C:\xampp\htdocs\donungded.com\app\Controllers\Home.php(381): CodeIgniter\Debug\Exceptions->errorHandler(8, 'Trying to acces...', 'C:\\xampp\\htdocs...', 381, Array)
#1 C:\xampp\htdocs\donungded.com\system\CodeIgniter.php(910): App\Controllers\Home->video('19', 'SDMS-948-%E0%B8...')
#2 C:\xampp\htdocs\donungded.com\system\CodeIgniter.php(398): CodeIgniter\CodeIgniter->runController(Object(App\Controllers\Home))
#3 C:\xampp\htdocs\donungded.com\system\CodeIgniter.php(306): CodeIgniter\CodeIgniter->handleRequest(NULL, Object(Config\Cache), false)
#4 C:\xampp\htdocs\donungded.com\index.php(45): CodeIgniter\CodeIgniter->run()
#5 {main}
CRITICAL - 2021-01-04 01:51:28 --> Trying to access array offset on value of type null
#0 C:\xampp\htdocs\donungded.com\app\Controllers\Home.php(381): CodeIgniter\Debug\Exceptions->errorHandler(8, 'Trying to acces...', 'C:\\xampp\\htdocs...', 381, Array)
#1 C:\xampp\htdocs\donungded.com\system\CodeIgniter.php(910): App\Controllers\Home->video('19', 'SDMS-948-%E0%B8...')
#2 C:\xampp\htdocs\donungded.com\system\CodeIgniter.php(398): CodeIgniter\CodeIgniter->runController(Object(App\Controllers\Home))
#3 C:\xampp\htdocs\donungded.com\system\CodeIgniter.php(306): CodeIgniter\CodeIgniter->handleRequest(NULL, Object(Config\Cache), false)
#4 C:\xampp\htdocs\donungded.com\index.php(45): CodeIgniter\CodeIgniter->run()
#5 {main}
CRITICAL - 2021-01-04 01:53:10 --> Too few arguments to function App\Models\AV_Model::get_category(), 1 passed in C:\xampp\htdocs\donungded.com\app\Controllers\Av_Home.php on line 506 and exactly 2 expected
#0 C:\xampp\htdocs\donungded.com\app\Controllers\Av_Home.php(506): App\Models\AV_Model->get_category(1)
#1 C:\xampp\htdocs\donungded.com\system\CodeIgniter.php(910): App\Controllers\Av_Home->video_search('a')
#2 C:\xampp\htdocs\donungded.com\system\CodeIgniter.php(398): CodeIgniter\CodeIgniter->runController(Object(App\Controllers\Av_Home))
#3 C:\xampp\htdocs\donungded.com\system\CodeIgniter.php(306): CodeIgniter\CodeIgniter->handleRequest(NULL, Object(Config\Cache), false)
#4 C:\xampp\htdocs\donungded.com\index.php(45): CodeIgniter\CodeIgniter->run()
#5 {main}
CRITICAL - 2021-01-04 04:22:50 --> Undefined variable: videodata
#0 C:\xampp\htdocs\donungded.com\app\Views\clips\video.php(70): CodeIgniter\Debug\Exceptions->errorHandler(8, 'Undefined varia...', 'C:\\xampp\\htdocs...', 70, Array)
#1 C:\xampp\htdocs\donungded.com\system\View\View.php(236): include('C:\\xampp\\htdocs...')
#2 C:\xampp\htdocs\donungded.com\system\Common.php(1071): CodeIgniter\View\View->render('clips/video.php', Array, true)
#3 C:\xampp\htdocs\donungded.com\app\Controllers\Clips_Home.php(454): view('clips/video.php', Array)
#4 C:\xampp\htdocs\donungded.com\system\CodeIgniter.php(910): App\Controllers\Clips_Home->video('1073742574', 'Thai-Girl-Loves...')
#5 C:\xampp\htdocs\donungded.com\system\CodeIgniter.php(398): CodeIgniter\CodeIgniter->runController(Object(App\Controllers\Clips_Home))
#6 C:\xampp\htdocs\donungded.com\system\CodeIgniter.php(306): CodeIgniter\CodeIgniter->handleRequest(NULL, Object(Config\Cache), false)
#7 C:\xampp\htdocs\donungded.com\index.php(45): CodeIgniter\CodeIgniter->run()
#8 {main}
CRITICAL - 2021-01-04 04:23:31 --> Undefined variable: videodata
#0 C:\xampp\htdocs\donungded.com\app\Views\clips\video.php(71): CodeIgniter\Debug\Exceptions->errorHandler(8, 'Undefined varia...', 'C:\\xampp\\htdocs...', 71, Array)
#1 C:\xampp\htdocs\donungded.com\system\View\View.php(236): include('C:\\xampp\\htdocs...')
#2 C:\xampp\htdocs\donungded.com\system\Common.php(1071): CodeIgniter\View\View->render('clips/video.php', Array, true)
#3 C:\xampp\htdocs\donungded.com\app\Controllers\Clips_Home.php(454): view('clips/video.php', Array)
#4 C:\xampp\htdocs\donungded.com\system\CodeIgniter.php(910): App\Controllers\Clips_Home->video('1073742574', 'Thai-Girl-Loves...')
#5 C:\xampp\htdocs\donungded.com\system\CodeIgniter.php(398): CodeIgniter\CodeIgniter->runController(Object(App\Controllers\Clips_Home))
#6 C:\xampp\htdocs\donungded.com\system\CodeIgniter.php(306): CodeIgniter\CodeIgniter->handleRequest(NULL, Object(Config\Cache), false)
#7 C:\xampp\htdocs\donungded.com\index.php(45): CodeIgniter\CodeIgniter->run()
#8 {main}
CRITICAL - 2021-01-04 04:23:42 --> Undefined variable: videodata
#0 C:\xampp\htdocs\donungded.com\app\Views\clips\video.php(71): CodeIgniter\Debug\Exceptions->errorHandler(8, 'Undefined varia...', 'C:\\xampp\\htdocs...', 71, Array)
#1 C:\xampp\htdocs\donungded.com\system\View\View.php(236): include('C:\\xampp\\htdocs...')
#2 C:\xampp\htdocs\donungded.com\system\Common.php(1071): CodeIgniter\View\View->render('clips/video.php', Array, true)
#3 C:\xampp\htdocs\donungded.com\app\Controllers\Clips_Home.php(454): view('clips/video.php', Array)
#4 C:\xampp\htdocs\donungded.com\system\CodeIgniter.php(910): App\Controllers\Clips_Home->video('1073742574', 'Thai-Girl-Loves...')
#5 C:\xampp\htdocs\donungded.com\system\CodeIgniter.php(398): CodeIgniter\CodeIgniter->runController(Object(App\Controllers\Clips_Home))
#6 C:\xampp\htdocs\donungded.com\system\CodeIgniter.php(306): CodeIgniter\CodeIgniter->handleRequest(NULL, Object(Config\Cache), false)
#7 C:\xampp\htdocs\donungded.com\index.php(45): CodeIgniter\CodeIgniter->run()
#8 {main}
CRITICAL - 2021-01-04 04:24:05 --> Undefined variable: videodata
#0 C:\xampp\htdocs\donungded.com\app\Views\clips\video.php(71): CodeIgniter\Debug\Exceptions->errorHandler(8, 'Undefined varia...', 'C:\\xampp\\htdocs...', 71, Array)
#1 C:\xampp\htdocs\donungded.com\system\View\View.php(236): include('C:\\xampp\\htdocs...')
#2 C:\xampp\htdocs\donungded.com\system\Common.php(1071): CodeIgniter\View\View->render('clips/video.php', Array, true)
#3 C:\xampp\htdocs\donungded.com\app\Controllers\Clips_Home.php(454): view('clips/video.php', Array)
#4 C:\xampp\htdocs\donungded.com\system\CodeIgniter.php(910): App\Controllers\Clips_Home->video('1073742574', 'Thai-Girl-Loves...')
#5 C:\xampp\htdocs\donungded.com\system\CodeIgniter.php(398): CodeIgniter\CodeIgniter->runController(Object(App\Controllers\Clips_Home))
#6 C:\xampp\htdocs\donungded.com\system\CodeIgniter.php(306): CodeIgniter\CodeIgniter->handleRequest(NULL, Object(Config\Cache), false)
#7 C:\xampp\htdocs\donungded.com\index.php(45): CodeIgniter\CodeIgniter->run()
#8 {main}
CRITICAL - 2021-01-04 23:31:27 --> Undefined offset: 0
#0 C:\xampp\htdocs\donungded.com\app\Models\An_Model.php(432): CodeIgniter\Debug\Exceptions->errorHandler(8, 'Undefined offse...', 'C:\\xampp\\htdocs...', 432, Array)
#1 C:\xampp\htdocs\donungded.com\app\Controllers\An_Home.php(59): App\Models\An_Model->get_list_video_bycate(1, 6)
#2 C:\xampp\htdocs\donungded.com\system\CodeIgniter.php(910): App\Controllers\An_Home->index()
#3 C:\xampp\htdocs\donungded.com\system\CodeIgniter.php(398): CodeIgniter\CodeIgniter->runController(Object(App\Controllers\An_Home))
#4 C:\xampp\htdocs\donungded.com\system\CodeIgniter.php(306): CodeIgniter\CodeIgniter->handleRequest(NULL, Object(Config\Cache), false)
#5 C:\xampp\htdocs\donungded.com\index.php(45): CodeIgniter\CodeIgniter->run()
#6 {main}
CRITICAL - 2021-01-04 23:45:56 --> Undefined offset: 0
#0 C:\xampp\htdocs\donungded.com\app\Models\An_Model.php(433): CodeIgniter\Debug\Exceptions->errorHandler(8, 'Undefined offse...', 'C:\\xampp\\htdocs...', 433, Array)
#1 C:\xampp\htdocs\donungded.com\app\Controllers\An_Home.php(59): App\Models\An_Model->get_list_video_bycate(1, 6)
#2 C:\xampp\htdocs\donungded.com\system\CodeIgniter.php(910): App\Controllers\An_Home->index()
#3 C:\xampp\htdocs\donungded.com\system\CodeIgniter.php(398): CodeIgniter\CodeIgniter->runController(Object(App\Controllers\An_Home))
#4 C:\xampp\htdocs\donungded.com\system\CodeIgniter.php(306): CodeIgniter\CodeIgniter->handleRequest(NULL, Object(Config\Cache), false)
#5 C:\xampp\htdocs\donungded.com\index.php(45): CodeIgniter\CodeIgniter->run()
#6 {main}
CRITICAL - 2021-01-04 23:46:05 --> Undefined offset: 0
#0 C:\xampp\htdocs\donungded.com\app\Models\An_Model.php(434): CodeIgniter\Debug\Exceptions->errorHandler(8, 'Undefined offse...', 'C:\\xampp\\htdocs...', 434, Array)
#1 C:\xampp\htdocs\donungded.com\app\Controllers\An_Home.php(59): App\Models\An_Model->get_list_video_bycate(1, 6)
#2 C:\xampp\htdocs\donungded.com\system\CodeIgniter.php(910): App\Controllers\An_Home->index()
#3 C:\xampp\htdocs\donungded.com\system\CodeIgniter.php(398): CodeIgniter\CodeIgniter->runController(Object(App\Controllers\An_Home))
#4 C:\xampp\htdocs\donungded.com\system\CodeIgniter.php(306): CodeIgniter\CodeIgniter->handleRequest(NULL, Object(Config\Cache), false)
#5 C:\xampp\htdocs\donungded.com\index.php(45): CodeIgniter\CodeIgniter->run()
#6 {main}
CRITICAL - 2021-01-04 23:46:09 --> Undefined offset: 0
#0 C:\xampp\htdocs\donungded.com\app\Models\An_Model.php(434): CodeIgniter\Debug\Exceptions->errorHandler(8, 'Undefined offse...', 'C:\\xampp\\htdocs...', 434, Array)
#1 C:\xampp\htdocs\donungded.com\app\Controllers\An_Home.php(59): App\Models\An_Model->get_list_video_bycate(1, 6)
#2 C:\xampp\htdocs\donungded.com\system\CodeIgniter.php(910): App\Controllers\An_Home->index()
#3 C:\xampp\htdocs\donungded.com\system\CodeIgniter.php(398): CodeIgniter\CodeIgniter->runController(Object(App\Controllers\An_Home))
#4 C:\xampp\htdocs\donungded.com\system\CodeIgniter.php(306): CodeIgniter\CodeIgniter->handleRequest(NULL, Object(Config\Cache), false)
#5 C:\xampp\htdocs\donungded.com\index.php(45): CodeIgniter\CodeIgniter->run()
#6 {main}
CRITICAL - 2021-01-04 23:46:13 --> Undefined index: category_name
#0 C:\xampp\htdocs\donungded.com\app\Views\templates\body.php(150): CodeIgniter\Debug\Exceptions->errorHandler(8, 'Undefined index...', 'C:\\xampp\\htdocs...', 150, Array)
#1 C:\xampp\htdocs\donungded.com\system\View\View.php(236): include('C:\\xampp\\htdocs...')
#2 C:\xampp\htdocs\donungded.com\system\Common.php(1071): CodeIgniter\View\View->render('templates/body....', Array, true)
#3 C:\xampp\htdocs\donungded.com\app\Controllers\An_Home.php(76): view('templates/body....', Array)
#4 C:\xampp\htdocs\donungded.com\system\CodeIgniter.php(910): App\Controllers\An_Home->index()
#5 C:\xampp\htdocs\donungded.com\system\CodeIgniter.php(398): CodeIgniter\CodeIgniter->runController(Object(App\Controllers\An_Home))
#6 C:\xampp\htdocs\donungded.com\system\CodeIgniter.php(306): CodeIgniter\CodeIgniter->handleRequest(NULL, Object(Config\Cache), false)
#7 C:\xampp\htdocs\donungded.com\index.php(45): CodeIgniter\CodeIgniter->run()
#8 {main}
