CRITICAL - 2021-03-18 01:14:24 --> Too few arguments to function App\Models\Video_Model::get_list_video(), 1 passed in C:\xampp\htdocs\template\app\Helpers\template_helper.php on line 729 and at least 3 expected
#0 C:\xampp\htdocs\template\app\Helpers\template_helper.php(729): App\Models\Video_Model->get_list_video(1)
#1 C:\xampp\htdocs\template\app\Controllers\Home.php(175): calltemplate('MV-6', 'newmovie', Array)
#2 C:\xampp\htdocs\template\system\CodeIgniter.php(910): App\Controllers\Home->newmovie()
#3 C:\xampp\htdocs\template\system\CodeIgniter.php(398): CodeIgniter\CodeIgniter->runController(Object(App\Controllers\Home))
#4 C:\xampp\htdocs\template\system\CodeIgniter.php(306): CodeIgniter\CodeIgniter->handleRequest(NULL, Object(Config\Cache), false)
#5 C:\xampp\htdocs\template\index.php(45): CodeIgniter\CodeIgniter->run()
#6 {main}
CRITICAL - 2021-03-18 01:15:55 --> Undefined variable: keyword
#0 C:\xampp\htdocs\template\app\Views\movie\MV-6\list.php(164): CodeIgniter\Debug\Exceptions->errorHandler(8, 'Undefined varia...', 'C:\\xampp\\htdocs...', 164, Array)
#1 C:\xampp\htdocs\template\system\View\View.php(236): include('C:\\xampp\\htdocs...')
#2 C:\xampp\htdocs\template\system\Common.php(1071): CodeIgniter\View\View->render('5', Array, true)
#3 C:\xampp\htdocs\template\app\Controllers\Home.php(194): view('movie/MV-6/list')
#4 C:\xampp\htdocs\template\system\CodeIgniter.php(910): App\Controllers\Home->newmovie()
#5 C:\xampp\htdocs\template\system\CodeIgniter.php(398): CodeIgniter\CodeIgniter->runController(Object(App\Controllers\Home))
#6 C:\xampp\htdocs\template\system\CodeIgniter.php(306): CodeIgniter\CodeIgniter->handleRequest(NULL, Object(Config\Cache), false)
#7 C:\xampp\htdocs\template\index.php(45): CodeIgniter\CodeIgniter->run()
#8 {main}
CRITICAL - 2021-03-18 01:17:40 --> Undefined variable: keyword
#0 C:\xampp\htdocs\template\app\Views\movie\MV-6\list.php(164): CodeIgniter\Debug\Exceptions->errorHandler(8, 'Undefined varia...', 'C:\\xampp\\htdocs...', 164, Array)
#1 C:\xampp\htdocs\template\system\View\View.php(236): include('C:\\xampp\\htdocs...')
#2 C:\xampp\htdocs\template\system\Common.php(1071): CodeIgniter\View\View->render('5', Array, true)
#3 C:\xampp\htdocs\template\app\Controllers\Home.php(194): view('movie/MV-6/list')
#4 C:\xampp\htdocs\template\system\CodeIgniter.php(910): App\Controllers\Home->newmovie()
#5 C:\xampp\htdocs\template\system\CodeIgniter.php(398): CodeIgniter\CodeIgniter->runController(Object(App\Controllers\Home))
#6 C:\xampp\htdocs\template\system\CodeIgniter.php(306): CodeIgniter\CodeIgniter->handleRequest(NULL, Object(Config\Cache), false)
#7 C:\xampp\htdocs\template\index.php(45): CodeIgniter\CodeIgniter->run()
#8 {main}
CRITICAL - 2021-03-18 01:34:00 --> Undefined index: list_video
#0 C:\xampp\htdocs\template\app\Controllers\Home.php(679): CodeIgniter\Debug\Exceptions->errorHandler(8, 'Undefined index...', 'C:\\xampp\\htdocs...', 679, Array)
#1 C:\xampp\htdocs\template\system\CodeIgniter.php(910): App\Controllers\Home->moviedata_category()
#2 C:\xampp\htdocs\template\system\CodeIgniter.php(398): CodeIgniter\CodeIgniter->runController(Object(App\Controllers\Home))
#3 C:\xampp\htdocs\template\system\CodeIgniter.php(306): CodeIgniter\CodeIgniter->handleRequest(NULL, Object(Config\Cache), false)
#4 C:\xampp\htdocs\template\index.php(45): CodeIgniter\CodeIgniter->run()
#5 {main}
CRITICAL - 2021-03-18 01:35:20 --> Undefined index: list_video
#0 C:\xampp\htdocs\template\app\Controllers\Home.php(679): CodeIgniter\Debug\Exceptions->errorHandler(8, 'Undefined index...', 'C:\\xampp\\htdocs...', 679, Array)
#1 C:\xampp\htdocs\template\system\CodeIgniter.php(910): App\Controllers\Home->moviedata_category()
#2 C:\xampp\htdocs\template\system\CodeIgniter.php(398): CodeIgniter\CodeIgniter->runController(Object(App\Controllers\Home))
#3 C:\xampp\htdocs\template\system\CodeIgniter.php(306): CodeIgniter\CodeIgniter->handleRequest(NULL, Object(Config\Cache), false)
#4 C:\xampp\htdocs\template\index.php(45): CodeIgniter\CodeIgniter->run()
#5 {main}
CRITICAL - 2021-03-18 01:40:03 --> Undefined index: list_video
#0 C:\xampp\htdocs\template\app\Controllers\Home.php(679): CodeIgniter\Debug\Exceptions->errorHandler(8, 'Undefined index...', 'C:\\xampp\\htdocs...', 679, Array)
#1 C:\xampp\htdocs\template\system\CodeIgniter.php(910): App\Controllers\Home->moviedata_category()
#2 C:\xampp\htdocs\template\system\CodeIgniter.php(398): CodeIgniter\CodeIgniter->runController(Object(App\Controllers\Home))
#3 C:\xampp\htdocs\template\system\CodeIgniter.php(306): CodeIgniter\CodeIgniter->handleRequest(NULL, Object(Config\Cache), false)
#4 C:\xampp\htdocs\template\index.php(45): CodeIgniter\CodeIgniter->run()
#5 {main}
CRITICAL - 2021-03-18 01:42:39 --> Undefined index: list_video
#0 C:\xampp\htdocs\template\app\Controllers\Home.php(679): CodeIgniter\Debug\Exceptions->errorHandler(8, 'Undefined index...', 'C:\\xampp\\htdocs...', 679, Array)
#1 C:\xampp\htdocs\template\system\CodeIgniter.php(910): App\Controllers\Home->moviedata_category()
#2 C:\xampp\htdocs\template\system\CodeIgniter.php(398): CodeIgniter\CodeIgniter->runController(Object(App\Controllers\Home))
#3 C:\xampp\htdocs\template\system\CodeIgniter.php(306): CodeIgniter\CodeIgniter->handleRequest(NULL, Object(Config\Cache), false)
#4 C:\xampp\htdocs\template\index.php(45): CodeIgniter\CodeIgniter->run()
#5 {main}
CRITICAL - 2021-03-18 01:49:18 --> You have an error in your SQL syntax; check the manual that corresponds to your MariaDB server version for the right syntax to use near ''2'' at line 12
#0 C:\xampp\htdocs\template\system\Database\MySQLi\Connection.php(330): mysqli->query('SELECT\r\n       ...')
#1 C:\xampp\htdocs\template\system\Database\BaseConnection.php(738): CodeIgniter\Database\MySQLi\Connection->execute('SELECT\r\n       ...')
#2 C:\xampp\htdocs\template\system\Database\BaseConnection.php(666): CodeIgniter\Database\BaseConnection->simpleQuery('SELECT\r\n       ...')
#3 C:\xampp\htdocs\template\app\Helpers\pagination_helper.php(6): CodeIgniter\Database\BaseConnection->query('SELECT\r\n       ...', Array)
#4 C:\xampp\htdocs\template\app\Models\Video_Model.php(314): get_pagination('SELECT\r\n       ...', 1, '2', 0)
#5 C:\xampp\htdocs\template\app\Helpers\template_helper.php(758): App\Models\Video_Model->get_id_video_bycategory('', 1, '2')
#6 C:\xampp\htdocs\template\app\Controllers\Home.php(674): calltemplate('MV-6', 'moviedata_categ...', Array)
#7 C:\xampp\htdocs\template\system\CodeIgniter.php(910): App\Controllers\Home->moviedata_category()
#8 C:\xampp\htdocs\template\system\CodeIgniter.php(398): CodeIgniter\CodeIgniter->runController(Object(App\Controllers\Home))
#9 C:\xampp\htdocs\template\system\CodeIgniter.php(306): CodeIgniter\CodeIgniter->handleRequest(NULL, Object(Config\Cache), false)
#10 C:\xampp\htdocs\template\index.php(45): CodeIgniter\CodeIgniter->run()
#11 {main}
CRITICAL - 2021-03-18 01:52:40 --> Undefined variable: cate_id
#0 C:\xampp\htdocs\template\app\Views\movie\MV-6\list.php(164): CodeIgniter\Debug\Exceptions->errorHandler(8, 'Undefined varia...', 'C:\\xampp\\htdocs...', 164, Array)
#1 C:\xampp\htdocs\template\system\View\View.php(236): include('C:\\xampp\\htdocs...')
#2 C:\xampp\htdocs\template\system\Common.php(1071): CodeIgniter\View\View->render('64', Array, true)
#3 C:\xampp\htdocs\template\app\Controllers\Home.php(119): view('movie/MV-6/list')
#4 C:\xampp\htdocs\template\system\CodeIgniter.php(910): App\Controllers\Home->video_bycate('7', '%E0%B8%AB%E0%B8...')
#5 C:\xampp\htdocs\template\system\CodeIgniter.php(398): CodeIgniter\CodeIgniter->runController(Object(App\Controllers\Home))
#6 C:\xampp\htdocs\template\system\CodeIgniter.php(306): CodeIgniter\CodeIgniter->handleRequest(NULL, Object(Config\Cache), false)
#7 C:\xampp\htdocs\template\index.php(45): CodeIgniter\CodeIgniter->run()
#8 {main}
CRITICAL - 2021-03-18 05:17:48 --> Undefined index: list_video
#0 C:\xampp\htdocs\template\app\Controllers\Home.php(657): CodeIgniter\Debug\Exceptions->errorHandler(8, 'Undefined index...', 'C:\\xampp\\htdocs...', 657, Array)
#1 C:\xampp\htdocs\template\system\CodeIgniter.php(910): App\Controllers\Home->moviedata()
#2 C:\xampp\htdocs\template\system\CodeIgniter.php(398): CodeIgniter\CodeIgniter->runController(Object(App\Controllers\Home))
#3 C:\xampp\htdocs\template\system\CodeIgniter.php(306): CodeIgniter\CodeIgniter->handleRequest(NULL, Object(Config\Cache), false)
#4 C:\xampp\htdocs\template\index.php(45): CodeIgniter\CodeIgniter->run()
#5 {main}
CRITICAL - 2021-03-18 05:28:58 --> Undefined index: list
#0 C:\xampp\htdocs\template\app\Views\movie\MV-8\body.php(52): CodeIgniter\Debug\Exceptions->errorHandler(8, 'Undefined index...', 'C:\\xampp\\htdocs...', 52, Array)
#1 C:\xampp\htdocs\template\system\View\View.php(236): include('C:\\xampp\\htdocs...')
#2 C:\xampp\htdocs\template\system\Common.php(1071): CodeIgniter\View\View->render('movie/MV-8/body...', Array, true)
#3 C:\xampp\htdocs\template\app\Controllers\Home.php(71): view('movie/MV-8/body...')
#4 C:\xampp\htdocs\template\system\CodeIgniter.php(910): App\Controllers\Home->index()
#5 C:\xampp\htdocs\template\system\CodeIgniter.php(398): CodeIgniter\CodeIgniter->runController(Object(App\Controllers\Home))
#6 C:\xampp\htdocs\template\system\CodeIgniter.php(306): CodeIgniter\CodeIgniter->handleRequest(NULL, Object(Config\Cache), false)
#7 C:\xampp\htdocs\template\index.php(45): CodeIgniter\CodeIgniter->run()
#8 {main}
CRITICAL - 2021-03-18 05:29:00 --> Undefined index: list
#0 C:\xampp\htdocs\template\app\Views\movie\MV-8\body.php(52): CodeIgniter\Debug\Exceptions->errorHandler(8, 'Undefined index...', 'C:\\xampp\\htdocs...', 52, Array)
#1 C:\xampp\htdocs\template\system\View\View.php(236): include('C:\\xampp\\htdocs...')
#2 C:\xampp\htdocs\template\system\Common.php(1071): CodeIgniter\View\View->render('movie/MV-8/body...', Array, true)
#3 C:\xampp\htdocs\template\app\Controllers\Home.php(71): view('movie/MV-8/body...')
#4 C:\xampp\htdocs\template\system\CodeIgniter.php(910): App\Controllers\Home->index()
#5 C:\xampp\htdocs\template\system\CodeIgniter.php(398): CodeIgniter\CodeIgniter->runController(Object(App\Controllers\Home))
#6 C:\xampp\htdocs\template\system\CodeIgniter.php(306): CodeIgniter\CodeIgniter->handleRequest(NULL, Object(Config\Cache), false)
#7 C:\xampp\htdocs\template\index.php(45): CodeIgniter\CodeIgniter->run()
#8 {main}
CRITICAL - 2021-03-18 05:31:24 --> Undefined index: list
#0 C:\xampp\htdocs\template\app\Views\movie\MV-8\body.php(52): CodeIgniter\Debug\Exceptions->errorHandler(8, 'Undefined index...', 'C:\\xampp\\htdocs...', 52, Array)
#1 C:\xampp\htdocs\template\system\View\View.php(236): include('C:\\xampp\\htdocs...')
#2 C:\xampp\htdocs\template\system\Common.php(1071): CodeIgniter\View\View->render('movie/MV-8/body...', Array, true)
#3 C:\xampp\htdocs\template\app\Controllers\Home.php(71): view('movie/MV-8/body...')
#4 C:\xampp\htdocs\template\system\CodeIgniter.php(910): App\Controllers\Home->index()
#5 C:\xampp\htdocs\template\system\CodeIgniter.php(398): CodeIgniter\CodeIgniter->runController(Object(App\Controllers\Home))
#6 C:\xampp\htdocs\template\system\CodeIgniter.php(306): CodeIgniter\CodeIgniter->handleRequest(NULL, Object(Config\Cache), false)
#7 C:\xampp\htdocs\template\index.php(45): CodeIgniter\CodeIgniter->run()
#8 {main}
CRITICAL - 2021-03-18 05:32:05 --> Undefined index: list
#0 C:\xampp\htdocs\template\app\Views\movie\MV-8\body.php(52): CodeIgniter\Debug\Exceptions->errorHandler(8, 'Undefined index...', 'C:\\xampp\\htdocs...', 52, Array)
#1 C:\xampp\htdocs\template\system\View\View.php(236): include('C:\\xampp\\htdocs...')
#2 C:\xampp\htdocs\template\system\Common.php(1071): CodeIgniter\View\View->render('movie/MV-8/body...', Array, true)
#3 C:\xampp\htdocs\template\app\Controllers\Home.php(71): view('movie/MV-8/body...')
#4 C:\xampp\htdocs\template\system\CodeIgniter.php(910): App\Controllers\Home->index()
#5 C:\xampp\htdocs\template\system\CodeIgniter.php(398): CodeIgniter\CodeIgniter->runController(Object(App\Controllers\Home))
#6 C:\xampp\htdocs\template\system\CodeIgniter.php(306): CodeIgniter\CodeIgniter->handleRequest(NULL, Object(Config\Cache), false)
#7 C:\xampp\htdocs\template\index.php(45): CodeIgniter\CodeIgniter->run()
#8 {main}
CRITICAL - 2021-03-18 05:37:54 --> Undefined variable: category_list
#0 C:\xampp\htdocs\template\app\Views\movie\MV-3\header.php(144): CodeIgniter\Debug\Exceptions->errorHandler(8, 'Undefined varia...', 'C:\\xampp\\htdocs...', 144, Array)
#1 C:\xampp\htdocs\template\system\View\View.php(236): include('C:\\xampp\\htdocs...')
#2 C:\xampp\htdocs\template\system\Common.php(1071): CodeIgniter\View\View->render('movie/MV-3/head...', Array, true)
#3 C:\xampp\htdocs\template\app\Controllers\Home.php(310): view('movie/MV-3/head...', Array)
#4 C:\xampp\htdocs\template\system\CodeIgniter.php(910): App\Controllers\Home->list_series()
#5 C:\xampp\htdocs\template\system\CodeIgniter.php(398): CodeIgniter\CodeIgniter->runController(Object(App\Controllers\Home))
#6 C:\xampp\htdocs\template\system\CodeIgniter.php(306): CodeIgniter\CodeIgniter->handleRequest(NULL, Object(Config\Cache), false)
#7 C:\xampp\htdocs\template\index.php(45): CodeIgniter\CodeIgniter->run()
#8 {main}
