CRITICAL - 2020-12-08 01:55:40 --> Access denied for user '****'@'localhost' (using password: YES)
#0 C:\xampp\htdocs\gumovie\system\Database\BaseConnection.php(377): CodeIgniter\Database\MySQLi\Connection->connect(false)
#1 C:\xampp\htdocs\gumovie\system\Database\BaseConnection.php(643): CodeIgniter\Database\BaseConnection->initialize()
#2 C:\xampp\htdocs\gumovie\app\Models\Video_Model.php(619): CodeIgniter\Database\BaseConnection->query('SELECT * FROM `...')
#3 C:\xampp\htdocs\gumovie\app\Controllers\Home.php(169): App\Models\Video_Model->get_setting(1)
#4 C:\xampp\htdocs\gumovie\system\CodeIgniter.php(910): App\Controllers\Home->index()
#5 C:\xampp\htdocs\gumovie\system\CodeIgniter.php(398): CodeIgniter\CodeIgniter->runController(Object(App\Controllers\Home))
#6 C:\xampp\htdocs\gumovie\system\CodeIgniter.php(306): CodeIgniter\CodeIgniter->handleRequest(NULL, Object(Config\Cache), false)
#7 C:\xampp\htdocs\gumovie\index.php(45): CodeIgniter\CodeIgniter->run()
#8 {main}
CRITICAL - 2020-12-08 01:56:39 --> Access denied for user '****'@'localhost' (using password: YES)
#0 C:\xampp\htdocs\gumovie\system\Database\BaseConnection.php(377): CodeIgniter\Database\MySQLi\Connection->connect(false)
#1 C:\xampp\htdocs\gumovie\system\Database\BaseConnection.php(643): CodeIgniter\Database\BaseConnection->initialize()
#2 C:\xampp\htdocs\gumovie\app\Models\Video_Model.php(619): CodeIgniter\Database\BaseConnection->query('SELECT * FROM `...')
#3 C:\xampp\htdocs\gumovie\app\Controllers\Home.php(169): App\Models\Video_Model->get_setting(1)
#4 C:\xampp\htdocs\gumovie\system\CodeIgniter.php(910): App\Controllers\Home->index()
#5 C:\xampp\htdocs\gumovie\system\CodeIgniter.php(398): CodeIgniter\CodeIgniter->runController(Object(App\Controllers\Home))
#6 C:\xampp\htdocs\gumovie\system\CodeIgniter.php(306): CodeIgniter\CodeIgniter->handleRequest(NULL, Object(Config\Cache), false)
#7 C:\xampp\htdocs\gumovie\index.php(45): CodeIgniter\CodeIgniter->run()
#8 {main}
CRITICAL - 2020-12-08 01:56:41 --> Access denied for user '****'@'localhost' (using password: YES)
#0 C:\xampp\htdocs\gumovie\system\Database\BaseConnection.php(377): CodeIgniter\Database\MySQLi\Connection->connect(false)
#1 C:\xampp\htdocs\gumovie\system\Database\BaseConnection.php(643): CodeIgniter\Database\BaseConnection->initialize()
#2 C:\xampp\htdocs\gumovie\app\Models\Video_Model.php(619): CodeIgniter\Database\BaseConnection->query('SELECT * FROM `...')
#3 C:\xampp\htdocs\gumovie\app\Controllers\Home.php(169): App\Models\Video_Model->get_setting(1)
#4 C:\xampp\htdocs\gumovie\system\CodeIgniter.php(910): App\Controllers\Home->index()
#5 C:\xampp\htdocs\gumovie\system\CodeIgniter.php(398): CodeIgniter\CodeIgniter->runController(Object(App\Controllers\Home))
#6 C:\xampp\htdocs\gumovie\system\CodeIgniter.php(306): CodeIgniter\CodeIgniter->handleRequest(NULL, Object(Config\Cache), false)
#7 C:\xampp\htdocs\gumovie\index.php(45): CodeIgniter\CodeIgniter->run()
#8 {main}
CRITICAL - 2020-12-08 01:56:54 --> Access denied for user '****'@'localhost' (using password: YES)
#0 C:\xampp\htdocs\gumovie\system\Database\BaseConnection.php(377): CodeIgniter\Database\MySQLi\Connection->connect(false)
#1 C:\xampp\htdocs\gumovie\system\Database\BaseConnection.php(643): CodeIgniter\Database\BaseConnection->initialize()
#2 C:\xampp\htdocs\gumovie\app\Models\Video_Model.php(619): CodeIgniter\Database\BaseConnection->query('SELECT * FROM `...')
#3 C:\xampp\htdocs\gumovie\app\Controllers\Home.php(169): App\Models\Video_Model->get_setting(1)
#4 C:\xampp\htdocs\gumovie\system\CodeIgniter.php(910): App\Controllers\Home->index()
#5 C:\xampp\htdocs\gumovie\system\CodeIgniter.php(398): CodeIgniter\CodeIgniter->runController(Object(App\Controllers\Home))
#6 C:\xampp\htdocs\gumovie\system\CodeIgniter.php(306): CodeIgniter\CodeIgniter->handleRequest(NULL, Object(Config\Cache), false)
#7 C:\xampp\htdocs\gumovie\index.php(45): CodeIgniter\CodeIgniter->run()
#8 {main}
CRITICAL - 2020-12-08 01:57:20 --> Undefined offset: 2
#0 C:\xampp\htdocs\gumovie\app\Views\templates\body2.php(861): CodeIgniter\Debug\Exceptions->errorHandler(8, 'Undefined offse...', 'C:\\xampp\\htdocs...', 861, Array)
#1 C:\xampp\htdocs\gumovie\system\View\View.php(236): include('C:\\xampp\\htdocs...')
#2 C:\xampp\htdocs\gumovie\system\Common.php(1071): CodeIgniter\View\View->render('templates/body2...', Array, true)
#3 C:\xampp\htdocs\gumovie\app\Controllers\Home.php(317): view('templates/body2...', Array)
#4 C:\xampp\htdocs\gumovie\system\CodeIgniter.php(910): App\Controllers\Home->index()
#5 C:\xampp\htdocs\gumovie\system\CodeIgniter.php(398): CodeIgniter\CodeIgniter->runController(Object(App\Controllers\Home))
#6 C:\xampp\htdocs\gumovie\system\CodeIgniter.php(306): CodeIgniter\CodeIgniter->handleRequest(NULL, Object(Config\Cache), false)
#7 C:\xampp\htdocs\gumovie\index.php(45): CodeIgniter\CodeIgniter->run()
#8 {main}
CRITICAL - 2020-12-08 02:01:59 --> Undefined offset: 2
#0 C:\xampp\htdocs\gumovie\app\Views\templates\body2.php(161): CodeIgniter\Debug\Exceptions->errorHandler(8, 'Undefined offse...', 'C:\\xampp\\htdocs...', 161, Array)
#1 C:\xampp\htdocs\gumovie\system\View\View.php(236): include('C:\\xampp\\htdocs...')
#2 C:\xampp\htdocs\gumovie\system\Common.php(1071): CodeIgniter\View\View->render('templates/body2...', Array, true)
#3 C:\xampp\htdocs\gumovie\app\Controllers\Home.php(62): view('templates/body2...', Array)
#4 C:\xampp\htdocs\gumovie\system\CodeIgniter.php(910): App\Controllers\Home->index()
#5 C:\xampp\htdocs\gumovie\system\CodeIgniter.php(398): CodeIgniter\CodeIgniter->runController(Object(App\Controllers\Home))
#6 C:\xampp\htdocs\gumovie\system\CodeIgniter.php(306): CodeIgniter\CodeIgniter->handleRequest(NULL, Object(Config\Cache), false)
#7 C:\xampp\htdocs\gumovie\index.php(45): CodeIgniter\CodeIgniter->run()
#8 {main}
CRITICAL - 2020-12-08 02:11:34 --> Undefined offset: 2
#0 C:\xampp\htdocs\gumovie\app\Views\templates\body2.php(163): CodeIgniter\Debug\Exceptions->errorHandler(8, 'Undefined offse...', 'C:\\xampp\\htdocs...', 163, Array)
#1 C:\xampp\htdocs\gumovie\system\View\View.php(236): include('C:\\xampp\\htdocs...')
#2 C:\xampp\htdocs\gumovie\system\Common.php(1071): CodeIgniter\View\View->render('templates/body2...', Array, true)
#3 C:\xampp\htdocs\gumovie\app\Controllers\Home.php(62): view('templates/body2...', Array)
#4 C:\xampp\htdocs\gumovie\system\CodeIgniter.php(910): App\Controllers\Home->index()
#5 C:\xampp\htdocs\gumovie\system\CodeIgniter.php(398): CodeIgniter\CodeIgniter->runController(Object(App\Controllers\Home))
#6 C:\xampp\htdocs\gumovie\system\CodeIgniter.php(306): CodeIgniter\CodeIgniter->handleRequest(NULL, Object(Config\Cache), false)
#7 C:\xampp\htdocs\gumovie\index.php(45): CodeIgniter\CodeIgniter->run()
#8 {main}
CRITICAL - 2020-12-08 02:11:48 --> Undefined offset: 2
#0 C:\xampp\htdocs\gumovie\app\Views\templates\body2.php(163): CodeIgniter\Debug\Exceptions->errorHandler(8, 'Undefined offse...', 'C:\\xampp\\htdocs...', 163, Array)
#1 C:\xampp\htdocs\gumovie\system\View\View.php(236): include('C:\\xampp\\htdocs...')
#2 C:\xampp\htdocs\gumovie\system\Common.php(1071): CodeIgniter\View\View->render('templates/body2...', Array, true)
#3 C:\xampp\htdocs\gumovie\app\Controllers\Home.php(62): view('templates/body2...', Array)
#4 C:\xampp\htdocs\gumovie\system\CodeIgniter.php(910): App\Controllers\Home->index()
#5 C:\xampp\htdocs\gumovie\system\CodeIgniter.php(398): CodeIgniter\CodeIgniter->runController(Object(App\Controllers\Home))
#6 C:\xampp\htdocs\gumovie\system\CodeIgniter.php(306): CodeIgniter\CodeIgniter->handleRequest(NULL, Object(Config\Cache), false)
#7 C:\xampp\htdocs\gumovie\index.php(45): CodeIgniter\CodeIgniter->run()
#8 {main}
CRITICAL - 2020-12-08 02:12:41 --> Undefined offset: 2
#0 C:\xampp\htdocs\gumovie\app\Views\templates\body2.php(163): CodeIgniter\Debug\Exceptions->errorHandler(8, 'Undefined offse...', 'C:\\xampp\\htdocs...', 163, Array)
#1 C:\xampp\htdocs\gumovie\system\View\View.php(236): include('C:\\xampp\\htdocs...')
#2 C:\xampp\htdocs\gumovie\system\Common.php(1071): CodeIgniter\View\View->render('templates/body2...', Array, true)
#3 C:\xampp\htdocs\gumovie\app\Controllers\Home.php(62): view('templates/body2...', Array)
#4 C:\xampp\htdocs\gumovie\system\CodeIgniter.php(910): App\Controllers\Home->index()
#5 C:\xampp\htdocs\gumovie\system\CodeIgniter.php(398): CodeIgniter\CodeIgniter->runController(Object(App\Controllers\Home))
#6 C:\xampp\htdocs\gumovie\system\CodeIgniter.php(306): CodeIgniter\CodeIgniter->handleRequest(NULL, Object(Config\Cache), false)
#7 C:\xampp\htdocs\gumovie\index.php(45): CodeIgniter\CodeIgniter->run()
#8 {main}
CRITICAL - 2020-12-08 02:26:21 --> Undefined index: category_id
#0 C:\xampp\htdocs\gumovie\app\Views\templates\body2.php(155): CodeIgniter\Debug\Exceptions->errorHandler(8, 'Undefined index...', 'C:\\xampp\\htdocs...', 155, Array)
#1 C:\xampp\htdocs\gumovie\system\View\View.php(236): include('C:\\xampp\\htdocs...')
#2 C:\xampp\htdocs\gumovie\system\Common.php(1071): CodeIgniter\View\View->render('templates/body2...', Array, true)
#3 C:\xampp\htdocs\gumovie\app\Controllers\Home.php(69): view('templates/body2...', Array)
#4 C:\xampp\htdocs\gumovie\system\CodeIgniter.php(910): App\Controllers\Home->index()
#5 C:\xampp\htdocs\gumovie\system\CodeIgniter.php(398): CodeIgniter\CodeIgniter->runController(Object(App\Controllers\Home))
#6 C:\xampp\htdocs\gumovie\system\CodeIgniter.php(306): CodeIgniter\CodeIgniter->handleRequest(NULL, Object(Config\Cache), false)
#7 C:\xampp\htdocs\gumovie\index.php(45): CodeIgniter\CodeIgniter->run()
#8 {main}
CRITICAL - 2020-12-08 02:27:21 --> Undefined variable: score
#0 C:\xampp\htdocs\gumovie\app\Views\templates\body2.php(215): CodeIgniter\Debug\Exceptions->errorHandler(8, 'Undefined varia...', 'C:\\xampp\\htdocs...', 215, Array)
#1 C:\xampp\htdocs\gumovie\system\View\View.php(236): include('C:\\xampp\\htdocs...')
#2 C:\xampp\htdocs\gumovie\system\Common.php(1071): CodeIgniter\View\View->render('templates/body2...', Array, true)
#3 C:\xampp\htdocs\gumovie\app\Controllers\Home.php(69): view('templates/body2...', Array)
#4 C:\xampp\htdocs\gumovie\system\CodeIgniter.php(910): App\Controllers\Home->index()
#5 C:\xampp\htdocs\gumovie\system\CodeIgniter.php(398): CodeIgniter\CodeIgniter->runController(Object(App\Controllers\Home))
#6 C:\xampp\htdocs\gumovie\system\CodeIgniter.php(306): CodeIgniter\CodeIgniter->handleRequest(NULL, Object(Config\Cache), false)
#7 C:\xampp\htdocs\gumovie\index.php(45): CodeIgniter\CodeIgniter->run()
#8 {main}
CRITICAL - 2020-12-08 02:39:31 --> Undefined index: name_ep
#0 C:\xampp\htdocs\gumovie\app\Views\templates\video.php(279): CodeIgniter\Debug\Exceptions->errorHandler(8, 'Undefined index...', 'C:\\xampp\\htdocs...', 279, Array)
#1 C:\xampp\htdocs\gumovie\system\View\View.php(236): include('C:\\xampp\\htdocs...')
#2 C:\xampp\htdocs\gumovie\system\Common.php(1071): CodeIgniter\View\View->render('templates/video...', Array, true)
#3 C:\xampp\htdocs\gumovie\app\Controllers\Home.php(430): view('templates/video...', Array)
#4 C:\xampp\htdocs\gumovie\system\CodeIgniter.php(910): App\Controllers\Home->video('8038', 'Hawaii-Five-O-S...')
#5 C:\xampp\htdocs\gumovie\system\CodeIgniter.php(398): CodeIgniter\CodeIgniter->runController(Object(App\Controllers\Home))
#6 C:\xampp\htdocs\gumovie\system\CodeIgniter.php(306): CodeIgniter\CodeIgniter->handleRequest(NULL, Object(Config\Cache), false)
#7 C:\xampp\htdocs\gumovie\public\index.php(89): CodeIgniter\CodeIgniter->run()
#8 {main}
CRITICAL - 2020-12-08 02:41:00 --> Undefined index: name_ep
#0 C:\xampp\htdocs\gumovie\app\Views\templates\video.php(279): CodeIgniter\Debug\Exceptions->errorHandler(8, 'Undefined index...', 'C:\\xampp\\htdocs...', 279, Array)
#1 C:\xampp\htdocs\gumovie\system\View\View.php(236): include('C:\\xampp\\htdocs...')
#2 C:\xampp\htdocs\gumovie\system\Common.php(1071): CodeIgniter\View\View->render('templates/video...', Array, true)
#3 C:\xampp\htdocs\gumovie\app\Controllers\Home.php(430): view('templates/video...', Array)
#4 C:\xampp\htdocs\gumovie\system\CodeIgniter.php(910): App\Controllers\Home->video('8038', 'Hawaii-Five-O-S...')
#5 C:\xampp\htdocs\gumovie\system\CodeIgniter.php(398): CodeIgniter\CodeIgniter->runController(Object(App\Controllers\Home))
#6 C:\xampp\htdocs\gumovie\system\CodeIgniter.php(306): CodeIgniter\CodeIgniter->handleRequest(NULL, Object(Config\Cache), false)
#7 C:\xampp\htdocs\gumovie\public\index.php(89): CodeIgniter\CodeIgniter->run()
#8 {main}
CRITICAL - 2020-12-08 02:45:19 --> Undefined index: name_ep
#0 C:\xampp\htdocs\gumovie\app\Views\templates\video.php(279): CodeIgniter\Debug\Exceptions->errorHandler(8, 'Undefined index...', 'C:\\xampp\\htdocs...', 279, Array)
#1 C:\xampp\htdocs\gumovie\system\View\View.php(236): include('C:\\xampp\\htdocs...')
#2 C:\xampp\htdocs\gumovie\system\Common.php(1071): CodeIgniter\View\View->render('templates/video...', Array, true)
#3 C:\xampp\htdocs\gumovie\app\Controllers\Home.php(432): view('templates/video...', Array)
#4 C:\xampp\htdocs\gumovie\system\CodeIgniter.php(910): App\Controllers\Home->video('8038', 'Hawaii-Five-O-S...')
#5 C:\xampp\htdocs\gumovie\system\CodeIgniter.php(398): CodeIgniter\CodeIgniter->runController(Object(App\Controllers\Home))
#6 C:\xampp\htdocs\gumovie\system\CodeIgniter.php(306): CodeIgniter\CodeIgniter->handleRequest(NULL, Object(Config\Cache), false)
#7 C:\xampp\htdocs\gumovie\public\index.php(89): CodeIgniter\CodeIgniter->run()
#8 {main}
CRITICAL - 2020-12-08 02:46:57 --> Undefined index: name_ep
#0 C:\xampp\htdocs\gumovie\app\Views\templates\video.php(108): CodeIgniter\Debug\Exceptions->errorHandler(8, 'Undefined index...', 'C:\\xampp\\htdocs...', 108, Array)
#1 C:\xampp\htdocs\gumovie\system\View\View.php(236): include('C:\\xampp\\htdocs...')
#2 C:\xampp\htdocs\gumovie\system\Common.php(1071): CodeIgniter\View\View->render('templates/video...', Array, true)
#3 C:\xampp\htdocs\gumovie\app\Controllers\Home.php(432): view('templates/video...', Array)
#4 C:\xampp\htdocs\gumovie\system\CodeIgniter.php(910): App\Controllers\Home->video('8038', 'Hawaii-Five-O-S...')
#5 C:\xampp\htdocs\gumovie\system\CodeIgniter.php(398): CodeIgniter\CodeIgniter->runController(Object(App\Controllers\Home))
#6 C:\xampp\htdocs\gumovie\system\CodeIgniter.php(306): CodeIgniter\CodeIgniter->handleRequest(NULL, Object(Config\Cache), false)
#7 C:\xampp\htdocs\gumovie\public\index.php(89): CodeIgniter\CodeIgniter->run()
#8 {main}
CRITICAL - 2020-12-08 02:47:02 --> Undefined index: name_ep
#0 C:\xampp\htdocs\gumovie\app\Views\templates\video.php(108): CodeIgniter\Debug\Exceptions->errorHandler(8, 'Undefined index...', 'C:\\xampp\\htdocs...', 108, Array)
#1 C:\xampp\htdocs\gumovie\system\View\View.php(236): include('C:\\xampp\\htdocs...')
#2 C:\xampp\htdocs\gumovie\system\Common.php(1071): CodeIgniter\View\View->render('templates/video...', Array, true)
#3 C:\xampp\htdocs\gumovie\app\Controllers\Home.php(432): view('templates/video...', Array)
#4 C:\xampp\htdocs\gumovie\system\CodeIgniter.php(910): App\Controllers\Home->video('8038', 'Hawaii-Five-O-S...')
#5 C:\xampp\htdocs\gumovie\system\CodeIgniter.php(398): CodeIgniter\CodeIgniter->runController(Object(App\Controllers\Home))
#6 C:\xampp\htdocs\gumovie\system\CodeIgniter.php(306): CodeIgniter\CodeIgniter->handleRequest(NULL, Object(Config\Cache), false)
#7 C:\xampp\htdocs\gumovie\public\index.php(89): CodeIgniter\CodeIgniter->run()
#8 {main}
CRITICAL - 2020-12-08 02:47:05 --> Undefined index: movie_thname
#0 C:\xampp\htdocs\gumovie\app\Views\templates\video.php(300): CodeIgniter\Debug\Exceptions->errorHandler(8, 'Undefined index...', 'C:\\xampp\\htdocs...', 300, Array)
#1 C:\xampp\htdocs\gumovie\system\View\View.php(236): include('C:\\xampp\\htdocs...')
#2 C:\xampp\htdocs\gumovie\system\Common.php(1071): CodeIgniter\View\View->render('templates/video...', Array, true)
#3 C:\xampp\htdocs\gumovie\app\Controllers\Home.php(432): view('templates/video...', Array)
#4 C:\xampp\htdocs\gumovie\system\CodeIgniter.php(910): App\Controllers\Home->video('20016', 'The-Eight-Hundr...')
#5 C:\xampp\htdocs\gumovie\system\CodeIgniter.php(398): CodeIgniter\CodeIgniter->runController(Object(App\Controllers\Home))
#6 C:\xampp\htdocs\gumovie\system\CodeIgniter.php(306): CodeIgniter\CodeIgniter->handleRequest(NULL, Object(Config\Cache), false)
#7 C:\xampp\htdocs\gumovie\public\index.php(89): CodeIgniter\CodeIgniter->run()
#8 {main}
CRITICAL - 2020-12-08 02:47:22 --> Undefined index: movie_thname
#0 C:\xampp\htdocs\gumovie\app\Views\templates\video.php(300): CodeIgniter\Debug\Exceptions->errorHandler(8, 'Undefined index...', 'C:\\xampp\\htdocs...', 300, Array)
#1 C:\xampp\htdocs\gumovie\system\View\View.php(236): include('C:\\xampp\\htdocs...')
#2 C:\xampp\htdocs\gumovie\system\Common.php(1071): CodeIgniter\View\View->render('templates/video...', Array, true)
#3 C:\xampp\htdocs\gumovie\app\Controllers\Home.php(432): view('templates/video...', Array)
#4 C:\xampp\htdocs\gumovie\system\CodeIgniter.php(910): App\Controllers\Home->video('8913', 'The-Unauthorize...')
#5 C:\xampp\htdocs\gumovie\system\CodeIgniter.php(398): CodeIgniter\CodeIgniter->runController(Object(App\Controllers\Home))
#6 C:\xampp\htdocs\gumovie\system\CodeIgniter.php(306): CodeIgniter\CodeIgniter->handleRequest(NULL, Object(Config\Cache), false)
#7 C:\xampp\htdocs\gumovie\public\index.php(89): CodeIgniter\CodeIgniter->run()
#8 {main}
CRITICAL - 2020-12-08 02:47:33 --> Undefined variable: movie_type
#0 C:\xampp\htdocs\gumovie\app\Views\templates\video.php(304): CodeIgniter\Debug\Exceptions->errorHandler(8, 'Undefined varia...', 'C:\\xampp\\htdocs...', 304, Array)
#1 C:\xampp\htdocs\gumovie\system\View\View.php(236): include('C:\\xampp\\htdocs...')
#2 C:\xampp\htdocs\gumovie\system\Common.php(1071): CodeIgniter\View\View->render('templates/video...', Array, true)
#3 C:\xampp\htdocs\gumovie\app\Controllers\Home.php(432): view('templates/video...', Array)
#4 C:\xampp\htdocs\gumovie\system\CodeIgniter.php(910): App\Controllers\Home->video('8913', 'The-Unauthorize...')
#5 C:\xampp\htdocs\gumovie\system\CodeIgniter.php(398): CodeIgniter\CodeIgniter->runController(Object(App\Controllers\Home))
#6 C:\xampp\htdocs\gumovie\system\CodeIgniter.php(306): CodeIgniter\CodeIgniter->handleRequest(NULL, Object(Config\Cache), false)
#7 C:\xampp\htdocs\gumovie\public\index.php(89): CodeIgniter\CodeIgniter->run()
#8 {main}
CRITICAL - 2020-12-08 02:48:03 --> Undefined index: movie_type
#0 C:\xampp\htdocs\gumovie\app\Views\templates\video.php(304): CodeIgniter\Debug\Exceptions->errorHandler(8, 'Undefined index...', 'C:\\xampp\\htdocs...', 304, Array)
#1 C:\xampp\htdocs\gumovie\system\View\View.php(236): include('C:\\xampp\\htdocs...')
#2 C:\xampp\htdocs\gumovie\system\Common.php(1071): CodeIgniter\View\View->render('templates/video...', Array, true)
#3 C:\xampp\htdocs\gumovie\app\Controllers\Home.php(432): view('templates/video...', Array)
#4 C:\xampp\htdocs\gumovie\system\CodeIgniter.php(910): App\Controllers\Home->video('8913', 'The-Unauthorize...')
#5 C:\xampp\htdocs\gumovie\system\CodeIgniter.php(398): CodeIgniter\CodeIgniter->runController(Object(App\Controllers\Home))
#6 C:\xampp\htdocs\gumovie\system\CodeIgniter.php(306): CodeIgniter\CodeIgniter->handleRequest(NULL, Object(Config\Cache), false)
#7 C:\xampp\htdocs\gumovie\public\index.php(89): CodeIgniter\CodeIgniter->run()
#8 {main}
CRITICAL - 2020-12-08 02:48:13 --> Undefined variable: movie_id
#0 C:\xampp\htdocs\gumovie\app\Views\templates\video.php(305): CodeIgniter\Debug\Exceptions->errorHandler(8, 'Undefined varia...', 'C:\\xampp\\htdocs...', 305, Array)
#1 C:\xampp\htdocs\gumovie\system\View\View.php(236): include('C:\\xampp\\htdocs...')
#2 C:\xampp\htdocs\gumovie\system\Common.php(1071): CodeIgniter\View\View->render('templates/video...', Array, true)
#3 C:\xampp\htdocs\gumovie\app\Controllers\Home.php(432): view('templates/video...', Array)
#4 C:\xampp\htdocs\gumovie\system\CodeIgniter.php(910): App\Controllers\Home->video('8913', 'The-Unauthorize...')
#5 C:\xampp\htdocs\gumovie\system\CodeIgniter.php(398): CodeIgniter\CodeIgniter->runController(Object(App\Controllers\Home))
#6 C:\xampp\htdocs\gumovie\system\CodeIgniter.php(306): CodeIgniter\CodeIgniter->handleRequest(NULL, Object(Config\Cache), false)
#7 C:\xampp\htdocs\gumovie\public\index.php(89): CodeIgniter\CodeIgniter->run()
#8 {main}
