CRITICAL - 2021-03-04 01:15:32 --> Undefined variable: chk_act
#0 C:\xampp\htdocs\templates\app\Views\movie\MV-8\header.php(86): CodeIgniter\Debug\Exceptions->errorHandler(8, 'Undefined varia...', 'C:\\xampp\\htdocs...', 86, Array)
#1 C:\xampp\htdocs\templates\system\View\View.php(236): include('C:\\xampp\\htdocs...')
#2 C:\xampp\htdocs\templates\system\Common.php(1071): CodeIgniter\View\View->render('movie/MV-8/head...', Array, true)
#3 C:\xampp\htdocs\templates\app\Controllers\Home.php(733): view('movie/MV-8/head...', Array)
#4 C:\xampp\htdocs\templates\system\CodeIgniter.php(910): App\Controllers\Home->contact()
#5 C:\xampp\htdocs\templates\system\CodeIgniter.php(398): CodeIgniter\CodeIgniter->runController(Object(App\Controllers\Home))
#6 C:\xampp\htdocs\templates\system\CodeIgniter.php(306): CodeIgniter\CodeIgniter->handleRequest(NULL, Object(Config\Cache), false)
#7 C:\xampp\htdocs\templates\index.php(45): CodeIgniter\CodeIgniter->run()
#8 {main}
CRITICAL - 2021-03-04 01:19:52 --> Undefined variable: urlrequests
#0 C:\xampp\htdocs\templates\app\Views\movie\MV-8\contact.php(101): CodeIgniter\Debug\Exceptions->errorHandler(8, 'Undefined varia...', 'C:\\xampp\\htdocs...', 101, Array)
#1 C:\xampp\htdocs\templates\system\View\View.php(236): include('C:\\xampp\\htdocs...')
#2 C:\xampp\htdocs\templates\system\Common.php(1071): CodeIgniter\View\View->render('movie/MV-8/cont...', Array, true)
#3 C:\xampp\htdocs\templates\app\Controllers\Home.php(734): view('movie/MV-8/cont...')
#4 C:\xampp\htdocs\templates\system\CodeIgniter.php(910): App\Controllers\Home->contact()
#5 C:\xampp\htdocs\templates\system\CodeIgniter.php(398): CodeIgniter\CodeIgniter->runController(Object(App\Controllers\Home))
#6 C:\xampp\htdocs\templates\system\CodeIgniter.php(306): CodeIgniter\CodeIgniter->handleRequest(NULL, Object(Config\Cache), false)
#7 C:\xampp\htdocs\templates\index.php(45): CodeIgniter\CodeIgniter->run()
#8 {main}
