CRITICAL - 2021-01-06 00:12:20 --> Undefined offset: 0
#0 C:\xampp\htdocs\donungded.com\app\Models\AV_Model.php(461): CodeIgniter\Debug\Exceptions->errorHandler(8, 'Undefined offse...', 'C:\\xampp\\htdocs...', 461, Array)
#1 C:\xampp\htdocs\donungded.com\app\Controllers\Av_Home.php(67): App\Models\AV_Model->get_list_video_bycate(1, 6)
#2 C:\xampp\htdocs\donungded.com\system\CodeIgniter.php(910): App\Controllers\Av_Home->index()
#3 C:\xampp\htdocs\donungded.com\system\CodeIgniter.php(398): CodeIgniter\CodeIgniter->runController(Object(App\Controllers\Av_Home))
#4 C:\xampp\htdocs\donungded.com\system\CodeIgniter.php(306): CodeIgniter\CodeIgniter->handleRequest(NULL, Object(Config\Cache), false)
#5 C:\xampp\htdocs\donungded.com\index.php(45): CodeIgniter\CodeIgniter->run()
#6 {main}
CRITICAL - 2021-01-06 00:13:20 --> Trying to access array offset on value of type null
#0 C:\xampp\htdocs\donungded.com\app\Views\AV\header.php(15): CodeIgniter\Debug\Exceptions->errorHandler(8, 'Trying to acces...', 'C:\\xampp\\htdocs...', 15, Array)
#1 C:\xampp\htdocs\donungded.com\system\View\View.php(236): include('C:\\xampp\\htdocs...')
#2 C:\xampp\htdocs\donungded.com\system\Common.php(1071): CodeIgniter\View\View->render('AV/header.php', Array, true)
#3 C:\xampp\htdocs\donungded.com\app\Controllers\Av_Home.php(84): view('AV/header.php', Array)
#4 C:\xampp\htdocs\donungded.com\system\CodeIgniter.php(910): App\Controllers\Av_Home->index()
#5 C:\xampp\htdocs\donungded.com\system\CodeIgniter.php(398): CodeIgniter\CodeIgniter->runController(Object(App\Controllers\Av_Home))
#6 C:\xampp\htdocs\donungded.com\system\CodeIgniter.php(306): CodeIgniter\CodeIgniter->handleRequest(NULL, Object(Config\Cache), false)
#7 C:\xampp\htdocs\donungded.com\index.php(45): CodeIgniter\CodeIgniter->run()
#8 {main}
CRITICAL - 2021-01-06 00:14:34 --> Undefined offset: 0
#0 C:\xampp\htdocs\donungded.com\app\Models\Clips_Model.php(462): CodeIgniter\Debug\Exceptions->errorHandler(8, 'Undefined offse...', 'C:\\xampp\\htdocs...', 462, Array)
#1 C:\xampp\htdocs\donungded.com\app\Controllers\Clips_Home.php(67): App\Models\Clips_Model->get_list_video_bycate(1, 1029)
#2 C:\xampp\htdocs\donungded.com\system\CodeIgniter.php(910): App\Controllers\Clips_Home->index()
#3 C:\xampp\htdocs\donungded.com\system\CodeIgniter.php(398): CodeIgniter\CodeIgniter->runController(Object(App\Controllers\Clips_Home))
#4 C:\xampp\htdocs\donungded.com\system\CodeIgniter.php(306): CodeIgniter\CodeIgniter->handleRequest(NULL, Object(Config\Cache), false)
#5 C:\xampp\htdocs\donungded.com\index.php(45): CodeIgniter\CodeIgniter->run()
#6 {main}
CRITICAL - 2021-01-06 00:14:42 --> Undefined offset: 0
#0 C:\xampp\htdocs\donungded.com\app\Models\Clips_Model.php(462): CodeIgniter\Debug\Exceptions->errorHandler(8, 'Undefined offse...', 'C:\\xampp\\htdocs...', 462, Array)
#1 C:\xampp\htdocs\donungded.com\app\Controllers\Clips_Home.php(67): App\Models\Clips_Model->get_list_video_bycate(1, 1029)
#2 C:\xampp\htdocs\donungded.com\system\CodeIgniter.php(910): App\Controllers\Clips_Home->index()
#3 C:\xampp\htdocs\donungded.com\system\CodeIgniter.php(398): CodeIgniter\CodeIgniter->runController(Object(App\Controllers\Clips_Home))
#4 C:\xampp\htdocs\donungded.com\system\CodeIgniter.php(306): CodeIgniter\CodeIgniter->handleRequest(NULL, Object(Config\Cache), false)
#5 C:\xampp\htdocs\donungded.com\index.php(45): CodeIgniter\CodeIgniter->run()
#6 {main}
