CRITICAL - 2020-11-06 00:06:55 --> Access denied for user '****'@'localhost' (using password: YES)
#0 C:\xampp\htdocs\gumovie\system\Database\BaseConnection.php(377): CodeIgniter\Database\MySQLi\Connection->connect(false)
#1 C:\xampp\htdocs\gumovie\system\Database\BaseConnection.php(643): CodeIgniter\Database\BaseConnection->initialize()
#2 C:\xampp\htdocs\gumovie\app\Models\Video_Model.php(619): CodeIgniter\Database\BaseConnection->query('SELECT * FROM `...')
#3 C:\xampp\htdocs\gumovie\app\Controllers\Home.php(85): App\Models\Video_Model->get_setting(1)
#4 C:\xampp\htdocs\gumovie\system\CodeIgniter.php(910): App\Controllers\Home->index()
#5 C:\xampp\htdocs\gumovie\system\CodeIgniter.php(398): CodeIgniter\CodeIgniter->runController(Object(App\Controllers\Home))
#6 C:\xampp\htdocs\gumovie\system\CodeIgniter.php(306): CodeIgniter\CodeIgniter->handleRequest(NULL, Object(Config\Cache), false)
#7 C:\xampp\htdocs\gumovie\public\index.php(89): CodeIgniter\CodeIgniter->run()
#8 {main}
CRITICAL - 2020-11-06 00:07:21 --> Access denied for user '****'@'localhost' (using password: YES)
#0 C:\xampp\htdocs\gumovie\system\Database\BaseConnection.php(377): CodeIgniter\Database\MySQLi\Connection->connect(false)
#1 C:\xampp\htdocs\gumovie\system\Database\BaseConnection.php(643): CodeIgniter\Database\BaseConnection->initialize()
#2 C:\xampp\htdocs\gumovie\app\Models\Video_Model.php(619): CodeIgniter\Database\BaseConnection->query('SELECT * FROM `...')
#3 C:\xampp\htdocs\gumovie\app\Controllers\Home.php(85): App\Models\Video_Model->get_setting(1)
#4 C:\xampp\htdocs\gumovie\system\CodeIgniter.php(910): App\Controllers\Home->index()
#5 C:\xampp\htdocs\gumovie\system\CodeIgniter.php(398): CodeIgniter\CodeIgniter->runController(Object(App\Controllers\Home))
#6 C:\xampp\htdocs\gumovie\system\CodeIgniter.php(306): CodeIgniter\CodeIgniter->handleRequest(NULL, Object(Config\Cache), false)
#7 C:\xampp\htdocs\gumovie\public\index.php(89): CodeIgniter\CodeIgniter->run()
#8 {main}
CRITICAL - 2020-11-06 00:08:17 --> Access denied for user '****'@'ppp-49-237-23-22.revip6.asianet.co.th' (using password: YES)
#0 C:\xampp\htdocs\gumovie\system\Database\BaseConnection.php(377): CodeIgniter\Database\MySQLi\Connection->connect(false)
#1 C:\xampp\htdocs\gumovie\system\Database\BaseConnection.php(643): CodeIgniter\Database\BaseConnection->initialize()
#2 C:\xampp\htdocs\gumovie\app\Models\Video_Model.php(619): CodeIgniter\Database\BaseConnection->query('SELECT * FROM `...')
#3 C:\xampp\htdocs\gumovie\app\Controllers\Home.php(85): App\Models\Video_Model->get_setting(1)
#4 C:\xampp\htdocs\gumovie\system\CodeIgniter.php(910): App\Controllers\Home->index()
#5 C:\xampp\htdocs\gumovie\system\CodeIgniter.php(398): CodeIgniter\CodeIgniter->runController(Object(App\Controllers\Home))
#6 C:\xampp\htdocs\gumovie\system\CodeIgniter.php(306): CodeIgniter\CodeIgniter->handleRequest(NULL, Object(Config\Cache), false)
#7 C:\xampp\htdocs\gumovie\public\index.php(89): CodeIgniter\CodeIgniter->run()
#8 {main}
CRITICAL - 2020-11-06 00:09:04 --> Access denied for user '****'@'ppp-49-237-23-22.revip6.asianet.co.th' (using password: YES)
#0 C:\xampp\htdocs\gumovie\system\Database\BaseConnection.php(377): CodeIgniter\Database\MySQLi\Connection->connect(false)
#1 C:\xampp\htdocs\gumovie\system\Database\BaseConnection.php(643): CodeIgniter\Database\BaseConnection->initialize()
#2 C:\xampp\htdocs\gumovie\app\Models\Video_Model.php(619): CodeIgniter\Database\BaseConnection->query('SELECT * FROM `...')
#3 C:\xampp\htdocs\gumovie\app\Controllers\Home.php(85): App\Models\Video_Model->get_setting(1)
#4 C:\xampp\htdocs\gumovie\system\CodeIgniter.php(910): App\Controllers\Home->index()
#5 C:\xampp\htdocs\gumovie\system\CodeIgniter.php(398): CodeIgniter\CodeIgniter->runController(Object(App\Controllers\Home))
#6 C:\xampp\htdocs\gumovie\system\CodeIgniter.php(306): CodeIgniter\CodeIgniter->handleRequest(NULL, Object(Config\Cache), false)
#7 C:\xampp\htdocs\gumovie\public\index.php(89): CodeIgniter\CodeIgniter->run()
#8 {main}
CRITICAL - 2020-11-06 00:09:07 --> Access denied for user '****'@'ppp-49-237-23-22.revip6.asianet.co.th' (using password: YES)
#0 C:\xampp\htdocs\gumovie\system\Database\BaseConnection.php(377): CodeIgniter\Database\MySQLi\Connection->connect(false)
#1 C:\xampp\htdocs\gumovie\system\Database\BaseConnection.php(643): CodeIgniter\Database\BaseConnection->initialize()
#2 C:\xampp\htdocs\gumovie\app\Models\Video_Model.php(619): CodeIgniter\Database\BaseConnection->query('SELECT * FROM `...')
#3 C:\xampp\htdocs\gumovie\app\Controllers\Home.php(85): App\Models\Video_Model->get_setting(1)
#4 C:\xampp\htdocs\gumovie\system\CodeIgniter.php(910): App\Controllers\Home->index()
#5 C:\xampp\htdocs\gumovie\system\CodeIgniter.php(398): CodeIgniter\CodeIgniter->runController(Object(App\Controllers\Home))
#6 C:\xampp\htdocs\gumovie\system\CodeIgniter.php(306): CodeIgniter\CodeIgniter->handleRequest(NULL, Object(Config\Cache), false)
#7 C:\xampp\htdocs\gumovie\public\index.php(89): CodeIgniter\CodeIgniter->run()
#8 {main}
CRITICAL - 2020-11-06 00:09:44 --> Access denied for user '****'@'localhost' (using password: YES)
#0 C:\xampp\htdocs\gumovie\system\Database\BaseConnection.php(377): CodeIgniter\Database\MySQLi\Connection->connect(false)
#1 C:\xampp\htdocs\gumovie\system\Database\BaseConnection.php(643): CodeIgniter\Database\BaseConnection->initialize()
#2 C:\xampp\htdocs\gumovie\app\Models\Video_Model.php(619): CodeIgniter\Database\BaseConnection->query('SELECT * FROM `...')
#3 C:\xampp\htdocs\gumovie\app\Controllers\Home.php(85): App\Models\Video_Model->get_setting(1)
#4 C:\xampp\htdocs\gumovie\system\CodeIgniter.php(910): App\Controllers\Home->index()
#5 C:\xampp\htdocs\gumovie\system\CodeIgniter.php(398): CodeIgniter\CodeIgniter->runController(Object(App\Controllers\Home))
#6 C:\xampp\htdocs\gumovie\system\CodeIgniter.php(306): CodeIgniter\CodeIgniter->handleRequest(NULL, Object(Config\Cache), false)
#7 C:\xampp\htdocs\gumovie\public\index.php(89): CodeIgniter\CodeIgniter->run()
#8 {main}
CRITICAL - 2020-11-06 00:09:46 --> Access denied for user '****'@'localhost' (using password: YES)
#0 C:\xampp\htdocs\gumovie\system\Database\BaseConnection.php(377): CodeIgniter\Database\MySQLi\Connection->connect(false)
#1 C:\xampp\htdocs\gumovie\system\Database\BaseConnection.php(643): CodeIgniter\Database\BaseConnection->initialize()
#2 C:\xampp\htdocs\gumovie\app\Models\Video_Model.php(619): CodeIgniter\Database\BaseConnection->query('SELECT * FROM `...')
#3 C:\xampp\htdocs\gumovie\app\Controllers\Home.php(85): App\Models\Video_Model->get_setting(1)
#4 C:\xampp\htdocs\gumovie\system\CodeIgniter.php(910): App\Controllers\Home->index()
#5 C:\xampp\htdocs\gumovie\system\CodeIgniter.php(398): CodeIgniter\CodeIgniter->runController(Object(App\Controllers\Home))
#6 C:\xampp\htdocs\gumovie\system\CodeIgniter.php(306): CodeIgniter\CodeIgniter->handleRequest(NULL, Object(Config\Cache), false)
#7 C:\xampp\htdocs\gumovie\public\index.php(89): CodeIgniter\CodeIgniter->run()
#8 {main}
