CRITICAL - 2020-09-24 00:54:16 --> syntax error, unexpected '$ads' (T_VARIABLE)
#0 C:\xampp\htdocs\doofree\system\Router\Router.php(192): CodeIgniter\Router\Router->autoRoute('/')
#1 C:\xampp\htdocs\doofree\system\CodeIgniter.php(785): CodeIgniter\Router\Router->handle('/')
#2 C:\xampp\htdocs\doofree\system\CodeIgniter.php(358): CodeIgniter\CodeIgniter->tryToRouteIt(Object(CodeIgniter\Router\RouteCollection))
#3 C:\xampp\htdocs\doofree\system\CodeIgniter.php(306): CodeIgniter\CodeIgniter->handleRequest(NULL, Object(Config\Cache), false)
#4 C:\xampp\htdocs\doofree\public\index.php(45): CodeIgniter\CodeIgniter->run()
#5 {main}
CRITICAL - 2020-09-24 00:54:41 --> syntax error, unexpected '$ads' (T_VARIABLE)
#0 C:\xampp\htdocs\doofree\system\Router\Router.php(192): CodeIgniter\Router\Router->autoRoute('/')
#1 C:\xampp\htdocs\doofree\system\CodeIgniter.php(785): CodeIgniter\Router\Router->handle('/')
#2 C:\xampp\htdocs\doofree\system\CodeIgniter.php(358): CodeIgniter\CodeIgniter->tryToRouteIt(Object(CodeIgniter\Router\RouteCollection))
#3 C:\xampp\htdocs\doofree\system\CodeIgniter.php(306): CodeIgniter\CodeIgniter->handleRequest(NULL, Object(Config\Cache), false)
#4 C:\xampp\htdocs\doofree\public\index.php(45): CodeIgniter\CodeIgniter->run()
#5 {main}
CRITICAL - 2020-09-24 00:56:06 --> syntax error, unexpected '[', expecting variable (T_VARIABLE) or '{' or '$'
#0 C:\xampp\htdocs\doofree\system\Router\Router.php(192): CodeIgniter\Router\Router->autoRoute('/')
#1 C:\xampp\htdocs\doofree\system\CodeIgniter.php(785): CodeIgniter\Router\Router->handle('/')
#2 C:\xampp\htdocs\doofree\system\CodeIgniter.php(358): CodeIgniter\CodeIgniter->tryToRouteIt(Object(CodeIgniter\Router\RouteCollection))
#3 C:\xampp\htdocs\doofree\system\CodeIgniter.php(306): CodeIgniter\CodeIgniter->handleRequest(NULL, Object(Config\Cache), false)
#4 C:\xampp\htdocs\doofree\public\index.php(45): CodeIgniter\CodeIgniter->run()
#5 {main}
CRITICAL - 2020-09-24 00:56:09 --> syntax error, unexpected '[', expecting variable (T_VARIABLE) or '{' or '$'
#0 C:\xampp\htdocs\doofree\system\Router\Router.php(192): CodeIgniter\Router\Router->autoRoute('/')
#1 C:\xampp\htdocs\doofree\system\CodeIgniter.php(785): CodeIgniter\Router\Router->handle('/')
#2 C:\xampp\htdocs\doofree\system\CodeIgniter.php(358): CodeIgniter\CodeIgniter->tryToRouteIt(Object(CodeIgniter\Router\RouteCollection))
#3 C:\xampp\htdocs\doofree\system\CodeIgniter.php(306): CodeIgniter\CodeIgniter->handleRequest(NULL, Object(Config\Cache), false)
#4 C:\xampp\htdocs\doofree\public\index.php(45): CodeIgniter\CodeIgniter->run()
#5 {main}
CRITICAL - 2020-09-24 00:56:34 --> Undefined variable: setting
#0 C:\xampp\htdocs\doofree\app\Views\templates\header.php(31): CodeIgniter\Debug\Exceptions->errorHandler(8, 'Undefined varia...', 'C:\\xampp\\htdocs...', 31, Array)
#1 C:\xampp\htdocs\doofree\system\View\View.php(236): include('C:\\xampp\\htdocs...')
#2 C:\xampp\htdocs\doofree\system\Common.php(1071): CodeIgniter\View\View->render('templates/heade...', Array, true)
#3 C:\xampp\htdocs\doofree\app\Controllers\Home.php(88): view('templates/heade...', Array)
#4 C:\xampp\htdocs\doofree\system\CodeIgniter.php(910): App\Controllers\Home->index()
#5 C:\xampp\htdocs\doofree\system\CodeIgniter.php(398): CodeIgniter\CodeIgniter->runController(Object(App\Controllers\Home))
#6 C:\xampp\htdocs\doofree\system\CodeIgniter.php(306): CodeIgniter\CodeIgniter->handleRequest(NULL, Object(Config\Cache), false)
#7 C:\xampp\htdocs\doofree\public\index.php(45): CodeIgniter\CodeIgniter->run()
#8 {main}
CRITICAL - 2020-09-24 00:57:00 --> Undefined variable: category_id
#0 C:\xampp\htdocs\doofree\app\Views\templates\body2.php(228): CodeIgniter\Debug\Exceptions->errorHandler(8, 'Undefined varia...', 'C:\\xampp\\htdocs...', 228, Array)
#1 C:\xampp\htdocs\doofree\system\View\View.php(236): include('C:\\xampp\\htdocs...')
#2 C:\xampp\htdocs\doofree\system\Common.php(1071): CodeIgniter\View\View->render('templates/body2...', Array, true)
#3 C:\xampp\htdocs\doofree\app\Controllers\Home.php(88): view('templates/body2...', Array)
#4 C:\xampp\htdocs\doofree\system\CodeIgniter.php(910): App\Controllers\Home->index()
#5 C:\xampp\htdocs\doofree\system\CodeIgniter.php(398): CodeIgniter\CodeIgniter->runController(Object(App\Controllers\Home))
#6 C:\xampp\htdocs\doofree\system\CodeIgniter.php(306): CodeIgniter\CodeIgniter->handleRequest(NULL, Object(Config\Cache), false)
#7 C:\xampp\htdocs\doofree\public\index.php(45): CodeIgniter\CodeIgniter->run()
#8 {main}
CRITICAL - 2020-09-24 01:01:26 --> Undefined variable: setting
#0 C:\xampp\htdocs\doofree\app\Views\templates\header.php(31): CodeIgniter\Debug\Exceptions->errorHandler(8, 'Undefined varia...', 'C:\\xampp\\htdocs...', 31, Array)
#1 C:\xampp\htdocs\doofree\system\View\View.php(236): include('C:\\xampp\\htdocs...')
#2 C:\xampp\htdocs\doofree\system\Common.php(1071): CodeIgniter\View\View->render('templates/heade...', Array, true)
#3 C:\xampp\htdocs\doofree\app\Controllers\Home.php(86): view('templates/heade...', Array)
#4 C:\xampp\htdocs\doofree\system\CodeIgniter.php(910): App\Controllers\Home->index()
#5 C:\xampp\htdocs\doofree\system\CodeIgniter.php(398): CodeIgniter\CodeIgniter->runController(Object(App\Controllers\Home))
#6 C:\xampp\htdocs\doofree\system\CodeIgniter.php(306): CodeIgniter\CodeIgniter->handleRequest(NULL, Object(Config\Cache), false)
#7 C:\xampp\htdocs\doofree\public\index.php(45): CodeIgniter\CodeIgniter->run()
#8 {main}
CRITICAL - 2020-09-24 01:17:47 --> Undefined variable: backURL
#0 C:\xampp\htdocs\doofree\app\Views\templates\header-video.php(95): CodeIgniter\Debug\Exceptions->errorHandler(8, 'Undefined varia...', 'C:\\xampp\\htdocs...', 95, Array)
#1 C:\xampp\htdocs\doofree\system\View\View.php(236): include('C:\\xampp\\htdocs...')
#2 C:\xampp\htdocs\doofree\system\Common.php(1071): CodeIgniter\View\View->render('templates/heade...', Array, true)
#3 C:\xampp\htdocs\doofree\app\Controllers\Home.php(414): view('templates/heade...', Array)
#4 C:\xampp\htdocs\doofree\system\CodeIgniter.php(910): App\Controllers\Home->video('598')
#5 C:\xampp\htdocs\doofree\system\CodeIgniter.php(398): CodeIgniter\CodeIgniter->runController(Object(App\Controllers\Home))
#6 C:\xampp\htdocs\doofree\system\CodeIgniter.php(306): CodeIgniter\CodeIgniter->handleRequest(NULL, Object(Config\Cache), false)
#7 C:\xampp\htdocs\doofree\public\index.php(45): CodeIgniter\CodeIgniter->run()
#8 {main}
CRITICAL - 2020-09-24 01:18:03 --> Undefined variable: title_web
#0 C:\xampp\htdocs\doofree\app\Views\templates\header-video.php(77): CodeIgniter\Debug\Exceptions->errorHandler(8, 'Undefined varia...', 'C:\\xampp\\htdocs...', 77, Array)
#1 C:\xampp\htdocs\doofree\system\View\View.php(236): include('C:\\xampp\\htdocs...')
#2 C:\xampp\htdocs\doofree\system\Common.php(1071): CodeIgniter\View\View->render('templates/heade...', Array, true)
#3 C:\xampp\htdocs\doofree\app\Controllers\Home.php(414): view('templates/heade...', Array)
#4 C:\xampp\htdocs\doofree\system\CodeIgniter.php(910): App\Controllers\Home->video('598')
#5 C:\xampp\htdocs\doofree\system\CodeIgniter.php(398): CodeIgniter\CodeIgniter->runController(Object(App\Controllers\Home))
#6 C:\xampp\htdocs\doofree\system\CodeIgniter.php(306): CodeIgniter\CodeIgniter->handleRequest(NULL, Object(Config\Cache), false)
#7 C:\xampp\htdocs\doofree\public\index.php(45): CodeIgniter\CodeIgniter->run()
#8 {main}
CRITICAL - 2020-09-24 01:18:39 --> Undefined variable: discription_web
#0 C:\xampp\htdocs\doofree\app\Views\templates\header-video.php(79): CodeIgniter\Debug\Exceptions->errorHandler(8, 'Undefined varia...', 'C:\\xampp\\htdocs...', 79, Array)
#1 C:\xampp\htdocs\doofree\system\View\View.php(236): include('C:\\xampp\\htdocs...')
#2 C:\xampp\htdocs\doofree\system\Common.php(1071): CodeIgniter\View\View->render('templates/heade...', Array, true)
#3 C:\xampp\htdocs\doofree\app\Controllers\Home.php(415): view('templates/heade...', Array)
#4 C:\xampp\htdocs\doofree\system\CodeIgniter.php(910): App\Controllers\Home->video('598')
#5 C:\xampp\htdocs\doofree\system\CodeIgniter.php(398): CodeIgniter\CodeIgniter->runController(Object(App\Controllers\Home))
#6 C:\xampp\htdocs\doofree\system\CodeIgniter.php(306): CodeIgniter\CodeIgniter->handleRequest(NULL, Object(Config\Cache), false)
#7 C:\xampp\htdocs\doofree\public\index.php(45): CodeIgniter\CodeIgniter->run()
#8 {main}
CRITICAL - 2020-09-24 01:18:57 --> Undefined variable: get_img_og
#0 C:\xampp\htdocs\doofree\app\Views\templates\header-video.php(81): CodeIgniter\Debug\Exceptions->errorHandler(8, 'Undefined varia...', 'C:\\xampp\\htdocs...', 81, Array)
#1 C:\xampp\htdocs\doofree\system\View\View.php(236): include('C:\\xampp\\htdocs...')
#2 C:\xampp\htdocs\doofree\system\Common.php(1071): CodeIgniter\View\View->render('templates/heade...', Array, true)
#3 C:\xampp\htdocs\doofree\app\Controllers\Home.php(417): view('templates/heade...', Array)
#4 C:\xampp\htdocs\doofree\system\CodeIgniter.php(910): App\Controllers\Home->video('598')
#5 C:\xampp\htdocs\doofree\system\CodeIgniter.php(398): CodeIgniter\CodeIgniter->runController(Object(App\Controllers\Home))
#6 C:\xampp\htdocs\doofree\system\CodeIgniter.php(306): CodeIgniter\CodeIgniter->handleRequest(NULL, Object(Config\Cache), false)
#7 C:\xampp\htdocs\doofree\public\index.php(45): CodeIgniter\CodeIgniter->run()
#8 {main}
CRITICAL - 2020-09-24 01:19:05 --> syntax error, unexpected ''setting'' (T_CONSTANT_ENCAPSED_STRING), expecting ']'
#0 C:\xampp\htdocs\doofree\system\Autoloader\Autoloader.php(296): CodeIgniter\Autoloader\Autoloader->requireFile('C:\\xampp\\htdocs...')
#1 C:\xampp\htdocs\doofree\system\Autoloader\Autoloader.php(258): CodeIgniter\Autoloader\Autoloader->loadInNamespace('App\\Controllers...')
#2 [internal function]: CodeIgniter\Autoloader\Autoloader->loadClass('App\\Controllers...')
#3 [internal function]: spl_autoload_call('App\\Controllers...')
#4 C:\xampp\htdocs\doofree\system\CodeIgniter.php(861): class_exists('\\App\\Controller...', true)
#5 C:\xampp\htdocs\doofree\system\CodeIgniter.php(388): CodeIgniter\CodeIgniter->startController()
#6 C:\xampp\htdocs\doofree\system\CodeIgniter.php(306): CodeIgniter\CodeIgniter->handleRequest(NULL, Object(Config\Cache), false)
#7 C:\xampp\htdocs\doofree\public\index.php(45): CodeIgniter\CodeIgniter->run()
#8 {main}
