CRITICAL - 2021-02-02 00:27:19 --> Cannot redeclare calltemplate() (previously declared in C:\xampp\htdocs\template\app\Helpers\pagination_helper.php:4)
#0 [internal function]: CodeIgniter\Debug\Exceptions->shutdownHandler()
#1 {main}
CRITICAL - 2021-02-02 00:33:57 --> Undefined variable: setting
#0 C:\xampp\htdocs\template\app\Controllers\Home.php(44): CodeIgniter\Debug\Exceptions->errorHandler(8, 'Undefined varia...', 'C:\\xampp\\htdocs...', 44, Array)
#1 C:\xampp\htdocs\template\system\CodeIgniter.php(910): App\Controllers\Home->index()
#2 C:\xampp\htdocs\template\system\CodeIgniter.php(398): CodeIgniter\CodeIgniter->runController(Object(App\Controllers\Home))
#3 C:\xampp\htdocs\template\system\CodeIgniter.php(306): CodeIgniter\CodeIgniter->handleRequest(NULL, Object(Config\Cache), false)
#4 C:\xampp\htdocs\template\index.php(45): CodeIgniter\CodeIgniter->run()
#5 {main}
CRITICAL - 2021-02-02 01:05:01 --> Undefined property: App\Controllers\Home::$branch
#0 C:\xampp\htdocs\template\app\Controllers\Home.php(31): CodeIgniter\Debug\Exceptions->errorHandler(8, 'Undefined prope...', 'C:\\xampp\\htdocs...', 31, Array)
#1 C:\xampp\htdocs\template\system\CodeIgniter.php(882): App\Controllers\Home->__construct()
#2 C:\xampp\htdocs\template\system\CodeIgniter.php(393): CodeIgniter\CodeIgniter->createController()
#3 C:\xampp\htdocs\template\system\CodeIgniter.php(306): CodeIgniter\CodeIgniter->handleRequest(NULL, Object(Config\Cache), false)
#4 C:\xampp\htdocs\template\index.php(45): CodeIgniter\CodeIgniter->run()
#5 {main}
CRITICAL - 2021-02-02 01:26:17 --> Undefined property: App\Controllers\Home::$cate_req
#0 C:\xampp\htdocs\template\app\Controllers\Home.php(50): CodeIgniter\Debug\Exceptions->errorHandler(8, 'Undefined prope...', 'C:\\xampp\\htdocs...', 50, Array)
#1 C:\xampp\htdocs\template\system\CodeIgniter.php(910): App\Controllers\Home->index()
#2 C:\xampp\htdocs\template\system\CodeIgniter.php(398): CodeIgniter\CodeIgniter->runController(Object(App\Controllers\Home))
#3 C:\xampp\htdocs\template\system\CodeIgniter.php(306): CodeIgniter\CodeIgniter->handleRequest(NULL, Object(Config\Cache), false)
#4 C:\xampp\htdocs\template\index.php(45): CodeIgniter\CodeIgniter->run()
#5 {main}
CRITICAL - 2021-02-02 01:41:01 --> Undefined property: App\Controllers\Home::$base_backurl
#0 C:\xampp\htdocs\template\app\Controllers\Home.php(82): CodeIgniter\Debug\Exceptions->errorHandler(8, 'Undefined prope...', 'C:\\xampp\\htdocs...', 82, Array)
#1 C:\xampp\htdocs\template\system\CodeIgniter.php(910): App\Controllers\Home->index()
#2 C:\xampp\htdocs\template\system\CodeIgniter.php(398): CodeIgniter\CodeIgniter->runController(Object(App\Controllers\Home))
#3 C:\xampp\htdocs\template\system\CodeIgniter.php(306): CodeIgniter\CodeIgniter->handleRequest(NULL, Object(Config\Cache), false)
#4 C:\xampp\htdocs\template\index.php(45): CodeIgniter\CodeIgniter->run()
#5 {main}
CRITICAL - 2021-02-02 01:41:13 --> Undefined property: App\Controllers\Home::$base_backurl
#0 C:\xampp\htdocs\template\app\Controllers\Home.php(82): CodeIgniter\Debug\Exceptions->errorHandler(8, 'Undefined prope...', 'C:\\xampp\\htdocs...', 82, Array)
#1 C:\xampp\htdocs\template\system\CodeIgniter.php(910): App\Controllers\Home->index()
#2 C:\xampp\htdocs\template\system\CodeIgniter.php(398): CodeIgniter\CodeIgniter->runController(Object(App\Controllers\Home))
#3 C:\xampp\htdocs\template\system\CodeIgniter.php(306): CodeIgniter\CodeIgniter->handleRequest(NULL, Object(Config\Cache), false)
#4 C:\xampp\htdocs\template\index.php(45): CodeIgniter\CodeIgniter->run()
#5 {main}
CRITICAL - 2021-02-02 01:41:56 --> Undefined variable: path_imgads
#0 C:\xampp\htdocs\template\app\Views\movie\MV-1\body.php(267): CodeIgniter\Debug\Exceptions->errorHandler(8, 'Undefined varia...', 'C:\\xampp\\htdocs...', 267, Array)
#1 C:\xampp\htdocs\template\system\View\View.php(236): include('C:\\xampp\\htdocs...')
#2 C:\xampp\htdocs\template\system\Common.php(1071): CodeIgniter\View\View->render('movie/MV-1/body...', Array, true)
#3 C:\xampp\htdocs\template\app\Controllers\Home.php(93): view('movie/MV-1/body...', Array)
#4 C:\xampp\htdocs\template\system\CodeIgniter.php(910): App\Controllers\Home->index()
#5 C:\xampp\htdocs\template\system\CodeIgniter.php(398): CodeIgniter\CodeIgniter->runController(Object(App\Controllers\Home))
#6 C:\xampp\htdocs\template\system\CodeIgniter.php(306): CodeIgniter\CodeIgniter->handleRequest(NULL, Object(Config\Cache), false)
#7 C:\xampp\htdocs\template\index.php(45): CodeIgniter\CodeIgniter->run()
#8 {main}
CRITICAL - 2021-02-02 01:42:16 --> Undefined variable: path_imgads
#0 C:\xampp\htdocs\template\app\Views\movie\MV-1\body.php(267): CodeIgniter\Debug\Exceptions->errorHandler(8, 'Undefined varia...', 'C:\\xampp\\htdocs...', 267, Array)
#1 C:\xampp\htdocs\template\system\View\View.php(236): include('C:\\xampp\\htdocs...')
#2 C:\xampp\htdocs\template\system\Common.php(1071): CodeIgniter\View\View->render('movie/MV-1/body...', Array, true)
#3 C:\xampp\htdocs\template\app\Controllers\Home.php(93): view('movie/MV-1/body...', Array)
#4 C:\xampp\htdocs\template\system\CodeIgniter.php(910): App\Controllers\Home->index()
#5 C:\xampp\htdocs\template\system\CodeIgniter.php(398): CodeIgniter\CodeIgniter->runController(Object(App\Controllers\Home))
#6 C:\xampp\htdocs\template\system\CodeIgniter.php(306): CodeIgniter\CodeIgniter->handleRequest(NULL, Object(Config\Cache), false)
#7 C:\xampp\htdocs\template\index.php(45): CodeIgniter\CodeIgniter->run()
#8 {main}
CRITICAL - 2021-02-02 01:43:01 --> Undefined variable: path_imgads
#0 C:\xampp\htdocs\template\app\Views\movie\MV-1\body.php(288): CodeIgniter\Debug\Exceptions->errorHandler(8, 'Undefined varia...', 'C:\\xampp\\htdocs...', 288, Array)
#1 C:\xampp\htdocs\template\system\View\View.php(236): include('C:\\xampp\\htdocs...')
#2 C:\xampp\htdocs\template\system\Common.php(1071): CodeIgniter\View\View->render('movie/MV-1/body...', Array, true)
#3 C:\xampp\htdocs\template\app\Controllers\Home.php(93): view('movie/MV-1/body...', Array)
#4 C:\xampp\htdocs\template\system\CodeIgniter.php(910): App\Controllers\Home->index()
#5 C:\xampp\htdocs\template\system\CodeIgniter.php(398): CodeIgniter\CodeIgniter->runController(Object(App\Controllers\Home))
#6 C:\xampp\htdocs\template\system\CodeIgniter.php(306): CodeIgniter\CodeIgniter->handleRequest(NULL, Object(Config\Cache), false)
#7 C:\xampp\htdocs\template\index.php(45): CodeIgniter\CodeIgniter->run()
#8 {main}
CRITICAL - 2021-02-02 01:44:17 --> syntax error, unexpected 'public' (T_PUBLIC)
#0 C:\xampp\htdocs\template\system\Autoloader\Autoloader.php(296): CodeIgniter\Autoloader\Autoloader->requireFile('C:\\xampp\\htdocs...')
#1 C:\xampp\htdocs\template\system\Autoloader\Autoloader.php(258): CodeIgniter\Autoloader\Autoloader->loadInNamespace('App\\Models\\Vide...')
#2 [internal function]: CodeIgniter\Autoloader\Autoloader->loadClass('App\\Models\\Vide...')
#3 C:\xampp\htdocs\template\app\Controllers\Home.php(22): spl_autoload_call('App\\Models\\Vide...')
#4 C:\xampp\htdocs\template\system\CodeIgniter.php(882): App\Controllers\Home->__construct()
#5 C:\xampp\htdocs\template\system\CodeIgniter.php(393): CodeIgniter\CodeIgniter->createController()
#6 C:\xampp\htdocs\template\system\CodeIgniter.php(306): CodeIgniter\CodeIgniter->handleRequest(NULL, Object(Config\Cache), false)
#7 C:\xampp\htdocs\template\index.php(45): CodeIgniter\CodeIgniter->run()
#8 {main}
CRITICAL - 2021-02-02 01:44:41 --> Undefined variable: path_imgads
#0 C:\xampp\htdocs\template\app\Views\movie\MV-1\body.php(288): CodeIgniter\Debug\Exceptions->errorHandler(8, 'Undefined varia...', 'C:\\xampp\\htdocs...', 288, Array)
#1 C:\xampp\htdocs\template\system\View\View.php(236): include('C:\\xampp\\htdocs...')
#2 C:\xampp\htdocs\template\system\Common.php(1071): CodeIgniter\View\View->render('movie/MV-1/body...', Array, true)
#3 C:\xampp\htdocs\template\app\Controllers\Home.php(93): view('movie/MV-1/body...', Array)
#4 C:\xampp\htdocs\template\system\CodeIgniter.php(910): App\Controllers\Home->index()
#5 C:\xampp\htdocs\template\system\CodeIgniter.php(398): CodeIgniter\CodeIgniter->runController(Object(App\Controllers\Home))
#6 C:\xampp\htdocs\template\system\CodeIgniter.php(306): CodeIgniter\CodeIgniter->handleRequest(NULL, Object(Config\Cache), false)
#7 C:\xampp\htdocs\template\index.php(45): CodeIgniter\CodeIgniter->run()
#8 {main}
CRITICAL - 2021-02-02 02:49:53 --> Constant FCPATH already defined
#0 [internal function]: CodeIgniter\Debug\Exceptions->errorHandler(8, 'Constant FCPATH...', 'C:\\xampp\\htdocs...', 12, Array)
#1 C:\xampp\htdocs\template\index.php(12): define('FCPATH', 'C:\\xampp\\htdocs...')
#2 C:\xampp\htdocs\template\app\Views\movie\MV-1\body.php(226): include('C:\\xampp\\htdocs...')
#3 C:\xampp\htdocs\template\system\View\View.php(236): include('C:\\xampp\\htdocs...')
#4 C:\xampp\htdocs\template\system\Common.php(1071): CodeIgniter\View\View->render('movie/MV-1/body...', Array, true)
#5 C:\xampp\htdocs\template\app\Controllers\Home.php(90): view('movie/MV-1/body...', Array)
#6 C:\xampp\htdocs\template\system\CodeIgniter.php(910): App\Controllers\Home->index()
#7 C:\xampp\htdocs\template\system\CodeIgniter.php(398): CodeIgniter\CodeIgniter->runController(Object(App\Controllers\Home))
#8 C:\xampp\htdocs\template\system\CodeIgniter.php(306): CodeIgniter\CodeIgniter->handleRequest(NULL, Object(Config\Cache), false)
#9 C:\xampp\htdocs\template\index.php(45): CodeIgniter\CodeIgniter->run()
#10 {main}
CRITICAL - 2021-02-02 06:16:20 --> Undefined index: cate_req
#0 C:\xampp\htdocs\template\app\Helpers\template_helper.php(28): CodeIgniter\Debug\Exceptions->errorHandler(8, 'Undefined index...', 'C:\\xampp\\htdocs...', 28, Array)
#1 C:\xampp\htdocs\template\app\Controllers\Home.php(95): calltemplate('MV-1', 'list', Array)
#2 C:\xampp\htdocs\template\system\CodeIgniter.php(910): App\Controllers\Home->video_bycate('6', '%E0%B8%AB%E0%B8...')
#3 C:\xampp\htdocs\template\system\CodeIgniter.php(398): CodeIgniter\CodeIgniter->runController(Object(App\Controllers\Home))
#4 C:\xampp\htdocs\template\system\CodeIgniter.php(306): CodeIgniter\CodeIgniter->handleRequest(NULL, Object(Config\Cache), false)
#5 C:\xampp\htdocs\template\index.php(45): CodeIgniter\CodeIgniter->run()
#6 {main}
CRITICAL - 2021-02-02 06:17:35 --> Undefined property: App\Controllers\Home::$base_backurl
#0 C:\xampp\htdocs\template\app\Controllers\Home.php(111): CodeIgniter\Debug\Exceptions->errorHandler(8, 'Undefined prope...', 'C:\\xampp\\htdocs...', 111, Array)
#1 C:\xampp\htdocs\template\system\CodeIgniter.php(910): App\Controllers\Home->video_bycate('6', '%E0%B8%AB%E0%B8...')
#2 C:\xampp\htdocs\template\system\CodeIgniter.php(398): CodeIgniter\CodeIgniter->runController(Object(App\Controllers\Home))
#3 C:\xampp\htdocs\template\system\CodeIgniter.php(306): CodeIgniter\CodeIgniter->handleRequest(NULL, Object(Config\Cache), false)
#4 C:\xampp\htdocs\template\index.php(45): CodeIgniter\CodeIgniter->run()
#5 {main}
CRITICAL - 2021-02-02 06:18:20 --> Undefined property: App\Controllers\Home::$base_backurl
#0 C:\xampp\htdocs\template\app\Controllers\Home.php(111): CodeIgniter\Debug\Exceptions->errorHandler(8, 'Undefined prope...', 'C:\\xampp\\htdocs...', 111, Array)
#1 C:\xampp\htdocs\template\system\CodeIgniter.php(910): App\Controllers\Home->video_bycate('6', '%E0%B8%AB%E0%B8...')
#2 C:\xampp\htdocs\template\system\CodeIgniter.php(398): CodeIgniter\CodeIgniter->runController(Object(App\Controllers\Home))
#3 C:\xampp\htdocs\template\system\CodeIgniter.php(306): CodeIgniter\CodeIgniter->handleRequest(NULL, Object(Config\Cache), false)
#4 C:\xampp\htdocs\template\index.php(45): CodeIgniter\CodeIgniter->run()
#5 {main}
CRITICAL - 2021-02-02 06:18:28 --> Undefined property: App\Controllers\Home::$base_backurl
#0 C:\xampp\htdocs\template\app\Controllers\Home.php(111): CodeIgniter\Debug\Exceptions->errorHandler(8, 'Undefined prope...', 'C:\\xampp\\htdocs...', 111, Array)
#1 C:\xampp\htdocs\template\system\CodeIgniter.php(910): App\Controllers\Home->video_bycate('6', '%E0%B8%AB%E0%B8...')
#2 C:\xampp\htdocs\template\system\CodeIgniter.php(398): CodeIgniter\CodeIgniter->runController(Object(App\Controllers\Home))
#3 C:\xampp\htdocs\template\system\CodeIgniter.php(306): CodeIgniter\CodeIgniter->handleRequest(NULL, Object(Config\Cache), false)
#4 C:\xampp\htdocs\template\index.php(45): CodeIgniter\CodeIgniter->run()
#5 {main}
CRITICAL - 2021-02-02 06:18:56 --> Invalid file: templates/header.php
#0 C:\xampp\htdocs\template\system\View\View.php(224): CodeIgniter\Exceptions\FrameworkException::forInvalidFile('templates/heade...')
#1 C:\xampp\htdocs\template\system\Common.php(1071): CodeIgniter\View\View->render('templates/heade...', Array, true)
#2 C:\xampp\htdocs\template\app\Controllers\Home.php(114): view('templates/heade...', Array)
#3 C:\xampp\htdocs\template\system\CodeIgniter.php(910): App\Controllers\Home->video_bycate('6', '%E0%B8%AB%E0%B8...')
#4 C:\xampp\htdocs\template\system\CodeIgniter.php(398): CodeIgniter\CodeIgniter->runController(Object(App\Controllers\Home))
#5 C:\xampp\htdocs\template\system\CodeIgniter.php(306): CodeIgniter\CodeIgniter->handleRequest(NULL, Object(Config\Cache), false)
#6 C:\xampp\htdocs\template\index.php(45): CodeIgniter\CodeIgniter->run()
#7 {main}
