CRITICAL - 2021-03-17 02:15:51 --> Undefined variable: val
#0 C:\xampp\htdocs\template\app\Views\movie\MV-4\body.php(143): CodeIgniter\Debug\Exceptions->errorHandler(8, 'Undefined varia...', 'C:\\xampp\\htdocs...', 143, Array)
#1 C:\xampp\htdocs\template\system\View\View.php(236): include('C:\\xampp\\htdocs...')
#2 C:\xampp\htdocs\template\system\Common.php(1071): CodeIgniter\View\View->render('movie/MV-4/body...', Array, true)
#3 C:\xampp\htdocs\template\app\Controllers\Home.php(71): view('movie/MV-4/body...')
#4 C:\xampp\htdocs\template\system\CodeIgniter.php(910): App\Controllers\Home->index()
#5 C:\xampp\htdocs\template\system\CodeIgniter.php(398): CodeIgniter\CodeIgniter->runController(Object(App\Controllers\Home))
#6 C:\xampp\htdocs\template\system\CodeIgniter.php(306): CodeIgniter\CodeIgniter->handleRequest(NULL, Object(Config\Cache), false)
#7 C:\xampp\htdocs\template\index.php(45): CodeIgniter\CodeIgniter->run()
#8 {main}
CRITICAL - 2021-03-17 02:44:57 --> Invalid file: {0}
#0 C:\xampp\htdocs\template\system\View\View.php(224): CodeIgniter\Exceptions\FrameworkException::forInvalidFile('anime/header.ph...')
#1 C:\xampp\htdocs\template\system\Common.php(1071): CodeIgniter\View\View->render('anime/header.ph...', Array, true)
#2 C:\xampp\htdocs\template\app\Controllers\An_Home.php(79): view('anime/header.ph...', Array)
#3 C:\xampp\htdocs\template\system\CodeIgniter.php(910): App\Controllers\An_Home->index()
#4 C:\xampp\htdocs\template\system\CodeIgniter.php(398): CodeIgniter\CodeIgniter->runController(Object(App\Controllers\An_Home))
#5 C:\xampp\htdocs\template\system\CodeIgniter.php(306): CodeIgniter\CodeIgniter->handleRequest(NULL, Object(Config\Cache), false)
#6 C:\xampp\htdocs\template\index.php(45): CodeIgniter\CodeIgniter->run()
#7 {main}
CRITICAL - 2021-03-17 02:45:04 --> Invalid file: {0}
#0 C:\xampp\htdocs\template\system\View\View.php(224): CodeIgniter\Exceptions\FrameworkException::forInvalidFile('AV/header.php')
#1 C:\xampp\htdocs\template\system\Common.php(1071): CodeIgniter\View\View->render('AV/header.php', Array, true)
#2 C:\xampp\htdocs\template\app\Controllers\Av_Home.php(84): view('AV/header.php', Array)
#3 C:\xampp\htdocs\template\system\CodeIgniter.php(910): App\Controllers\Av_Home->index()
#4 C:\xampp\htdocs\template\system\CodeIgniter.php(398): CodeIgniter\CodeIgniter->runController(Object(App\Controllers\Av_Home))
#5 C:\xampp\htdocs\template\system\CodeIgniter.php(306): CodeIgniter\CodeIgniter->handleRequest(NULL, Object(Config\Cache), false)
#6 C:\xampp\htdocs\template\index.php(45): CodeIgniter\CodeIgniter->run()
#7 {main}
CRITICAL - 2021-03-17 02:49:12 --> Invalid file: {0}
#0 C:\xampp\htdocs\template\system\View\View.php(224): CodeIgniter\Exceptions\FrameworkException::forInvalidFile('clips/header.ph...')
#1 C:\xampp\htdocs\template\system\Common.php(1071): CodeIgniter\View\View->render('clips/header.ph...', Array, true)
#2 C:\xampp\htdocs\template\app\Controllers\Clips_Home.php(84): view('clips/header.ph...', Array)
#3 C:\xampp\htdocs\template\system\CodeIgniter.php(910): App\Controllers\Clips_Home->index()
#4 C:\xampp\htdocs\template\system\CodeIgniter.php(398): CodeIgniter\CodeIgniter->runController(Object(App\Controllers\Clips_Home))
#5 C:\xampp\htdocs\template\system\CodeIgniter.php(306): CodeIgniter\CodeIgniter->handleRequest(NULL, Object(Config\Cache), false)
#6 C:\xampp\htdocs\template\index.php(45): CodeIgniter\CodeIgniter->run()
#7 {main}
CRITICAL - 2021-03-17 02:52:31 --> Undefined index: movie_name
#0 C:\xampp\htdocs\template\app\Views\movie\MV-1\body.php(25): CodeIgniter\Debug\Exceptions->errorHandler(8, 'Undefined index...', 'C:\\xampp\\htdocs...', 25, Array)
#1 C:\xampp\htdocs\template\system\View\View.php(236): include('C:\\xampp\\htdocs...')
#2 C:\xampp\htdocs\template\system\Common.php(1071): CodeIgniter\View\View->render('movie/MV-1/body...', Array, true)
#3 C:\xampp\htdocs\template\app\Controllers\Home.php(71): view('movie/MV-1/body...')
#4 C:\xampp\htdocs\template\system\CodeIgniter.php(910): App\Controllers\Home->index()
#5 C:\xampp\htdocs\template\system\CodeIgniter.php(398): CodeIgniter\CodeIgniter->runController(Object(App\Controllers\Home))
#6 C:\xampp\htdocs\template\system\CodeIgniter.php(306): CodeIgniter\CodeIgniter->handleRequest(NULL, Object(Config\Cache), false)
#7 C:\xampp\htdocs\template\index.php(45): CodeIgniter\CodeIgniter->run()
#8 {main}
CRITICAL - 2021-03-17 02:52:52 --> Undefined variable: vdorandom
#0 C:\xampp\htdocs\template\app\Views\movie\MV-1\video.php(298): CodeIgniter\Debug\Exceptions->errorHandler(8, 'Undefined varia...', 'C:\\xampp\\htdocs...', 298, Array)
#1 C:\xampp\htdocs\template\system\View\View.php(236): include('C:\\xampp\\htdocs...')
#2 C:\xampp\htdocs\template\system\Common.php(1071): CodeIgniter\View\View->render('movie/MV-1/vide...', Array, true)
#3 C:\xampp\htdocs\template\app\Controllers\Home.php(539): view('movie/MV-1/vide...')
#4 C:\xampp\htdocs\template\system\CodeIgniter.php(910): App\Controllers\Home->video('20044', '%E0%B8%84%E0%B8...')
#5 C:\xampp\htdocs\template\system\CodeIgniter.php(398): CodeIgniter\CodeIgniter->runController(Object(App\Controllers\Home))
#6 C:\xampp\htdocs\template\system\CodeIgniter.php(306): CodeIgniter\CodeIgniter->handleRequest(NULL, Object(Config\Cache), false)
#7 C:\xampp\htdocs\template\index.php(45): CodeIgniter\CodeIgniter->run()
#8 {main}
CRITICAL - 2021-03-17 02:53:10 --> Undefined variable: vdeo_random
#0 C:\xampp\htdocs\template\app\Views\movie\MV-1\video.php(298): CodeIgniter\Debug\Exceptions->errorHandler(8, 'Undefined varia...', 'C:\\xampp\\htdocs...', 298, Array)
#1 C:\xampp\htdocs\template\system\View\View.php(236): include('C:\\xampp\\htdocs...')
#2 C:\xampp\htdocs\template\system\Common.php(1071): CodeIgniter\View\View->render('movie/MV-1/vide...', Array, true)
#3 C:\xampp\htdocs\template\app\Controllers\Home.php(539): view('movie/MV-1/vide...')
#4 C:\xampp\htdocs\template\system\CodeIgniter.php(910): App\Controllers\Home->video('20044', '%E0%B8%84%E0%B8...')
#5 C:\xampp\htdocs\template\system\CodeIgniter.php(398): CodeIgniter\CodeIgniter->runController(Object(App\Controllers\Home))
#6 C:\xampp\htdocs\template\system\CodeIgniter.php(306): CodeIgniter\CodeIgniter->handleRequest(NULL, Object(Config\Cache), false)
#7 C:\xampp\htdocs\template\index.php(45): CodeIgniter\CodeIgniter->run()
#8 {main}
CRITICAL - 2021-03-17 04:30:52 --> You have an error in your SQL syntax; check the manual that corresponds to your MariaDB server version for the right syntax to use near 'AND `mo_movie`.movie_create DESC' at line 6
#0 C:\xampp\htdocs\template\system\Database\MySQLi\Connection.php(330): mysqli->query('SELECT\r\n       ...')
#1 C:\xampp\htdocs\template\system\Database\BaseConnection.php(738): CodeIgniter\Database\MySQLi\Connection->execute('SELECT\r\n       ...')
#2 C:\xampp\htdocs\template\system\Database\BaseConnection.php(666): CodeIgniter\Database\BaseConnection->simpleQuery('SELECT\r\n       ...')
#3 C:\xampp\htdocs\template\app\Models\Video_Model.php(336): CodeIgniter\Database\BaseConnection->query('SELECT\r\n       ...')
#4 C:\xampp\htdocs\template\app\Helpers\template_helper.php(149): App\Models\Video_Model->get_id_video_byyear('2020', 1, 24, 1)
#5 C:\xampp\htdocs\template\app\Controllers\Home.php(137): calltemplate('MV-2', 'video_byyear', Array)
#6 C:\xampp\htdocs\template\system\CodeIgniter.php(910): App\Controllers\Home->video_byyear('2020')
#7 C:\xampp\htdocs\template\system\CodeIgniter.php(398): CodeIgniter\CodeIgniter->runController(Object(App\Controllers\Home))
#8 C:\xampp\htdocs\template\system\CodeIgniter.php(306): CodeIgniter\CodeIgniter->handleRequest(NULL, Object(Config\Cache), false)
#9 C:\xampp\htdocs\template\index.php(45): CodeIgniter\CodeIgniter->run()
#10 {main}
