CRITICAL - 2020-11-08 01:33:30 --> Invalid file: {0}
#0 C:\xampp\htdocs\gumovie\system\View\View.php(224): CodeIgniter\Exceptions\FrameworkException::forInvalidFile('templates/heade...')
#1 C:\xampp\htdocs\gumovie\system\Common.php(1071): CodeIgniter\View\View->render('templates/heade...', Array, true)
#2 C:\xampp\htdocs\gumovie\app\Controllers\Home.php(113): view('templates/heade...', Array)
#3 C:\xampp\htdocs\gumovie\system\CodeIgniter.php(910): App\Controllers\Home->index()
#4 C:\xampp\htdocs\gumovie\system\CodeIgniter.php(398): CodeIgniter\CodeIgniter->runController(Object(App\Controllers\Home))
#5 C:\xampp\htdocs\gumovie\system\CodeIgniter.php(306): CodeIgniter\CodeIgniter->handleRequest(NULL, Object(Config\Cache), false)
#6 C:\xampp\htdocs\gumovie\public\index.php(89): CodeIgniter\CodeIgniter->run()
#7 {main}
CRITICAL - 2020-11-08 01:51:15 --> Invalid file: {0}
#0 C:\xampp\htdocs\gumovie\system\View\View.php(224): CodeIgniter\Exceptions\FrameworkException::forInvalidFile('templates/heade...')
#1 C:\xampp\htdocs\gumovie\system\Common.php(1071): CodeIgniter\View\View->render('templates/heade...', Array, true)
#2 C:\xampp\htdocs\gumovie\app\Controllers\Home.php(113): view('templates/heade...', Array)
#3 C:\xampp\htdocs\gumovie\system\CodeIgniter.php(910): App\Controllers\Home->index()
#4 C:\xampp\htdocs\gumovie\system\CodeIgniter.php(398): CodeIgniter\CodeIgniter->runController(Object(App\Controllers\Home))
#5 C:\xampp\htdocs\gumovie\system\CodeIgniter.php(306): CodeIgniter\CodeIgniter->handleRequest(NULL, Object(Config\Cache), false)
#6 C:\xampp\htdocs\gumovie\public\index.php(89): CodeIgniter\CodeIgniter->run()
#7 {main}
CRITICAL - 2020-11-08 23:08:30 --> Access denied for user '****'@'localhost' (using password: YES)
#0 C:\xampp\htdocs\gumovie\system\Database\BaseConnection.php(377): CodeIgniter\Database\MySQLi\Connection->connect(false)
#1 C:\xampp\htdocs\gumovie\system\Database\BaseConnection.php(643): CodeIgniter\Database\BaseConnection->initialize()
#2 C:\xampp\htdocs\gumovie\app\Models\Video_Model.php(619): CodeIgniter\Database\BaseConnection->query('SELECT * FROM `...')
#3 C:\xampp\htdocs\gumovie\app\Controllers\Home.php(169): App\Models\Video_Model->get_setting(1)
#4 C:\xampp\htdocs\gumovie\system\CodeIgniter.php(910): App\Controllers\Home->index()
#5 C:\xampp\htdocs\gumovie\system\CodeIgniter.php(398): CodeIgniter\CodeIgniter->runController(Object(App\Controllers\Home))
#6 C:\xampp\htdocs\gumovie\system\CodeIgniter.php(306): CodeIgniter\CodeIgniter->handleRequest(NULL, Object(Config\Cache), false)
#7 C:\xampp\htdocs\gumovie\public\index.php(89): CodeIgniter\CodeIgniter->run()
#8 {main}
CRITICAL - 2020-11-08 23:38:55 --> You have an error in your SQL syntax; check the manual that corresponds to your MariaDB server version for the right syntax to use near ''12'' at line 8
#0 C:\xampp\htdocs\gumovie\system\Database\MySQLi\Connection.php(330): mysqli->query('SELECT \r\n      ...')
#1 C:\xampp\htdocs\gumovie\system\Database\BaseConnection.php(738): CodeIgniter\Database\MySQLi\Connection->execute('SELECT \r\n      ...')
#2 C:\xampp\htdocs\gumovie\system\Database\BaseConnection.php(666): CodeIgniter\Database\BaseConnection->simpleQuery('SELECT \r\n      ...')
#3 C:\xampp\htdocs\gumovie\app\Helpers\pagination_helper.php(15): CodeIgniter\Database\BaseConnection->query('SELECT \r\n      ...', Array)
#4 C:\xampp\htdocs\gumovie\app\Models\Video_Model.php(115): get_pagination('SELECT \r\n      ...', 1, '12', 21)
#5 C:\xampp\htdocs\gumovie\app\Controllers\Home.php(49): App\Models\Video_Model->get_list_video_zoom(1, 1, '12')
#6 C:\xampp\htdocs\gumovie\system\CodeIgniter.php(910): App\Controllers\Home->index()
#7 C:\xampp\htdocs\gumovie\system\CodeIgniter.php(398): CodeIgniter\CodeIgniter->runController(Object(App\Controllers\Home))
#8 C:\xampp\htdocs\gumovie\system\CodeIgniter.php(306): CodeIgniter\CodeIgniter->handleRequest(NULL, Object(Config\Cache), false)
#9 C:\xampp\htdocs\gumovie\public\index.php(89): CodeIgniter\CodeIgniter->run()
#10 {main}
CRITICAL - 2020-11-08 23:55:16 --> Unknown column 'mo_movie.movie_id' in 'on clause'
#0 C:\xampp\htdocs\gumovie\system\Database\MySQLi\Connection.php(330): mysqli->query('SELECT\r\n       ...')
#1 C:\xampp\htdocs\gumovie\system\Database\BaseConnection.php(738): CodeIgniter\Database\MySQLi\Connection->execute('SELECT\r\n       ...')
#2 C:\xampp\htdocs\gumovie\system\Database\BaseConnection.php(666): CodeIgniter\Database\BaseConnection->simpleQuery('SELECT\r\n       ...')
#3 C:\xampp\htdocs\gumovie\app\Models\Video_Model.php(441): CodeIgniter\Database\BaseConnection->query('SELECT\r\n       ...')
#4 C:\xampp\htdocs\gumovie\app\Controllers\Home.php(55): App\Models\Video_Model->get_video_interest(1)
#5 C:\xampp\htdocs\gumovie\system\CodeIgniter.php(910): App\Controllers\Home->index()
#6 C:\xampp\htdocs\gumovie\system\CodeIgniter.php(398): CodeIgniter\CodeIgniter->runController(Object(App\Controllers\Home))
#7 C:\xampp\htdocs\gumovie\system\CodeIgniter.php(306): CodeIgniter\CodeIgniter->handleRequest(NULL, Object(Config\Cache), false)
#8 C:\xampp\htdocs\gumovie\public\index.php(89): CodeIgniter\CodeIgniter->run()
#9 {main}
CRITICAL - 2020-11-08 23:55:41 --> Unknown column 'mo_movie.movie_id' in 'on clause'
#0 C:\xampp\htdocs\gumovie\system\Database\MySQLi\Connection.php(330): mysqli->query('SELECT\r\n       ...')
#1 C:\xampp\htdocs\gumovie\system\Database\BaseConnection.php(738): CodeIgniter\Database\MySQLi\Connection->execute('SELECT\r\n       ...')
#2 C:\xampp\htdocs\gumovie\system\Database\BaseConnection.php(666): CodeIgniter\Database\BaseConnection->simpleQuery('SELECT\r\n       ...')
#3 C:\xampp\htdocs\gumovie\app\Models\Video_Model.php(441): CodeIgniter\Database\BaseConnection->query('SELECT\r\n       ...')
#4 C:\xampp\htdocs\gumovie\app\Controllers\Home.php(55): App\Models\Video_Model->get_video_interest(1)
#5 C:\xampp\htdocs\gumovie\system\CodeIgniter.php(910): App\Controllers\Home->index()
#6 C:\xampp\htdocs\gumovie\system\CodeIgniter.php(398): CodeIgniter\CodeIgniter->runController(Object(App\Controllers\Home))
#7 C:\xampp\htdocs\gumovie\system\CodeIgniter.php(306): CodeIgniter\CodeIgniter->handleRequest(NULL, Object(Config\Cache), false)
#8 C:\xampp\htdocs\gumovie\public\index.php(89): CodeIgniter\CodeIgniter->run()
#9 {main}
CRITICAL - 2020-11-08 23:56:19 --> Unknown column 'mo_category.movie_id' in 'on clause'
#0 C:\xampp\htdocs\gumovie\system\Database\MySQLi\Connection.php(330): mysqli->query('SELECT\r\n       ...')
#1 C:\xampp\htdocs\gumovie\system\Database\BaseConnection.php(738): CodeIgniter\Database\MySQLi\Connection->execute('SELECT\r\n       ...')
#2 C:\xampp\htdocs\gumovie\system\Database\BaseConnection.php(666): CodeIgniter\Database\BaseConnection->simpleQuery('SELECT\r\n       ...')
#3 C:\xampp\htdocs\gumovie\app\Models\Video_Model.php(441): CodeIgniter\Database\BaseConnection->query('SELECT\r\n       ...')
#4 C:\xampp\htdocs\gumovie\app\Controllers\Home.php(55): App\Models\Video_Model->get_video_interest(1)
#5 C:\xampp\htdocs\gumovie\system\CodeIgniter.php(910): App\Controllers\Home->index()
#6 C:\xampp\htdocs\gumovie\system\CodeIgniter.php(398): CodeIgniter\CodeIgniter->runController(Object(App\Controllers\Home))
#7 C:\xampp\htdocs\gumovie\system\CodeIgniter.php(306): CodeIgniter\CodeIgniter->handleRequest(NULL, Object(Config\Cache), false)
#8 C:\xampp\htdocs\gumovie\public\index.php(89): CodeIgniter\CodeIgniter->run()
#9 {main}
CRITICAL - 2020-11-08 23:56:27 --> Unknown column 'mo_category.movie_id' in 'on clause'
#0 C:\xampp\htdocs\gumovie\system\Database\MySQLi\Connection.php(330): mysqli->query('SELECT\r\n       ...')
#1 C:\xampp\htdocs\gumovie\system\Database\BaseConnection.php(738): CodeIgniter\Database\MySQLi\Connection->execute('SELECT\r\n       ...')
#2 C:\xampp\htdocs\gumovie\system\Database\BaseConnection.php(666): CodeIgniter\Database\BaseConnection->simpleQuery('SELECT\r\n       ...')
#3 C:\xampp\htdocs\gumovie\app\Models\Video_Model.php(441): CodeIgniter\Database\BaseConnection->query('SELECT\r\n       ...')
#4 C:\xampp\htdocs\gumovie\app\Controllers\Home.php(55): App\Models\Video_Model->get_video_interest(1)
#5 C:\xampp\htdocs\gumovie\system\CodeIgniter.php(910): App\Controllers\Home->index()
#6 C:\xampp\htdocs\gumovie\system\CodeIgniter.php(398): CodeIgniter\CodeIgniter->runController(Object(App\Controllers\Home))
#7 C:\xampp\htdocs\gumovie\system\CodeIgniter.php(306): CodeIgniter\CodeIgniter->handleRequest(NULL, Object(Config\Cache), false)
#8 C:\xampp\htdocs\gumovie\public\index.php(89): CodeIgniter\CodeIgniter->run()
#9 {main}
CRITICAL - 2020-11-08 23:57:57 --> You have an error in your SQL syntax; check the manual that corresponds to your MariaDB server version for the right syntax to use near 'LEFT JOIN 
                    INNER JOIN mo_moviecate ON mo_moviecate.movie...' at line 6
#0 C:\xampp\htdocs\gumovie\system\Database\MySQLi\Connection.php(330): mysqli->query('SELECT\r\n       ...')
#1 C:\xampp\htdocs\gumovie\system\Database\BaseConnection.php(738): CodeIgniter\Database\MySQLi\Connection->execute('SELECT\r\n       ...')
#2 C:\xampp\htdocs\gumovie\system\Database\BaseConnection.php(666): CodeIgniter\Database\BaseConnection->simpleQuery('SELECT\r\n       ...')
#3 C:\xampp\htdocs\gumovie\app\Models\Video_Model.php(444): CodeIgniter\Database\BaseConnection->query('SELECT\r\n       ...')
#4 C:\xampp\htdocs\gumovie\app\Controllers\Home.php(55): App\Models\Video_Model->get_video_interest(1)
#5 C:\xampp\htdocs\gumovie\system\CodeIgniter.php(910): App\Controllers\Home->index()
#6 C:\xampp\htdocs\gumovie\system\CodeIgniter.php(398): CodeIgniter\CodeIgniter->runController(Object(App\Controllers\Home))
#7 C:\xampp\htdocs\gumovie\system\CodeIgniter.php(306): CodeIgniter\CodeIgniter->handleRequest(NULL, Object(Config\Cache), false)
#8 C:\xampp\htdocs\gumovie\public\index.php(89): CodeIgniter\CodeIgniter->run()
#9 {main}
CRITICAL - 2020-11-08 23:58:04 --> Unknown column 'mo.movie_id' in 'where clause'
#0 C:\xampp\htdocs\gumovie\system\Database\MySQLi\Connection.php(330): mysqli->query('SELECT\r\n       ...')
#1 C:\xampp\htdocs\gumovie\system\Database\BaseConnection.php(738): CodeIgniter\Database\MySQLi\Connection->execute('SELECT\r\n       ...')
#2 C:\xampp\htdocs\gumovie\system\Database\BaseConnection.php(666): CodeIgniter\Database\BaseConnection->simpleQuery('SELECT\r\n       ...')
#3 C:\xampp\htdocs\gumovie\app\Models\Video_Model.php(436): CodeIgniter\Database\BaseConnection->query('SELECT\r\n       ...')
#4 C:\xampp\htdocs\gumovie\app\Controllers\Home.php(55): App\Models\Video_Model->get_video_interest(1)
#5 C:\xampp\htdocs\gumovie\system\CodeIgniter.php(910): App\Controllers\Home->index()
#6 C:\xampp\htdocs\gumovie\system\CodeIgniter.php(398): CodeIgniter\CodeIgniter->runController(Object(App\Controllers\Home))
#7 C:\xampp\htdocs\gumovie\system\CodeIgniter.php(306): CodeIgniter\CodeIgniter->handleRequest(NULL, Object(Config\Cache), false)
#8 C:\xampp\htdocs\gumovie\public\index.php(89): CodeIgniter\CodeIgniter->run()
#9 {main}
CRITICAL - 2020-11-08 23:59:31 --> syntax error, unexpected ''7'' (T_CONSTANT_ENCAPSED_STRING)
#0 C:\xampp\htdocs\gumovie\system\Autoloader\Autoloader.php(296): CodeIgniter\Autoloader\Autoloader->requireFile('C:\\xampp\\htdocs...')
#1 C:\xampp\htdocs\gumovie\system\Autoloader\Autoloader.php(258): CodeIgniter\Autoloader\Autoloader->loadInNamespace('App\\Models\\Vide...')
#2 [internal function]: CodeIgniter\Autoloader\Autoloader->loadClass('App\\Models\\Vide...')
#3 C:\xampp\htdocs\gumovie\app\Controllers\Home.php(21): spl_autoload_call('App\\Models\\Vide...')
#4 C:\xampp\htdocs\gumovie\system\CodeIgniter.php(882): App\Controllers\Home->__construct()
#5 C:\xampp\htdocs\gumovie\system\CodeIgniter.php(393): CodeIgniter\CodeIgniter->createController()
#6 C:\xampp\htdocs\gumovie\system\CodeIgniter.php(306): CodeIgniter\CodeIgniter->handleRequest(NULL, Object(Config\Cache), false)
#7 C:\xampp\htdocs\gumovie\public\index.php(89): CodeIgniter\CodeIgniter->run()
#8 {main}
CRITICAL - 2020-11-08 23:59:40 --> You have an error in your SQL syntax; check the manual that corresponds to your MariaDB server version for the right syntax to use near 'in mo_category.category_id = '7','8','6'' at line 5
#0 C:\xampp\htdocs\gumovie\system\Database\MySQLi\Connection.php(330): mysqli->query('SELECT\r\n       ...')
#1 C:\xampp\htdocs\gumovie\system\Database\BaseConnection.php(738): CodeIgniter\Database\MySQLi\Connection->execute('SELECT\r\n       ...')
#2 C:\xampp\htdocs\gumovie\system\Database\BaseConnection.php(666): CodeIgniter\Database\BaseConnection->simpleQuery('SELECT\r\n       ...')
#3 C:\xampp\htdocs\gumovie\app\Models\Video_Model.php(436): CodeIgniter\Database\BaseConnection->query('SELECT\r\n       ...')
#4 C:\xampp\htdocs\gumovie\app\Controllers\Home.php(55): App\Models\Video_Model->get_video_interest(1)
#5 C:\xampp\htdocs\gumovie\system\CodeIgniter.php(910): App\Controllers\Home->index()
#6 C:\xampp\htdocs\gumovie\system\CodeIgniter.php(398): CodeIgniter\CodeIgniter->runController(Object(App\Controllers\Home))
#7 C:\xampp\htdocs\gumovie\system\CodeIgniter.php(306): CodeIgniter\CodeIgniter->handleRequest(NULL, Object(Config\Cache), false)
#8 C:\xampp\htdocs\gumovie\public\index.php(89): CodeIgniter\CodeIgniter->run()
#9 {main}
CRITICAL - 2020-11-08 23:59:46 --> You have an error in your SQL syntax; check the manual that corresponds to your MariaDB server version for the right syntax to use near 'in mo_category.category_id = '7,8,6'' at line 5
#0 C:\xampp\htdocs\gumovie\system\Database\MySQLi\Connection.php(330): mysqli->query('SELECT\r\n       ...')
#1 C:\xampp\htdocs\gumovie\system\Database\BaseConnection.php(738): CodeIgniter\Database\MySQLi\Connection->execute('SELECT\r\n       ...')
#2 C:\xampp\htdocs\gumovie\system\Database\BaseConnection.php(666): CodeIgniter\Database\BaseConnection->simpleQuery('SELECT\r\n       ...')
#3 C:\xampp\htdocs\gumovie\app\Models\Video_Model.php(436): CodeIgniter\Database\BaseConnection->query('SELECT\r\n       ...')
#4 C:\xampp\htdocs\gumovie\app\Controllers\Home.php(55): App\Models\Video_Model->get_video_interest(1)
#5 C:\xampp\htdocs\gumovie\system\CodeIgniter.php(910): App\Controllers\Home->index()
#6 C:\xampp\htdocs\gumovie\system\CodeIgniter.php(398): CodeIgniter\CodeIgniter->runController(Object(App\Controllers\Home))
#7 C:\xampp\htdocs\gumovie\system\CodeIgniter.php(306): CodeIgniter\CodeIgniter->handleRequest(NULL, Object(Config\Cache), false)
#8 C:\xampp\htdocs\gumovie\public\index.php(89): CodeIgniter\CodeIgniter->run()
#9 {main}
