CRITICAL - 2021-02-10 00:43:10 --> Undefined variable: category_list
#0 C:\xampp\htdocs\template\app\Views\movie\MV-4\header.php(1074): CodeIgniter\Debug\Exceptions->errorHandler(8, 'Undefined varia...', 'C:\\xampp\\htdocs...', 1074, Array)
#1 C:\xampp\htdocs\template\system\View\View.php(236): include('C:\\xampp\\htdocs...')
#2 C:\xampp\htdocs\template\system\Common.php(1071): CodeIgniter\View\View->render('movie/MV-4/head...', Array, true)
#3 C:\xampp\htdocs\template\app\Controllers\Home.php(553): view('movie/MV-4/head...', Array)
#4 C:\xampp\htdocs\template\system\CodeIgniter.php(910): App\Controllers\Home->video('9936', 'The-Trial-of-th...')
#5 C:\xampp\htdocs\template\system\CodeIgniter.php(398): CodeIgniter\CodeIgniter->runController(Object(App\Controllers\Home))
#6 C:\xampp\htdocs\template\system\CodeIgniter.php(306): CodeIgniter\CodeIgniter->handleRequest(NULL, Object(Config\Cache), false)
#7 C:\xampp\htdocs\template\index.php(45): CodeIgniter\CodeIgniter->run()
#8 {main}
CRITICAL - 2021-02-10 00:56:09 --> Undefined offset: 0
#0 C:\xampp\htdocs\template\app\Models\Video_Model.php(667): CodeIgniter\Debug\Exceptions->errorHandler(8, 'Undefined offse...', 'C:\\xampp\\htdocs...', 667, Array)
#1 C:\xampp\htdocs\template\app\Helpers\template_helper.php(14): App\Models\Video_Model->get_list_video_bycate(1, 6)
#2 C:\xampp\htdocs\template\app\Controllers\Home.php(53): calltemplate('MV-1', 'index', Array)
#3 C:\xampp\htdocs\template\system\CodeIgniter.php(910): App\Controllers\Home->index()
#4 C:\xampp\htdocs\template\system\CodeIgniter.php(398): CodeIgniter\CodeIgniter->runController(Object(App\Controllers\Home))
#5 C:\xampp\htdocs\template\system\CodeIgniter.php(306): CodeIgniter\CodeIgniter->handleRequest(NULL, Object(Config\Cache), false)
#6 C:\xampp\htdocs\template\index.php(45): CodeIgniter\CodeIgniter->run()
#7 {main}
CRITICAL - 2021-02-10 01:07:32 --> Undefined offset: 0
#0 C:\xampp\htdocs\template\app\Models\Video_Model.php(667): CodeIgniter\Debug\Exceptions->errorHandler(8, 'Undefined offse...', 'C:\\xampp\\htdocs...', 667, Array)
#1 C:\xampp\htdocs\template\app\Helpers\template_helper.php(14): App\Models\Video_Model->get_list_video_bycate(1, 6)
#2 C:\xampp\htdocs\template\app\Controllers\Home.php(53): calltemplate('MV-1', 'index', Array)
#3 C:\xampp\htdocs\template\system\CodeIgniter.php(910): App\Controllers\Home->index()
#4 C:\xampp\htdocs\template\system\CodeIgniter.php(398): CodeIgniter\CodeIgniter->runController(Object(App\Controllers\Home))
#5 C:\xampp\htdocs\template\system\CodeIgniter.php(306): CodeIgniter\CodeIgniter->handleRequest(NULL, Object(Config\Cache), false)
#6 C:\xampp\htdocs\template\index.php(45): CodeIgniter\CodeIgniter->run()
#7 {main}
CRITICAL - 2021-02-10 01:17:20 --> Undefined variable: category_list
#0 C:\xampp\htdocs\template\app\Views\movie\MV-4\header.php(1074): CodeIgniter\Debug\Exceptions->errorHandler(8, 'Undefined varia...', 'C:\\xampp\\htdocs...', 1074, Array)
#1 C:\xampp\htdocs\template\system\View\View.php(236): include('C:\\xampp\\htdocs...')
#2 C:\xampp\htdocs\template\system\Common.php(1071): CodeIgniter\View\View->render('movie/MV-4/head...', Array, true)
#3 C:\xampp\htdocs\template\app\Controllers\Home.php(553): view('movie/MV-4/head...', Array)
#4 C:\xampp\htdocs\template\system\CodeIgniter.php(910): App\Controllers\Home->video('9876', 'Alive-2020-%E0%...')
#5 C:\xampp\htdocs\template\system\CodeIgniter.php(398): CodeIgniter\CodeIgniter->runController(Object(App\Controllers\Home))
#6 C:\xampp\htdocs\template\system\CodeIgniter.php(306): CodeIgniter\CodeIgniter->handleRequest(NULL, Object(Config\Cache), false)
#7 C:\xampp\htdocs\template\index.php(45): CodeIgniter\CodeIgniter->run()
#8 {main}
CRITICAL - 2021-02-10 01:20:21 --> Unknown database 'aegistrex'
#0 C:\xampp\htdocs\template\system\Database\BaseConnection.php(377): CodeIgniter\Database\MySQLi\Connection->connect(false)
#1 C:\xampp\htdocs\template\system\Database\BaseConnection.php(643): CodeIgniter\Database\BaseConnection->initialize()
#2 C:\xampp\htdocs\template\app\Models\Video_Model.php(322): CodeIgniter\Database\BaseConnection->query('SELECT * FROM `...')
#3 C:\xampp\htdocs\template\app\Controllers\Home.php(32): App\Models\Video_Model->get_setting(1)
#4 C:\xampp\htdocs\template\system\CodeIgniter.php(882): App\Controllers\Home->__construct()
#5 C:\xampp\htdocs\template\system\CodeIgniter.php(393): CodeIgniter\CodeIgniter->createController()
#6 C:\xampp\htdocs\template\system\CodeIgniter.php(306): CodeIgniter\CodeIgniter->handleRequest(NULL, Object(Config\Cache), false)
#7 C:\xampp\htdocs\template\index.php(45): CodeIgniter\CodeIgniter->run()
#8 {main}
CRITICAL - 2021-02-10 01:20:32 --> No database selected
#0 C:\xampp\htdocs\template\system\Database\MySQLi\Connection.php(330): mysqli->query('SELECT * FROM `...')
#1 C:\xampp\htdocs\template\system\Database\BaseConnection.php(738): CodeIgniter\Database\MySQLi\Connection->execute('SELECT * FROM `...')
#2 C:\xampp\htdocs\template\system\Database\BaseConnection.php(666): CodeIgniter\Database\BaseConnection->simpleQuery('SELECT * FROM `...')
#3 C:\xampp\htdocs\template\app\Models\Video_Model.php(322): CodeIgniter\Database\BaseConnection->query('SELECT * FROM `...')
#4 C:\xampp\htdocs\template\app\Controllers\Home.php(32): App\Models\Video_Model->get_setting(1)
#5 C:\xampp\htdocs\template\system\CodeIgniter.php(882): App\Controllers\Home->__construct()
#6 C:\xampp\htdocs\template\system\CodeIgniter.php(393): CodeIgniter\CodeIgniter->createController()
#7 C:\xampp\htdocs\template\system\CodeIgniter.php(306): CodeIgniter\CodeIgniter->handleRequest(NULL, Object(Config\Cache), false)
#8 C:\xampp\htdocs\template\index.php(45): CodeIgniter\CodeIgniter->run()
#9 {main}
CRITICAL - 2021-02-10 01:22:10 --> Undefined variable: category_list
#0 C:\xampp\htdocs\template\app\Views\movie\MV-4\header.php(1074): CodeIgniter\Debug\Exceptions->errorHandler(8, 'Undefined varia...', 'C:\\xampp\\htdocs...', 1074, Array)
#1 C:\xampp\htdocs\template\system\View\View.php(236): include('C:\\xampp\\htdocs...')
#2 C:\xampp\htdocs\template\system\Common.php(1071): CodeIgniter\View\View->render('movie/MV-4/head...', Array, true)
#3 C:\xampp\htdocs\template\app\Controllers\Home.php(553): view('movie/MV-4/head...', Array)
#4 C:\xampp\htdocs\template\system\CodeIgniter.php(910): App\Controllers\Home->video('9876', 'Alive-2020-%E0%...')
#5 C:\xampp\htdocs\template\system\CodeIgniter.php(398): CodeIgniter\CodeIgniter->runController(Object(App\Controllers\Home))
#6 C:\xampp\htdocs\template\system\CodeIgniter.php(306): CodeIgniter\CodeIgniter->handleRequest(NULL, Object(Config\Cache), false)
#7 C:\xampp\htdocs\template\index.php(45): CodeIgniter\CodeIgniter->run()
#8 {main}
CRITICAL - 2021-02-10 01:22:54 --> Undefined variable: category_list
#0 C:\xampp\htdocs\template\app\Views\movie\MV-4\header.php(1074): CodeIgniter\Debug\Exceptions->errorHandler(8, 'Undefined varia...', 'C:\\xampp\\htdocs...', 1074, Array)
#1 C:\xampp\htdocs\template\system\View\View.php(236): include('C:\\xampp\\htdocs...')
#2 C:\xampp\htdocs\template\system\Common.php(1071): CodeIgniter\View\View->render('movie/MV-4/head...', Array, true)
#3 C:\xampp\htdocs\template\app\Controllers\Home.php(553): view('movie/MV-4/head...', Array)
#4 C:\xampp\htdocs\template\system\CodeIgniter.php(910): App\Controllers\Home->video('9876', 'Alive-2020-%E0%...')
#5 C:\xampp\htdocs\template\system\CodeIgniter.php(398): CodeIgniter\CodeIgniter->runController(Object(App\Controllers\Home))
#6 C:\xampp\htdocs\template\system\CodeIgniter.php(306): CodeIgniter\CodeIgniter->handleRequest(NULL, Object(Config\Cache), false)
#7 C:\xampp\htdocs\template\index.php(45): CodeIgniter\CodeIgniter->run()
#8 {main}
CRITICAL - 2021-02-10 01:25:03 --> Undefined variable: category_list
#0 C:\xampp\htdocs\template\app\Views\movie\MV-4\header.php(1074): CodeIgniter\Debug\Exceptions->errorHandler(8, 'Undefined varia...', 'C:\\xampp\\htdocs...', 1074, Array)
#1 C:\xampp\htdocs\template\system\View\View.php(236): include('C:\\xampp\\htdocs...')
#2 C:\xampp\htdocs\template\system\Common.php(1071): CodeIgniter\View\View->render('movie/MV-4/head...', Array, true)
#3 C:\xampp\htdocs\template\app\Controllers\Home.php(556): view('movie/MV-4/head...', Array)
#4 C:\xampp\htdocs\template\system\CodeIgniter.php(910): App\Controllers\Home->video('9876', 'Alive-2020-%E0%...')
#5 C:\xampp\htdocs\template\system\CodeIgniter.php(398): CodeIgniter\CodeIgniter->runController(Object(App\Controllers\Home))
#6 C:\xampp\htdocs\template\system\CodeIgniter.php(306): CodeIgniter\CodeIgniter->handleRequest(NULL, Object(Config\Cache), false)
#7 C:\xampp\htdocs\template\index.php(45): CodeIgniter\CodeIgniter->run()
#8 {main}
CRITICAL - 2021-02-10 01:25:13 --> Undefined variable: urlvideo
#0 C:\xampp\htdocs\template\app\Views\movie\MV-4\video.php(113): CodeIgniter\Debug\Exceptions->errorHandler(8, 'Undefined varia...', 'C:\\xampp\\htdocs...', 113, Array)
#1 C:\xampp\htdocs\template\system\View\View.php(236): include('C:\\xampp\\htdocs...')
#2 C:\xampp\htdocs\template\system\Common.php(1071): CodeIgniter\View\View->render('movie/MV-4/vide...', Array, true)
#3 C:\xampp\htdocs\template\app\Controllers\Home.php(557): view('movie/MV-4/vide...', Array)
#4 C:\xampp\htdocs\template\system\CodeIgniter.php(910): App\Controllers\Home->video('9876', 'Alive-2020-%E0%...')
#5 C:\xampp\htdocs\template\system\CodeIgniter.php(398): CodeIgniter\CodeIgniter->runController(Object(App\Controllers\Home))
#6 C:\xampp\htdocs\template\system\CodeIgniter.php(306): CodeIgniter\CodeIgniter->handleRequest(NULL, Object(Config\Cache), false)
#7 C:\xampp\htdocs\template\index.php(45): CodeIgniter\CodeIgniter->run()
#8 {main}
CRITICAL - 2021-02-10 01:28:30 --> Undefined variable: random_movie
#0 C:\xampp\htdocs\template\app\Views\movie\MV-4\video.php(332): CodeIgniter\Debug\Exceptions->errorHandler(8, 'Undefined varia...', 'C:\\xampp\\htdocs...', 332, Array)
#1 C:\xampp\htdocs\template\system\View\View.php(236): include('C:\\xampp\\htdocs...')
#2 C:\xampp\htdocs\template\system\Common.php(1071): CodeIgniter\View\View->render('movie/MV-4/vide...', Array, true)
#3 C:\xampp\htdocs\template\app\Controllers\Home.php(557): view('movie/MV-4/vide...', Array)
#4 C:\xampp\htdocs\template\system\CodeIgniter.php(910): App\Controllers\Home->video('9876', 'Alive-2020-%E0%...')
#5 C:\xampp\htdocs\template\system\CodeIgniter.php(398): CodeIgniter\CodeIgniter->runController(Object(App\Controllers\Home))
#6 C:\xampp\htdocs\template\system\CodeIgniter.php(306): CodeIgniter\CodeIgniter->handleRequest(NULL, Object(Config\Cache), false)
#7 C:\xampp\htdocs\template\index.php(45): CodeIgniter\CodeIgniter->run()
#8 {main}
CRITICAL - 2021-02-10 01:37:03 --> Undefined variable: category_list
#0 C:\xampp\htdocs\template\app\Views\movie\MV-4\header.php(1074): CodeIgniter\Debug\Exceptions->errorHandler(8, 'Undefined varia...', 'C:\\xampp\\htdocs...', 1074, Array)
#1 C:\xampp\htdocs\template\system\View\View.php(236): include('C:\\xampp\\htdocs...')
#2 C:\xampp\htdocs\template\system\Common.php(1071): CodeIgniter\View\View->render('movie/MV-4/head...', Array, true)
#3 C:\xampp\htdocs\template\app\Controllers\Home.php(113): view('movie/MV-4/head...', Array)
#4 C:\xampp\htdocs\template\system\CodeIgniter.php(910): App\Controllers\Home->video_bycate('76', '%E0%B8%A5%E0%B8...')
#5 C:\xampp\htdocs\template\system\CodeIgniter.php(398): CodeIgniter\CodeIgniter->runController(Object(App\Controllers\Home))
#6 C:\xampp\htdocs\template\system\CodeIgniter.php(306): CodeIgniter\CodeIgniter->handleRequest(NULL, Object(Config\Cache), false)
#7 C:\xampp\htdocs\template\index.php(45): CodeIgniter\CodeIgniter->run()
#8 {main}
CRITICAL - 2021-02-10 01:43:37 --> Undefined variable: category_list
#0 C:\xampp\htdocs\template\app\Views\movie\MV-4\header.php(1074): CodeIgniter\Debug\Exceptions->errorHandler(8, 'Undefined varia...', 'C:\\xampp\\htdocs...', 1074, Array)
#1 C:\xampp\htdocs\template\system\View\View.php(236): include('C:\\xampp\\htdocs...')
#2 C:\xampp\htdocs\template\system\Common.php(1071): CodeIgniter\View\View->render('movie/MV-4/head...', Array, true)
#3 C:\xampp\htdocs\template\app\Controllers\Home.php(113): view('movie/MV-4/head...', Array)
#4 C:\xampp\htdocs\template\system\CodeIgniter.php(910): App\Controllers\Home->video_bycate('7', '%E0%B8%AB%E0%B8...')
#5 C:\xampp\htdocs\template\system\CodeIgniter.php(398): CodeIgniter\CodeIgniter->runController(Object(App\Controllers\Home))
#6 C:\xampp\htdocs\template\system\CodeIgniter.php(306): CodeIgniter\CodeIgniter->handleRequest(NULL, Object(Config\Cache), false)
#7 C:\xampp\htdocs\template\index.php(45): CodeIgniter\CodeIgniter->run()
#8 {main}
CRITICAL - 2021-02-10 01:57:52 --> Undefined variable: category_list
#0 C:\xampp\htdocs\template\app\Views\movie\MV-4\header.php(1074): CodeIgniter\Debug\Exceptions->errorHandler(8, 'Undefined varia...', 'C:\\xampp\\htdocs...', 1074, Array)
#1 C:\xampp\htdocs\template\system\View\View.php(236): include('C:\\xampp\\htdocs...')
#2 C:\xampp\htdocs\template\system\Common.php(1071): CodeIgniter\View\View->render('movie/MV-4/head...', Array, true)
#3 C:\xampp\htdocs\template\app\Controllers\Home.php(234): view('movie/MV-4/head...', Array)
#4 C:\xampp\htdocs\template\system\CodeIgniter.php(910): App\Controllers\Home->video_search('The King')
#5 C:\xampp\htdocs\template\system\CodeIgniter.php(398): CodeIgniter\CodeIgniter->runController(Object(App\Controllers\Home))
#6 C:\xampp\htdocs\template\system\CodeIgniter.php(306): CodeIgniter\CodeIgniter->handleRequest(NULL, Object(Config\Cache), false)
#7 C:\xampp\htdocs\template\index.php(45): CodeIgniter\CodeIgniter->run()
#8 {main}
CRITICAL - 2021-02-10 01:58:10 --> Undefined offset: 0
#0 C:\xampp\htdocs\template\app\Models\Video_Model.php(246): CodeIgniter\Debug\Exceptions->errorHandler(8, 'Undefined offse...', 'C:\\xampp\\htdocs...', 246, Array)
#1 C:\xampp\htdocs\template\app\Helpers\template_helper.php(431): App\Models\Video_Model->get_ep_series('19489')
#2 C:\xampp\htdocs\template\app\Controllers\Home.php(333): calltemplate('MV-4', 'series', Array)
#3 C:\xampp\htdocs\template\system\CodeIgniter.php(910): App\Controllers\Home->series('19489', 'The-King:-Etern...')
#4 C:\xampp\htdocs\template\system\CodeIgniter.php(398): CodeIgniter\CodeIgniter->runController(Object(App\Controllers\Home))
#5 C:\xampp\htdocs\template\system\CodeIgniter.php(306): CodeIgniter\CodeIgniter->handleRequest(NULL, Object(Config\Cache), false)
#6 C:\xampp\htdocs\template\index.php(45): CodeIgniter\CodeIgniter->run()
#7 {main}
CRITICAL - 2021-02-10 02:33:10 --> Undefined offset: 0
#0 C:\xampp\htdocs\template\app\Models\Video_Model.php(242): CodeIgniter\Debug\Exceptions->errorHandler(8, 'Undefined offse...', 'C:\\xampp\\htdocs...', 242, Array)
#1 C:\xampp\htdocs\template\app\Helpers\template_helper.php(431): App\Models\Video_Model->get_ep_series('19489')
#2 C:\xampp\htdocs\template\app\Controllers\Home.php(333): calltemplate('MV-4', 'series', Array)
#3 C:\xampp\htdocs\template\system\CodeIgniter.php(910): App\Controllers\Home->series('19489', 'The-King:-Etern...')
#4 C:\xampp\htdocs\template\system\CodeIgniter.php(398): CodeIgniter\CodeIgniter->runController(Object(App\Controllers\Home))
#5 C:\xampp\htdocs\template\system\CodeIgniter.php(306): CodeIgniter\CodeIgniter->handleRequest(NULL, Object(Config\Cache), false)
#6 C:\xampp\htdocs\template\index.php(45): CodeIgniter\CodeIgniter->run()
#7 {main}
CRITICAL - 2021-02-10 02:33:26 --> Undefined offset: 0
#0 C:\xampp\htdocs\template\app\Models\Video_Model.php(242): CodeIgniter\Debug\Exceptions->errorHandler(8, 'Undefined offse...', 'C:\\xampp\\htdocs...', 242, Array)
#1 C:\xampp\htdocs\template\app\Helpers\template_helper.php(431): App\Models\Video_Model->get_ep_series('19489')
#2 C:\xampp\htdocs\template\app\Controllers\Home.php(333): calltemplate('MV-4', 'series', Array)
#3 C:\xampp\htdocs\template\system\CodeIgniter.php(910): App\Controllers\Home->series('19489', 'The-King:-Etern...')
#4 C:\xampp\htdocs\template\system\CodeIgniter.php(398): CodeIgniter\CodeIgniter->runController(Object(App\Controllers\Home))
#5 C:\xampp\htdocs\template\system\CodeIgniter.php(306): CodeIgniter\CodeIgniter->handleRequest(NULL, Object(Config\Cache), false)
#6 C:\xampp\htdocs\template\index.php(45): CodeIgniter\CodeIgniter->run()
#7 {main}
CRITICAL - 2021-02-10 02:41:50 --> Undefined offset: 0
#0 C:\xampp\htdocs\template\app\Models\Video_Model.php(248): CodeIgniter\Debug\Exceptions->errorHandler(8, 'Undefined offse...', 'C:\\xampp\\htdocs...', 248, Array)
#1 C:\xampp\htdocs\template\app\Helpers\template_helper.php(431): App\Models\Video_Model->get_ep_series('19489')
#2 C:\xampp\htdocs\template\app\Controllers\Home.php(333): calltemplate('MV-4', 'series', Array)
#3 C:\xampp\htdocs\template\system\CodeIgniter.php(910): App\Controllers\Home->series('19489', 'The-King:-Etern...')
#4 C:\xampp\htdocs\template\system\CodeIgniter.php(398): CodeIgniter\CodeIgniter->runController(Object(App\Controllers\Home))
#5 C:\xampp\htdocs\template\system\CodeIgniter.php(306): CodeIgniter\CodeIgniter->handleRequest(NULL, Object(Config\Cache), false)
#6 C:\xampp\htdocs\template\index.php(45): CodeIgniter\CodeIgniter->run()
#7 {main}
CRITICAL - 2021-02-10 02:51:14 --> Undefined variable: category_list
#0 C:\xampp\htdocs\template\app\Views\movie\MV-4\header.php(1074): CodeIgniter\Debug\Exceptions->errorHandler(8, 'Undefined varia...', 'C:\\xampp\\htdocs...', 1074, Array)
#1 C:\xampp\htdocs\template\system\View\View.php(236): include('C:\\xampp\\htdocs...')
#2 C:\xampp\htdocs\template\system\Common.php(1071): CodeIgniter\View\View->render('movie/MV-4/head...', Array, true)
#3 C:\xampp\htdocs\template\app\Controllers\Home.php(397): view('movie/MV-4/head...', Array)
#4 C:\xampp\htdocs\template\system\CodeIgniter.php(910): App\Controllers\Home->series('9661', '\xE0\xB8\x94\xE0\xB8\xB9\xE0\xB8\xAB\xE0\xB8\x99\xE0\xB8\xB1...')
#5 C:\xampp\htdocs\template\system\CodeIgniter.php(398): CodeIgniter\CodeIgniter->runController(Object(App\Controllers\Home))
#6 C:\xampp\htdocs\template\system\CodeIgniter.php(306): CodeIgniter\CodeIgniter->handleRequest(NULL, Object(Config\Cache), false)
#7 C:\xampp\htdocs\template\index.php(45): CodeIgniter\CodeIgniter->run()
#8 {main}
