<<<<<<< HEAD
CRITICAL - 2021-02-22 01:14:20 --> Undefined index: setting_img
#0 C:\xampp\htdocs\template\app\Views\movie\MV-6\header.php(13): CodeIgniter\Debug\Exceptions->errorHandler(8, 'Undefined index...', 'C:\\xampp\\htdocs...', 13, Array)
#1 C:\xampp\htdocs\template\system\View\View.php(236): include('C:\\xampp\\htdocs...')
#2 C:\xampp\htdocs\template\system\Common.php(1071): CodeIgniter\View\View->render('movie/MV-6/head...', Array, true)
#3 C:\xampp\htdocs\template\app\Controllers\Home.php(74): view('movie/MV-6/head...', Array)
#4 C:\xampp\htdocs\template\system\CodeIgniter.php(910): App\Controllers\Home->index()
#5 C:\xampp\htdocs\template\system\CodeIgniter.php(398): CodeIgniter\CodeIgniter->runController(Object(App\Controllers\Home))
#6 C:\xampp\htdocs\template\system\CodeIgniter.php(306): CodeIgniter\CodeIgniter->handleRequest(NULL, Object(Config\Cache), false)
#7 C:\xampp\htdocs\template\index.php(45): CodeIgniter\CodeIgniter->run()
#8 {main}
CRITICAL - 2021-02-22 01:18:16 --> Undefined variable: chk_act
#0 C:\xampp\htdocs\template\app\Views\movie\MV-6\header.php(70): CodeIgniter\Debug\Exceptions->errorHandler(8, 'Undefined varia...', 'C:\\xampp\\htdocs...', 70, Array)
#1 C:\xampp\htdocs\template\system\View\View.php(236): include('C:\\xampp\\htdocs...')
#2 C:\xampp\htdocs\template\system\Common.php(1071): CodeIgniter\View\View->render('movie/MV-6/head...', Array, true)
#3 C:\xampp\htdocs\template\app\Controllers\Home.php(74): view('movie/MV-6/head...', Array)
#4 C:\xampp\htdocs\template\system\CodeIgniter.php(910): App\Controllers\Home->index()
#5 C:\xampp\htdocs\template\system\CodeIgniter.php(398): CodeIgniter\CodeIgniter->runController(Object(App\Controllers\Home))
#6 C:\xampp\htdocs\template\system\CodeIgniter.php(306): CodeIgniter\CodeIgniter->handleRequest(NULL, Object(Config\Cache), false)
#7 C:\xampp\htdocs\template\index.php(45): CodeIgniter\CodeIgniter->run()
#8 {main}
CRITICAL - 2021-02-22 01:37:09 --> Undefined variable: list
#0 C:\xampp\htdocs\template\app\Views\movie\MV-6\header.php(70): CodeIgniter\Debug\Exceptions->errorHandler(8, 'Undefined varia...', 'C:\\xampp\\htdocs...', 70, Array)
#1 C:\xampp\htdocs\template\system\View\View.php(236): include('C:\\xampp\\htdocs...')
#2 C:\xampp\htdocs\template\system\Common.php(1071): CodeIgniter\View\View->render('movie/MV-6/head...', Array, true)
#3 C:\xampp\htdocs\template\app\Controllers\Home.php(74): view('movie/MV-6/head...', Array)
#4 C:\xampp\htdocs\template\system\CodeIgniter.php(910): App\Controllers\Home->index()
#5 C:\xampp\htdocs\template\system\CodeIgniter.php(398): CodeIgniter\CodeIgniter->runController(Object(App\Controllers\Home))
#6 C:\xampp\htdocs\template\system\CodeIgniter.php(306): CodeIgniter\CodeIgniter->handleRequest(NULL, Object(Config\Cache), false)
#7 C:\xampp\htdocs\template\index.php(45): CodeIgniter\CodeIgniter->run()
#8 {main}
CRITICAL - 2021-02-22 01:40:25 --> Undefined variable: chk_act
#0 C:\xampp\htdocs\template\app\Views\movie\MV-6\header.php(70): CodeIgniter\Debug\Exceptions->errorHandler(8, 'Undefined varia...', 'C:\\xampp\\htdocs...', 70, Array)
#1 C:\xampp\htdocs\template\system\View\View.php(236): include('C:\\xampp\\htdocs...')
#2 C:\xampp\htdocs\template\system\Common.php(1071): CodeIgniter\View\View->render('movie/MV-6/head...', Array, true)
#3 C:\xampp\htdocs\template\app\Controllers\Home.php(73): view('movie/MV-6/head...', Array)
#4 C:\xampp\htdocs\template\system\CodeIgniter.php(910): App\Controllers\Home->index()
#5 C:\xampp\htdocs\template\system\CodeIgniter.php(398): CodeIgniter\CodeIgniter->runController(Object(App\Controllers\Home))
#6 C:\xampp\htdocs\template\system\CodeIgniter.php(306): CodeIgniter\CodeIgniter->handleRequest(NULL, Object(Config\Cache), false)
#7 C:\xampp\htdocs\template\index.php(45): CodeIgniter\CodeIgniter->run()
#8 {main}
CRITICAL - 2021-02-22 01:41:21 --> Undefined index: poppular
#0 C:\xampp\htdocs\template\app\Views\movie\MV-6\header.php(86): CodeIgniter\Debug\Exceptions->errorHandler(8, 'Undefined index...', 'C:\\xampp\\htdocs...', 86, Array)
#1 C:\xampp\htdocs\template\system\View\View.php(236): include('C:\\xampp\\htdocs...')
#2 C:\xampp\htdocs\template\system\Common.php(1071): CodeIgniter\View\View->render('movie/MV-6/head...', Array, true)
#3 C:\xampp\htdocs\template\app\Controllers\Home.php(74): view('movie/MV-6/head...', Array)
=======
CRITICAL - 2021-02-22 02:19:01 --> Invalid file: {0}
#0 C:\xampp\htdocs\template\system\View\View.php(224): CodeIgniter\Exceptions\FrameworkException::forInvalidFile('movie/MV-5/list...')
#1 C:\xampp\htdocs\template\system\Common.php(1071): CodeIgniter\View\View->render('movie/MV-5/list', Array, true)
#2 C:\xampp\htdocs\template\app\Controllers\Home.php(116): view('movie/MV-5/list', Array)
#3 C:\xampp\htdocs\template\system\CodeIgniter.php(910): App\Controllers\Home->video_bycate('6', '%E0%B8%AB%E0%B8...')
#4 C:\xampp\htdocs\template\system\CodeIgniter.php(398): CodeIgniter\CodeIgniter->runController(Object(App\Controllers\Home))
#5 C:\xampp\htdocs\template\system\CodeIgniter.php(306): CodeIgniter\CodeIgniter->handleRequest(NULL, Object(Config\Cache), false)
#6 C:\xampp\htdocs\template\index.php(45): CodeIgniter\CodeIgniter->run()
#7 {main}
CRITICAL - 2021-02-22 02:44:03 --> Invalid file: {0}
#0 C:\xampp\htdocs\template\system\View\View.php(224): CodeIgniter\Exceptions\FrameworkException::forInvalidFile('movie/MV-5/seri...')
#1 C:\xampp\htdocs\template\system\Common.php(1071): CodeIgniter\View\View->render('movie/MV-5/seri...', Array, true)
#2 C:\xampp\htdocs\template\app\Controllers\Home.php(397): view('movie/MV-5/seri...')
#3 C:\xampp\htdocs\template\system\CodeIgniter.php(910): App\Controllers\Home->series('9893', '\xE0\xB8\x94\xE0\xB8\xB9\xE0\xB8\xAB\xE0\xB8\x99\xE0\xB8\xB1...')
#4 C:\xampp\htdocs\template\system\CodeIgniter.php(398): CodeIgniter\CodeIgniter->runController(Object(App\Controllers\Home))
#5 C:\xampp\htdocs\template\system\CodeIgniter.php(306): CodeIgniter\CodeIgniter->handleRequest(NULL, Object(Config\Cache), false)
#6 C:\xampp\htdocs\template\index.php(45): CodeIgniter\CodeIgniter->run()
#7 {main}
CRITICAL - 2021-02-22 02:44:38 --> Invalid file: {0}
#0 C:\xampp\htdocs\template\system\View\View.php(224): CodeIgniter\Exceptions\FrameworkException::forInvalidFile('movie/MV-5/seri...')
#1 C:\xampp\htdocs\template\system\Common.php(1071): CodeIgniter\View\View->render('movie/MV-5/seri...', Array, true)
#2 C:\xampp\htdocs\template\app\Controllers\Home.php(397): view('movie/MV-5/seri...')
#3 C:\xampp\htdocs\template\system\CodeIgniter.php(910): App\Controllers\Home->series('9893', '\xE0\xB8\x94\xE0\xB8\xB9\xE0\xB8\xAB\xE0\xB8\x99\xE0\xB8\xB1...')
#4 C:\xampp\htdocs\template\system\CodeIgniter.php(398): CodeIgniter\CodeIgniter->runController(Object(App\Controllers\Home))
#5 C:\xampp\htdocs\template\system\CodeIgniter.php(306): CodeIgniter\CodeIgniter->handleRequest(NULL, Object(Config\Cache), false)
#6 C:\xampp\htdocs\template\index.php(45): CodeIgniter\CodeIgniter->run()
#7 {main}
CRITICAL - 2021-02-22 02:46:44 --> Illegal string offset 'movie_id'
#0 C:\xampp\htdocs\template\app\Views\movie\MV-5\body.php(96): CodeIgniter\Debug\Exceptions->errorHandler(2, 'Illegal string ...', 'C:\\xampp\\htdocs...', 96, Array)
#1 C:\xampp\htdocs\template\system\View\View.php(236): include('C:\\xampp\\htdocs...')
#2 C:\xampp\htdocs\template\system\Common.php(1071): CodeIgniter\View\View->render('movie/MV-5/body...', Array, true)
#3 C:\xampp\htdocs\template\app\Controllers\Home.php(75): view('movie/MV-5/body...', Array)
>>>>>>> 859eb239e5296e6eaf60b99f99a2f87760088ad6
#4 C:\xampp\htdocs\template\system\CodeIgniter.php(910): App\Controllers\Home->index()
#5 C:\xampp\htdocs\template\system\CodeIgniter.php(398): CodeIgniter\CodeIgniter->runController(Object(App\Controllers\Home))
#6 C:\xampp\htdocs\template\system\CodeIgniter.php(306): CodeIgniter\CodeIgniter->handleRequest(NULL, Object(Config\Cache), false)
#7 C:\xampp\htdocs\template\index.php(45): CodeIgniter\CodeIgniter->run()
#8 {main}
<<<<<<< HEAD
CRITICAL - 2021-02-22 01:42:17 --> Undefined index: poppular
#0 C:\xampp\htdocs\template\app\Views\movie\MV-6\header.php(86): CodeIgniter\Debug\Exceptions->errorHandler(8, 'Undefined index...', 'C:\\xampp\\htdocs...', 86, Array)
#1 C:\xampp\htdocs\template\system\View\View.php(236): include('C:\\xampp\\htdocs...')
#2 C:\xampp\htdocs\template\system\Common.php(1071): CodeIgniter\View\View->render('movie/MV-6/head...', Array, true)
#3 C:\xampp\htdocs\template\app\Controllers\Home.php(75): view('movie/MV-6/head...', Array)
#4 C:\xampp\htdocs\template\system\CodeIgniter.php(910): App\Controllers\Home->index()
=======
CRITICAL - 2021-02-22 03:22:49 --> syntax error, unexpected end of file
#0 C:\xampp\htdocs\template\system\Common.php(1071): CodeIgniter\View\View->render('movie/MV-5/vide...', Array, true)
#1 C:\xampp\htdocs\template\app\Controllers\Home.php(474): view('movie/MV-5/vide...')
#2 C:\xampp\htdocs\template\system\CodeIgniter.php(910): App\Controllers\Home->video_series('9893', '\xE0\xB8\x94\xE0\xB8\xB9\xE0\xB8\xAB\xE0\xB8\x99\xE0\xB8\xB1...', '0', '4')
#3 C:\xampp\htdocs\template\system\CodeIgniter.php(398): CodeIgniter\CodeIgniter->runController(Object(App\Controllers\Home))
#4 C:\xampp\htdocs\template\system\CodeIgniter.php(306): CodeIgniter\CodeIgniter->handleRequest(NULL, Object(Config\Cache), false)
#5 C:\xampp\htdocs\template\index.php(45): CodeIgniter\CodeIgniter->run()
#6 {main}
CRITICAL - 2021-02-22 03:26:47 --> Undefined index: movie_name
#0 C:\xampp\htdocs\template\app\Views\movie\MV-5\video.php(61): CodeIgniter\Debug\Exceptions->errorHandler(8, 'Undefined index...', 'C:\\xampp\\htdocs...', 61, Array)
#1 C:\xampp\htdocs\template\system\View\View.php(236): include('C:\\xampp\\htdocs...')
#2 C:\xampp\htdocs\template\system\Common.php(1071): CodeIgniter\View\View->render('movie/MV-5/vide...', Array, true)
#3 C:\xampp\htdocs\template\app\Controllers\Home.php(474): view('movie/MV-5/vide...')
#4 C:\xampp\htdocs\template\system\CodeIgniter.php(910): App\Controllers\Home->video_series('9893', '\xE0\xB8\x94\xE0\xB8\xB9\xE0\xB8\xAB\xE0\xB8\x99\xE0\xB8\xB1...', '0', '4')
>>>>>>> 859eb239e5296e6eaf60b99f99a2f87760088ad6
#5 C:\xampp\htdocs\template\system\CodeIgniter.php(398): CodeIgniter\CodeIgniter->runController(Object(App\Controllers\Home))
#6 C:\xampp\htdocs\template\system\CodeIgniter.php(306): CodeIgniter\CodeIgniter->handleRequest(NULL, Object(Config\Cache), false)
#7 C:\xampp\htdocs\template\index.php(45): CodeIgniter\CodeIgniter->run()
#8 {main}
<<<<<<< HEAD
CRITICAL - 2021-02-22 01:42:51 --> Invalid file: {0}
#0 C:\xampp\htdocs\template\system\View\View.php(224): CodeIgniter\Exceptions\FrameworkException::forInvalidFile('movie/MV-6/body...')
#1 C:\xampp\htdocs\template\system\Common.php(1071): CodeIgniter\View\View->render('movie/MV-6/body...', Array, true)
#2 C:\xampp\htdocs\template\app\Controllers\Home.php(76): view('movie/MV-6/body...', Array)
#3 C:\xampp\htdocs\template\system\CodeIgniter.php(910): App\Controllers\Home->index()
#4 C:\xampp\htdocs\template\system\CodeIgniter.php(398): CodeIgniter\CodeIgniter->runController(Object(App\Controllers\Home))
#5 C:\xampp\htdocs\template\system\CodeIgniter.php(306): CodeIgniter\CodeIgniter->handleRequest(NULL, Object(Config\Cache), false)
#6 C:\xampp\htdocs\template\index.php(45): CodeIgniter\CodeIgniter->run()
#7 {main}
CRITICAL - 2021-02-22 01:44:18 --> Undefined variable: list_video_topimdb
#0 C:\xampp\htdocs\template\app\Views\movie\MV-6\body.php(10): CodeIgniter\Debug\Exceptions->errorHandler(8, 'Undefined varia...', 'C:\\xampp\\htdocs...', 10, Array)
#1 C:\xampp\htdocs\template\system\View\View.php(236): include('C:\\xampp\\htdocs...')
#2 C:\xampp\htdocs\template\system\Common.php(1071): CodeIgniter\View\View->render('movie/MV-6/body...', Array, true)
#3 C:\xampp\htdocs\template\app\Controllers\Home.php(76): view('movie/MV-6/body...', Array)
#4 C:\xampp\htdocs\template\system\CodeIgniter.php(910): App\Controllers\Home->index()
=======
CRITICAL - 2021-02-22 03:39:29 --> Undefined index: movie_name
#0 C:\xampp\htdocs\template\app\Views\movie\MV-5\video.php(61): CodeIgniter\Debug\Exceptions->errorHandler(8, 'Undefined index...', 'C:\\xampp\\htdocs...', 61, Array)
#1 C:\xampp\htdocs\template\system\View\View.php(236): include('C:\\xampp\\htdocs...')
#2 C:\xampp\htdocs\template\system\Common.php(1071): CodeIgniter\View\View->render('movie/MV-5/vide...', Array, true)
#3 C:\xampp\htdocs\template\app\Controllers\Home.php(474): view('movie/MV-5/vide...')
#4 C:\xampp\htdocs\template\system\CodeIgniter.php(910): App\Controllers\Home->video_series('9893', '\xE0\xB8\x94\xE0\xB8\xB9\xE0\xB8\xAB\xE0\xB8\x99\xE0\xB8\xB1...', '0', '4')
>>>>>>> 859eb239e5296e6eaf60b99f99a2f87760088ad6
#5 C:\xampp\htdocs\template\system\CodeIgniter.php(398): CodeIgniter\CodeIgniter->runController(Object(App\Controllers\Home))
#6 C:\xampp\htdocs\template\system\CodeIgniter.php(306): CodeIgniter\CodeIgniter->handleRequest(NULL, Object(Config\Cache), false)
#7 C:\xampp\htdocs\template\index.php(45): CodeIgniter\CodeIgniter->run()
#8 {main}
<<<<<<< HEAD
CRITICAL - 2021-02-22 02:08:43 --> Undefined variable: list_video_topimdb
#0 C:\xampp\htdocs\template\app\Views\movie\MV-6\body.php(10): CodeIgniter\Debug\Exceptions->errorHandler(8, 'Undefined varia...', 'C:\\xampp\\htdocs...', 10, Array)
#1 C:\xampp\htdocs\template\system\View\View.php(236): include('C:\\xampp\\htdocs...')
#2 C:\xampp\htdocs\template\system\Common.php(1071): CodeIgniter\View\View->render('movie/MV-6/body...', Array, true)
#3 C:\xampp\htdocs\template\app\Controllers\Home.php(77): view('movie/MV-6/body...', Array)
#4 C:\xampp\htdocs\template\system\CodeIgniter.php(910): App\Controllers\Home->index()
=======
CRITICAL - 2021-02-22 03:39:40 --> Undefined variable: url_name
#0 C:\xampp\htdocs\template\app\Views\movie\MV-5\video.php(76): CodeIgniter\Debug\Exceptions->errorHandler(8, 'Undefined varia...', 'C:\\xampp\\htdocs...', 76, Array)
#1 C:\xampp\htdocs\template\system\View\View.php(236): include('C:\\xampp\\htdocs...')
#2 C:\xampp\htdocs\template\system\Common.php(1071): CodeIgniter\View\View->render('movie/MV-5/vide...', Array, true)
#3 C:\xampp\htdocs\template\app\Controllers\Home.php(474): view('movie/MV-5/vide...')
#4 C:\xampp\htdocs\template\system\CodeIgniter.php(910): App\Controllers\Home->video_series('9893', '\xE0\xB8\x94\xE0\xB8\xB9\xE0\xB8\xAB\xE0\xB8\x99\xE0\xB8\xB1...', '0', '4')
>>>>>>> 859eb239e5296e6eaf60b99f99a2f87760088ad6
#5 C:\xampp\htdocs\template\system\CodeIgniter.php(398): CodeIgniter\CodeIgniter->runController(Object(App\Controllers\Home))
#6 C:\xampp\htdocs\template\system\CodeIgniter.php(306): CodeIgniter\CodeIgniter->handleRequest(NULL, Object(Config\Cache), false)
#7 C:\xampp\htdocs\template\index.php(45): CodeIgniter\CodeIgniter->run()
#8 {main}
<<<<<<< HEAD
CRITICAL - 2021-02-22 02:09:34 --> Undefined variable: list_video_topimdb
#0 C:\xampp\htdocs\template\app\Views\movie\MV-6\body.php(10): CodeIgniter\Debug\Exceptions->errorHandler(8, 'Undefined varia...', 'C:\\xampp\\htdocs...', 10, Array)
#1 C:\xampp\htdocs\template\system\View\View.php(236): include('C:\\xampp\\htdocs...')
#2 C:\xampp\htdocs\template\system\Common.php(1071): CodeIgniter\View\View->render('movie/MV-6/body...', Array, true)
#3 C:\xampp\htdocs\template\app\Controllers\Home.php(77): view('movie/MV-6/body...', Array)
#4 C:\xampp\htdocs\template\system\CodeIgniter.php(910): App\Controllers\Home->index()
=======
CRITICAL - 2021-02-22 03:40:56 --> Undefined variable: videodata
#0 C:\xampp\htdocs\template\app\Views\movie\MV-5\video.php(76): CodeIgniter\Debug\Exceptions->errorHandler(8, 'Undefined varia...', 'C:\\xampp\\htdocs...', 76, Array)
#1 C:\xampp\htdocs\template\system\View\View.php(236): include('C:\\xampp\\htdocs...')
#2 C:\xampp\htdocs\template\system\Common.php(1071): CodeIgniter\View\View->render('movie/MV-5/vide...', Array, true)
#3 C:\xampp\htdocs\template\app\Controllers\Home.php(474): view('movie/MV-5/vide...')
#4 C:\xampp\htdocs\template\system\CodeIgniter.php(910): App\Controllers\Home->video_series('9893', '\xE0\xB8\x94\xE0\xB8\xB9\xE0\xB8\xAB\xE0\xB8\x99\xE0\xB8\xB1...', '0', '4')
>>>>>>> 859eb239e5296e6eaf60b99f99a2f87760088ad6
#5 C:\xampp\htdocs\template\system\CodeIgniter.php(398): CodeIgniter\CodeIgniter->runController(Object(App\Controllers\Home))
#6 C:\xampp\htdocs\template\system\CodeIgniter.php(306): CodeIgniter\CodeIgniter->handleRequest(NULL, Object(Config\Cache), false)
#7 C:\xampp\htdocs\template\index.php(45): CodeIgniter\CodeIgniter->run()
#8 {main}
<<<<<<< HEAD
CRITICAL - 2021-02-22 02:27:21 --> Undefined variable: top_imdb
#0 C:\xampp\htdocs\template\app\Views\movie\MV-6\body.php(10): CodeIgniter\Debug\Exceptions->errorHandler(8, 'Undefined varia...', 'C:\\xampp\\htdocs...', 10, Array)
#1 C:\xampp\htdocs\template\system\View\View.php(236): include('C:\\xampp\\htdocs...')
#2 C:\xampp\htdocs\template\system\Common.php(1071): CodeIgniter\View\View->render('movie/MV-6/body...', Array, true)
#3 C:\xampp\htdocs\template\app\Controllers\Home.php(78): view('movie/MV-6/body...', Array)
#4 C:\xampp\htdocs\template\system\CodeIgniter.php(910): App\Controllers\Home->index()
=======
CRITICAL - 2021-02-22 03:42:14 --> Undefined index: movie_name
#0 C:\xampp\htdocs\template\app\Views\movie\MV-5\video.php(61): CodeIgniter\Debug\Exceptions->errorHandler(8, 'Undefined index...', 'C:\\xampp\\htdocs...', 61, Array)
#1 C:\xampp\htdocs\template\system\View\View.php(236): include('C:\\xampp\\htdocs...')
#2 C:\xampp\htdocs\template\system\Common.php(1071): CodeIgniter\View\View->render('movie/MV-5/vide...', Array, true)
#3 C:\xampp\htdocs\template\app\Controllers\Home.php(474): view('movie/MV-5/vide...')
#4 C:\xampp\htdocs\template\system\CodeIgniter.php(910): App\Controllers\Home->video_series('9893', '\xE0\xB8\x94\xE0\xB8\xB9\xE0\xB8\xAB\xE0\xB8\x99\xE0\xB8\xB1...', '0', '4')
>>>>>>> 859eb239e5296e6eaf60b99f99a2f87760088ad6
#5 C:\xampp\htdocs\template\system\CodeIgniter.php(398): CodeIgniter\CodeIgniter->runController(Object(App\Controllers\Home))
#6 C:\xampp\htdocs\template\system\CodeIgniter.php(306): CodeIgniter\CodeIgniter->handleRequest(NULL, Object(Config\Cache), false)
#7 C:\xampp\htdocs\template\index.php(45): CodeIgniter\CodeIgniter->run()
#8 {main}
<<<<<<< HEAD
CRITICAL - 2021-02-22 02:27:35 --> Undefined variable: data
#0 C:\xampp\htdocs\template\app\Views\movie\MV-6\body.php(10): CodeIgniter\Debug\Exceptions->errorHandler(8, 'Undefined varia...', 'C:\\xampp\\htdocs...', 10, Array)
#1 C:\xampp\htdocs\template\system\View\View.php(236): include('C:\\xampp\\htdocs...')
#2 C:\xampp\htdocs\template\system\Common.php(1071): CodeIgniter\View\View->render('movie/MV-6/body...', Array, true)
#3 C:\xampp\htdocs\template\app\Controllers\Home.php(78): view('movie/MV-6/body...', Array)
#4 C:\xampp\htdocs\template\system\CodeIgniter.php(910): App\Controllers\Home->index()
=======
CRITICAL - 2021-02-22 09:16:27 --> Undefined variable: index
#0 C:\xampp\htdocs\template\app\Views\movie\MV-5\video.php(44): CodeIgniter\Debug\Exceptions->errorHandler(8, 'Undefined varia...', 'C:\\xampp\\htdocs...', 44, Array)
#1 C:\xampp\htdocs\template\system\View\View.php(236): include('C:\\xampp\\htdocs...')
#2 C:\xampp\htdocs\template\system\Common.php(1071): CodeIgniter\View\View->render('movie/MV-5/vide...', Array, true)
#3 C:\xampp\htdocs\template\app\Controllers\Home.php(397): view('movie/MV-5/vide...')
#4 C:\xampp\htdocs\template\system\CodeIgniter.php(910): App\Controllers\Home->series('9893', '\xE0\xB8\x94\xE0\xB8\xB9\xE0\xB8\xAB\xE0\xB8\x99\xE0\xB8\xB1...')
>>>>>>> 859eb239e5296e6eaf60b99f99a2f87760088ad6
#5 C:\xampp\htdocs\template\system\CodeIgniter.php(398): CodeIgniter\CodeIgniter->runController(Object(App\Controllers\Home))
#6 C:\xampp\htdocs\template\system\CodeIgniter.php(306): CodeIgniter\CodeIgniter->handleRequest(NULL, Object(Config\Cache), false)
#7 C:\xampp\htdocs\template\index.php(45): CodeIgniter\CodeIgniter->run()
#8 {main}
<<<<<<< HEAD
CRITICAL - 2021-02-22 02:27:55 --> Undefined variable: data
#0 C:\xampp\htdocs\template\app\Views\movie\MV-6\body.php(10): CodeIgniter\Debug\Exceptions->errorHandler(8, 'Undefined varia...', 'C:\\xampp\\htdocs...', 10, Array)
#1 C:\xampp\htdocs\template\system\View\View.php(236): include('C:\\xampp\\htdocs...')
#2 C:\xampp\htdocs\template\system\Common.php(1071): CodeIgniter\View\View->render('movie/MV-6/body...', Array, true)
#3 C:\xampp\htdocs\template\app\Controllers\Home.php(78): view('movie/MV-6/body...', Array)
#4 C:\xampp\htdocs\template\system\CodeIgniter.php(910): App\Controllers\Home->index()
=======
CRITICAL - 2021-02-22 09:49:12 --> Undefined variable: index
#0 C:\xampp\htdocs\template\app\Views\movie\MV-5\video.php(44): CodeIgniter\Debug\Exceptions->errorHandler(8, 'Undefined varia...', 'C:\\xampp\\htdocs...', 44, Array)
#1 C:\xampp\htdocs\template\system\View\View.php(236): include('C:\\xampp\\htdocs...')
#2 C:\xampp\htdocs\template\system\Common.php(1071): CodeIgniter\View\View->render('movie/MV-5/vide...', Array, true)
#3 C:\xampp\htdocs\template\app\Controllers\Home.php(397): view('movie/MV-5/vide...')
#4 C:\xampp\htdocs\template\system\CodeIgniter.php(910): App\Controllers\Home->series('9893', '\xE0\xB8\x94\xE0\xB8\xB9\xE0\xB8\xAB\xE0\xB8\x99\xE0\xB8\xB1...')
>>>>>>> 859eb239e5296e6eaf60b99f99a2f87760088ad6
#5 C:\xampp\htdocs\template\system\CodeIgniter.php(398): CodeIgniter\CodeIgniter->runController(Object(App\Controllers\Home))
#6 C:\xampp\htdocs\template\system\CodeIgniter.php(306): CodeIgniter\CodeIgniter->handleRequest(NULL, Object(Config\Cache), false)
#7 C:\xampp\htdocs\template\index.php(45): CodeIgniter\CodeIgniter->run()
#8 {main}
<<<<<<< HEAD
CRITICAL - 2021-02-22 02:28:32 --> syntax error, unexpected ';', expecting ']'
=======
CRITICAL - 2021-02-22 09:52:29 --> syntax error, unexpected ')', expecting variable (T_VARIABLE)
>>>>>>> 859eb239e5296e6eaf60b99f99a2f87760088ad6
#0 C:\xampp\htdocs\template\system\Autoloader\Autoloader.php(296): CodeIgniter\Autoloader\Autoloader->requireFile('C:\\xampp\\htdocs...')
#1 C:\xampp\htdocs\template\system\Autoloader\Autoloader.php(258): CodeIgniter\Autoloader\Autoloader->loadInNamespace('App\\Controllers...')
#2 [internal function]: CodeIgniter\Autoloader\Autoloader->loadClass('App\\Controllers...')
#3 [internal function]: spl_autoload_call('App\\Controllers...')
#4 C:\xampp\htdocs\template\system\CodeIgniter.php(861): class_exists('\\App\\Controller...', true)
#5 C:\xampp\htdocs\template\system\CodeIgniter.php(388): CodeIgniter\CodeIgniter->startController()
#6 C:\xampp\htdocs\template\system\CodeIgniter.php(306): CodeIgniter\CodeIgniter->handleRequest(NULL, Object(Config\Cache), false)
#7 C:\xampp\htdocs\template\index.php(45): CodeIgniter\CodeIgniter->run()
#8 {main}
<<<<<<< HEAD
CRITICAL - 2021-02-22 02:28:41 --> Undefined variable: data
#0 C:\xampp\htdocs\template\app\Views\movie\MV-6\body.php(10): CodeIgniter\Debug\Exceptions->errorHandler(8, 'Undefined varia...', 'C:\\xampp\\htdocs...', 10, Array)
#1 C:\xampp\htdocs\template\system\View\View.php(236): include('C:\\xampp\\htdocs...')
#2 C:\xampp\htdocs\template\system\Common.php(1071): CodeIgniter\View\View->render('movie/MV-6/body...', Array, true)
#3 C:\xampp\htdocs\template\app\Controllers\Home.php(80): view('movie/MV-6/body...', Array)
#4 C:\xampp\htdocs\template\system\CodeIgniter.php(910): App\Controllers\Home->index()
#5 C:\xampp\htdocs\template\system\CodeIgniter.php(398): CodeIgniter\CodeIgniter->runController(Object(App\Controllers\Home))
#6 C:\xampp\htdocs\template\system\CodeIgniter.php(306): CodeIgniter\CodeIgniter->handleRequest(NULL, Object(Config\Cache), false)
#7 C:\xampp\htdocs\template\index.php(45): CodeIgniter\CodeIgniter->run()
#8 {main}
CRITICAL - 2021-02-22 02:29:20 --> Undefined variable: data
#0 C:\xampp\htdocs\template\app\Views\movie\MV-6\body.php(10): CodeIgniter\Debug\Exceptions->errorHandler(8, 'Undefined varia...', 'C:\\xampp\\htdocs...', 10, Array)
#1 C:\xampp\htdocs\template\system\View\View.php(236): include('C:\\xampp\\htdocs...')
#2 C:\xampp\htdocs\template\system\Common.php(1071): CodeIgniter\View\View->render('movie/MV-6/body...', Array, true)
#3 C:\xampp\htdocs\template\app\Controllers\Home.php(80): view('movie/MV-6/body...', Array)
#4 C:\xampp\htdocs\template\system\CodeIgniter.php(910): App\Controllers\Home->index()
#5 C:\xampp\htdocs\template\system\CodeIgniter.php(398): CodeIgniter\CodeIgniter->runController(Object(App\Controllers\Home))
#6 C:\xampp\htdocs\template\system\CodeIgniter.php(306): CodeIgniter\CodeIgniter->handleRequest(NULL, Object(Config\Cache), false)
#7 C:\xampp\htdocs\template\index.php(45): CodeIgniter\CodeIgniter->run()
#8 {main}
CRITICAL - 2021-02-22 02:29:56 --> Undefined variable: list_video_topimdb
#0 C:\xampp\htdocs\template\app\Views\movie\MV-6\body.php(35): CodeIgniter\Debug\Exceptions->errorHandler(8, 'Undefined varia...', 'C:\\xampp\\htdocs...', 35, Array)
#1 C:\xampp\htdocs\template\system\View\View.php(236): include('C:\\xampp\\htdocs...')
#2 C:\xampp\htdocs\template\system\Common.php(1071): CodeIgniter\View\View->render('movie/MV-6/body...', Array, true)
#3 C:\xampp\htdocs\template\app\Controllers\Home.php(80): view('movie/MV-6/body...', Array)
#4 C:\xampp\htdocs\template\system\CodeIgniter.php(910): App\Controllers\Home->index()
#5 C:\xampp\htdocs\template\system\CodeIgniter.php(398): CodeIgniter\CodeIgniter->runController(Object(App\Controllers\Home))
#6 C:\xampp\htdocs\template\system\CodeIgniter.php(306): CodeIgniter\CodeIgniter->handleRequest(NULL, Object(Config\Cache), false)
#7 C:\xampp\htdocs\template\index.php(45): CodeIgniter\CodeIgniter->run()
#8 {main}
CRITICAL - 2021-02-22 02:42:00 --> Undefined variable: list
#0 C:\xampp\htdocs\template\app\Views\movie\MV-6\body.php(166): CodeIgniter\Debug\Exceptions->errorHandler(8, 'Undefined varia...', 'C:\\xampp\\htdocs...', 166, Array)
#1 C:\xampp\htdocs\template\system\View\View.php(236): include('C:\\xampp\\htdocs...')
#2 C:\xampp\htdocs\template\system\Common.php(1071): CodeIgniter\View\View->render('9', Array, true)
#3 C:\xampp\htdocs\template\app\Controllers\Home.php(80): view('movie/MV-6/body...', Array)
#4 C:\xampp\htdocs\template\system\CodeIgniter.php(910): App\Controllers\Home->index()
#5 C:\xampp\htdocs\template\system\CodeIgniter.php(398): CodeIgniter\CodeIgniter->runController(Object(App\Controllers\Home))
#6 C:\xampp\htdocs\template\system\CodeIgniter.php(306): CodeIgniter\CodeIgniter->handleRequest(NULL, Object(Config\Cache), false)
#7 C:\xampp\htdocs\template\index.php(45): CodeIgniter\CodeIgniter->run()
#8 {main}
CRITICAL - 2021-02-22 02:42:41 --> Undefined variable: list_video
#0 C:\xampp\htdocs\template\app\Views\movie\MV-6\body.php(166): CodeIgniter\Debug\Exceptions->errorHandler(8, 'Undefined varia...', 'C:\\xampp\\htdocs...', 166, Array)
#1 C:\xampp\htdocs\template\system\View\View.php(236): include('C:\\xampp\\htdocs...')
#2 C:\xampp\htdocs\template\system\Common.php(1071): CodeIgniter\View\View->render('9', Array, true)
#3 C:\xampp\htdocs\template\app\Controllers\Home.php(80): view('movie/MV-6/body...', Array)
#4 C:\xampp\htdocs\template\system\CodeIgniter.php(910): App\Controllers\Home->index()
#5 C:\xampp\htdocs\template\system\CodeIgniter.php(398): CodeIgniter\CodeIgniter->runController(Object(App\Controllers\Home))
#6 C:\xampp\htdocs\template\system\CodeIgniter.php(306): CodeIgniter\CodeIgniter->handleRequest(NULL, Object(Config\Cache), false)
#7 C:\xampp\htdocs\template\index.php(45): CodeIgniter\CodeIgniter->run()
#8 {main}
CRITICAL - 2021-02-22 02:43:05 --> Undefined variable: list_video
#0 C:\xampp\htdocs\template\app\Views\movie\MV-6\body.php(165): CodeIgniter\Debug\Exceptions->errorHandler(8, 'Undefined varia...', 'C:\\xampp\\htdocs...', 165, Array)
#1 C:\xampp\htdocs\template\system\View\View.php(236): include('C:\\xampp\\htdocs...')
#2 C:\xampp\htdocs\template\system\Common.php(1071): CodeIgniter\View\View->render('9', Array, true)
#3 C:\xampp\htdocs\template\app\Controllers\Home.php(80): view('movie/MV-6/body...', Array)
#4 C:\xampp\htdocs\template\system\CodeIgniter.php(910): App\Controllers\Home->index()
#5 C:\xampp\htdocs\template\system\CodeIgniter.php(398): CodeIgniter\CodeIgniter->runController(Object(App\Controllers\Home))
#6 C:\xampp\htdocs\template\system\CodeIgniter.php(306): CodeIgniter\CodeIgniter->handleRequest(NULL, Object(Config\Cache), false)
#7 C:\xampp\htdocs\template\index.php(45): CodeIgniter\CodeIgniter->run()
#8 {main}
CRITICAL - 2021-02-22 02:43:55 --> Undefined variable: get_list_video_bycate
#0 C:\xampp\htdocs\template\app\Views\movie\MV-6\body.php(220): CodeIgniter\Debug\Exceptions->errorHandler(8, 'Undefined varia...', 'C:\\xampp\\htdocs...', 220, Array)
#1 C:\xampp\htdocs\template\system\View\View.php(236): include('C:\\xampp\\htdocs...')
#2 C:\xampp\htdocs\template\system\Common.php(1071): CodeIgniter\View\View->render('3', Array, true)
#3 C:\xampp\htdocs\template\app\Controllers\Home.php(81): view('movie/MV-6/body...', Array)
#4 C:\xampp\htdocs\template\system\CodeIgniter.php(910): App\Controllers\Home->index()
#5 C:\xampp\htdocs\template\system\CodeIgniter.php(398): CodeIgniter\CodeIgniter->runController(Object(App\Controllers\Home))
#6 C:\xampp\htdocs\template\system\CodeIgniter.php(306): CodeIgniter\CodeIgniter->handleRequest(NULL, Object(Config\Cache), false)
#7 C:\xampp\htdocs\template\index.php(45): CodeIgniter\CodeIgniter->run()
#8 {main}
CRITICAL - 2021-02-22 02:45:41 --> Undefined variable: video_cate
#0 C:\xampp\htdocs\template\app\Views\movie\MV-6\body.php(220): CodeIgniter\Debug\Exceptions->errorHandler(8, 'Undefined varia...', 'C:\\xampp\\htdocs...', 220, Array)
#1 C:\xampp\htdocs\template\system\View\View.php(236): include('C:\\xampp\\htdocs...')
#2 C:\xampp\htdocs\template\system\Common.php(1071): CodeIgniter\View\View->render('3', Array, true)
#3 C:\xampp\htdocs\template\app\Controllers\Home.php(81): view('movie/MV-6/body...', Array)
#4 C:\xampp\htdocs\template\system\CodeIgniter.php(910): App\Controllers\Home->index()
#5 C:\xampp\htdocs\template\system\CodeIgniter.php(398): CodeIgniter\CodeIgniter->runController(Object(App\Controllers\Home))
#6 C:\xampp\htdocs\template\system\CodeIgniter.php(306): CodeIgniter\CodeIgniter->handleRequest(NULL, Object(Config\Cache), false)
#7 C:\xampp\htdocs\template\index.php(45): CodeIgniter\CodeIgniter->run()
#8 {main}
CRITICAL - 2021-02-22 02:46:23 --> Undefined index: total
#0 C:\xampp\htdocs\template\app\Views\movie\MV-6\body.php(235): CodeIgniter\Debug\Exceptions->errorHandler(8, 'Undefined index...', 'C:\\xampp\\htdocs...', 235, Array)
#1 C:\xampp\htdocs\template\system\View\View.php(236): include('C:\\xampp\\htdocs...')
#2 C:\xampp\htdocs\template\system\Common.php(1071): CodeIgniter\View\View->render('3', Array, true)
#3 C:\xampp\htdocs\template\app\Controllers\Home.php(82): view('movie/MV-6/body...', Array)
#4 C:\xampp\htdocs\template\system\CodeIgniter.php(910): App\Controllers\Home->index()
#5 C:\xampp\htdocs\template\system\CodeIgniter.php(398): CodeIgniter\CodeIgniter->runController(Object(App\Controllers\Home))
#6 C:\xampp\htdocs\template\system\CodeIgniter.php(306): CodeIgniter\CodeIgniter->handleRequest(NULL, Object(Config\Cache), false)
#7 C:\xampp\htdocs\template\index.php(45): CodeIgniter\CodeIgniter->run()
#8 {main}
CRITICAL - 2021-02-22 02:48:07 --> Undefined index: total
#0 C:\xampp\htdocs\template\app\Views\movie\MV-6\body.php(238): CodeIgniter\Debug\Exceptions->errorHandler(8, 'Undefined index...', 'C:\\xampp\\htdocs...', 238, Array)
#1 C:\xampp\htdocs\template\system\View\View.php(236): include('C:\\xampp\\htdocs...')
#2 C:\xampp\htdocs\template\system\Common.php(1071): CodeIgniter\View\View->render('3', Array, true)
#3 C:\xampp\htdocs\template\app\Controllers\Home.php(82): view('movie/MV-6/body...', Array)
#4 C:\xampp\htdocs\template\system\CodeIgniter.php(910): App\Controllers\Home->index()
#5 C:\xampp\htdocs\template\system\CodeIgniter.php(398): CodeIgniter\CodeIgniter->runController(Object(App\Controllers\Home))
#6 C:\xampp\htdocs\template\system\CodeIgniter.php(306): CodeIgniter\CodeIgniter->handleRequest(NULL, Object(Config\Cache), false)
#7 C:\xampp\htdocs\template\index.php(45): CodeIgniter\CodeIgniter->run()
#8 {main}
CRITICAL - 2021-02-22 03:21:56 --> Undefined variable: get_list_video_bycate
#0 C:\xampp\htdocs\template\app\Views\movie\MV-6\body.php(464): CodeIgniter\Debug\Exceptions->errorHandler(8, 'Undefined varia...', 'C:\\xampp\\htdocs...', 464, Array)
#1 C:\xampp\htdocs\template\system\View\View.php(236): include('C:\\xampp\\htdocs...')
#2 C:\xampp\htdocs\template\system\Common.php(1071): CodeIgniter\View\View->render('8', Array, true)
#3 C:\xampp\htdocs\template\app\Controllers\Home.php(82): view('movie/MV-6/body...', Array)
#4 C:\xampp\htdocs\template\system\CodeIgniter.php(910): App\Controllers\Home->index()
#5 C:\xampp\htdocs\template\system\CodeIgniter.php(398): CodeIgniter\CodeIgniter->runController(Object(App\Controllers\Home))
#6 C:\xampp\htdocs\template\system\CodeIgniter.php(306): CodeIgniter\CodeIgniter->handleRequest(NULL, Object(Config\Cache), false)
#7 C:\xampp\htdocs\template\index.php(45): CodeIgniter\CodeIgniter->run()
#8 {main}
CRITICAL - 2021-02-22 03:22:32 --> Undefined variable: list
#0 C:\xampp\htdocs\template\app\Views\movie\MV-6\body.php(534): CodeIgniter\Debug\Exceptions->errorHandler(8, 'Undefined varia...', 'C:\\xampp\\htdocs...', 534, Array)
#1 C:\xampp\htdocs\template\system\View\View.php(236): include('C:\\xampp\\htdocs...')
#2 C:\xampp\htdocs\template\system\Common.php(1071): CodeIgniter\View\View->render('8', Array, true)
#3 C:\xampp\htdocs\template\app\Controllers\Home.php(82): view('movie/MV-6/body...', Array)
=======
CRITICAL - 2021-02-22 09:52:31 --> syntax error, unexpected ')', expecting variable (T_VARIABLE)
#0 C:\xampp\htdocs\template\system\Autoloader\Autoloader.php(296): CodeIgniter\Autoloader\Autoloader->requireFile('C:\\xampp\\htdocs...')
#1 C:\xampp\htdocs\template\system\Autoloader\Autoloader.php(258): CodeIgniter\Autoloader\Autoloader->loadInNamespace('App\\Controllers...')
#2 [internal function]: CodeIgniter\Autoloader\Autoloader->loadClass('App\\Controllers...')
#3 [internal function]: spl_autoload_call('App\\Controllers...')
#4 C:\xampp\htdocs\template\system\CodeIgniter.php(861): class_exists('\\App\\Controller...', true)
#5 C:\xampp\htdocs\template\system\CodeIgniter.php(388): CodeIgniter\CodeIgniter->startController()
#6 C:\xampp\htdocs\template\system\CodeIgniter.php(306): CodeIgniter\CodeIgniter->handleRequest(NULL, Object(Config\Cache), false)
#7 C:\xampp\htdocs\template\index.php(45): CodeIgniter\CodeIgniter->run()
#8 {main}
CRITICAL - 2021-02-22 10:37:18 --> Undefined variable: val
#0 C:\xampp\htdocs\template\app\Views\movie\MV-5\body.php(93): CodeIgniter\Debug\Exceptions->errorHandler(8, 'Undefined varia...', 'C:\\xampp\\htdocs...', 93, Array)
#1 C:\xampp\htdocs\template\system\View\View.php(236): include('C:\\xampp\\htdocs...')
#2 C:\xampp\htdocs\template\system\Common.php(1071): CodeIgniter\View\View->render('movie/MV-5/body...', Array, true)
#3 C:\xampp\htdocs\template\app\Controllers\Home.php(75): view('movie/MV-5/body...', Array)
>>>>>>> 859eb239e5296e6eaf60b99f99a2f87760088ad6
#4 C:\xampp\htdocs\template\system\CodeIgniter.php(910): App\Controllers\Home->index()
#5 C:\xampp\htdocs\template\system\CodeIgniter.php(398): CodeIgniter\CodeIgniter->runController(Object(App\Controllers\Home))
#6 C:\xampp\htdocs\template\system\CodeIgniter.php(306): CodeIgniter\CodeIgniter->handleRequest(NULL, Object(Config\Cache), false)
#7 C:\xampp\htdocs\template\index.php(45): CodeIgniter\CodeIgniter->run()
#8 {main}
<<<<<<< HEAD
CRITICAL - 2021-02-22 03:38:18 --> Undefined variable: url_loadmore
#0 C:\xampp\htdocs\template\app\Views\movie\MV-6\body.php(542): CodeIgniter\Debug\Exceptions->errorHandler(8, 'Undefined varia...', 'C:\\xampp\\htdocs...', 542, Array)
#1 C:\xampp\htdocs\template\system\View\View.php(236): include('C:\\xampp\\htdocs...')
#2 C:\xampp\htdocs\template\system\Common.php(1071): CodeIgniter\View\View->render('8', Array, true)
#3 C:\xampp\htdocs\template\app\Controllers\Home.php(82): view('movie/MV-6/body...', Array)
#4 C:\xampp\htdocs\template\system\CodeIgniter.php(910): App\Controllers\Home->index()
=======
CRITICAL - 2021-02-22 10:46:22 --> Undefined variable: index
#0 C:\xampp\htdocs\template\app\Views\movie\MV-5\video.php(44): CodeIgniter\Debug\Exceptions->errorHandler(8, 'Undefined varia...', 'C:\\xampp\\htdocs...', 44, Array)
#1 C:\xampp\htdocs\template\system\View\View.php(236): include('C:\\xampp\\htdocs...')
#2 C:\xampp\htdocs\template\system\Common.php(1071): CodeIgniter\View\View->render('movie/MV-5/vide...', Array, true)
#3 C:\xampp\htdocs\template\app\Controllers\Home.php(397): view('movie/MV-5/vide...')
#4 C:\xampp\htdocs\template\system\CodeIgniter.php(910): App\Controllers\Home->series('431', '\xE0\xB8\x94\xE0\xB8\xB9\xE0\xB8\xAB\xE0\xB8\x99\xE0\xB8\xB1...')
>>>>>>> 859eb239e5296e6eaf60b99f99a2f87760088ad6
#5 C:\xampp\htdocs\template\system\CodeIgniter.php(398): CodeIgniter\CodeIgniter->runController(Object(App\Controllers\Home))
#6 C:\xampp\htdocs\template\system\CodeIgniter.php(306): CodeIgniter\CodeIgniter->handleRequest(NULL, Object(Config\Cache), false)
#7 C:\xampp\htdocs\template\index.php(45): CodeIgniter\CodeIgniter->run()
#8 {main}
