CRITICAL - 2021-01-05 00:15:19 --> Undefined variable: path_thumbnail
#0 C:\xampp\htdocs\donungded.com\app\Views\anime\body.php(91): CodeIgniter\Debug\Exceptions->errorHandler(8, 'Undefined varia...', 'C:\\xampp\\htdocs...', 91, Array)
#1 C:\xampp\htdocs\donungded.com\system\View\View.php(236): include('C:\\xampp\\htdocs...')
#2 C:\xampp\htdocs\donungded.com\system\Common.php(1071): CodeIgniter\View\View->render('anime/body.php', Array, true)
#3 C:\xampp\htdocs\donungded.com\app\Controllers\An_Home.php(79): view('anime/body.php', Array)
#4 C:\xampp\htdocs\donungded.com\system\CodeIgniter.php(910): App\Controllers\An_Home->index()
#5 C:\xampp\htdocs\donungded.com\system\CodeIgniter.php(398): CodeIgniter\CodeIgniter->runController(Object(App\Controllers\An_Home))
#6 C:\xampp\htdocs\donungded.com\system\CodeIgniter.php(306): CodeIgniter\CodeIgniter->handleRequest(NULL, Object(Config\Cache), false)
#7 C:\xampp\htdocs\donungded.com\index.php(45): CodeIgniter\CodeIgniter->run()
#8 {main}
CRITICAL - 2021-01-05 00:18:12 --> Undefined index: movie_picture
#0 C:\xampp\htdocs\donungded.com\app\Views\anime\body.php(217): CodeIgniter\Debug\Exceptions->errorHandler(8, 'Undefined index...', 'C:\\xampp\\htdocs...', 217, Array)
#1 C:\xampp\htdocs\donungded.com\system\View\View.php(236): include('C:\\xampp\\htdocs...')
#2 C:\xampp\htdocs\donungded.com\system\Common.php(1071): CodeIgniter\View\View->render('anime/body.php', Array, true)
#3 C:\xampp\htdocs\donungded.com\app\Controllers\An_Home.php(79): view('anime/body.php', Array)
#4 C:\xampp\htdocs\donungded.com\system\CodeIgniter.php(910): App\Controllers\An_Home->index()
#5 C:\xampp\htdocs\donungded.com\system\CodeIgniter.php(398): CodeIgniter\CodeIgniter->runController(Object(App\Controllers\An_Home))
#6 C:\xampp\htdocs\donungded.com\system\CodeIgniter.php(306): CodeIgniter\CodeIgniter->handleRequest(NULL, Object(Config\Cache), false)
#7 C:\xampp\htdocs\donungded.com\index.php(45): CodeIgniter\CodeIgniter->run()
#8 {main}
CRITICAL - 2021-01-05 00:25:40 --> Undefined variable: path_thumbnail
#0 C:\xampp\htdocs\donungded.com\app\Controllers\An_Home.php(34): CodeIgniter\Debug\Exceptions->errorHandler(8, 'Undefined varia...', 'C:\\xampp\\htdocs...', 34, Array)
#1 C:\xampp\htdocs\donungded.com\system\CodeIgniter.php(910): App\Controllers\An_Home->index()
#2 C:\xampp\htdocs\donungded.com\system\CodeIgniter.php(398): CodeIgniter\CodeIgniter->runController(Object(App\Controllers\An_Home))
#3 C:\xampp\htdocs\donungded.com\system\CodeIgniter.php(306): CodeIgniter\CodeIgniter->handleRequest(NULL, Object(Config\Cache), false)
#4 C:\xampp\htdocs\donungded.com\index.php(45): CodeIgniter\CodeIgniter->run()
#5 {main}
CRITICAL - 2021-01-05 00:27:00 --> Undefined index: movie_picture
#0 C:\xampp\htdocs\donungded.com\app\Views\AV\body.php(219): CodeIgniter\Debug\Exceptions->errorHandler(8, 'Undefined index...', 'C:\\xampp\\htdocs...', 219, Array)
#1 C:\xampp\htdocs\donungded.com\system\View\View.php(236): include('C:\\xampp\\htdocs...')
#2 C:\xampp\htdocs\donungded.com\system\Common.php(1071): CodeIgniter\View\View->render('AV/body.php', Array, true)
#3 C:\xampp\htdocs\donungded.com\app\Controllers\Av_Home.php(85): view('AV/body.php', Array)
#4 C:\xampp\htdocs\donungded.com\system\CodeIgniter.php(910): App\Controllers\Av_Home->index()
#5 C:\xampp\htdocs\donungded.com\system\CodeIgniter.php(398): CodeIgniter\CodeIgniter->runController(Object(App\Controllers\Av_Home))
#6 C:\xampp\htdocs\donungded.com\system\CodeIgniter.php(306): CodeIgniter\CodeIgniter->handleRequest(NULL, Object(Config\Cache), false)
#7 C:\xampp\htdocs\donungded.com\index.php(45): CodeIgniter\CodeIgniter->run()
#8 {main}
CRITICAL - 2021-01-05 00:29:13 --> Undefined variable: video_data
#0 C:\xampp\htdocs\donungded.com\app\Views\anime\body.php(55): CodeIgniter\Debug\Exceptions->errorHandler(8, 'Undefined varia...', 'C:\\xampp\\htdocs...', 55, Array)
#1 C:\xampp\htdocs\donungded.com\system\View\View.php(236): include('C:\\xampp\\htdocs...')
#2 C:\xampp\htdocs\donungded.com\system\Common.php(1071): CodeIgniter\View\View->render('anime/body.php', Array, true)
#3 C:\xampp\htdocs\donungded.com\app\Controllers\An_Home.php(80): view('anime/body.php', Array)
#4 C:\xampp\htdocs\donungded.com\system\CodeIgniter.php(910): App\Controllers\An_Home->index()
#5 C:\xampp\htdocs\donungded.com\system\CodeIgniter.php(398): CodeIgniter\CodeIgniter->runController(Object(App\Controllers\An_Home))
#6 C:\xampp\htdocs\donungded.com\system\CodeIgniter.php(306): CodeIgniter\CodeIgniter->handleRequest(NULL, Object(Config\Cache), false)
#7 C:\xampp\htdocs\donungded.com\index.php(45): CodeIgniter\CodeIgniter->run()
#8 {main}
CRITICAL - 2021-01-05 01:10:40 --> Undefined variable: path_thumbnail
#0 C:\xampp\htdocs\donungded.com\app\Views\anime\search.php(47): CodeIgniter\Debug\Exceptions->errorHandler(8, 'Undefined varia...', 'C:\\xampp\\htdocs...', 47, Array)
#1 C:\xampp\htdocs\donungded.com\system\View\View.php(236): include('C:\\xampp\\htdocs...')
#2 C:\xampp\htdocs\donungded.com\system\Common.php(1071): CodeIgniter\View\View->render('anime/search', Array, true)
#3 C:\xampp\htdocs\donungded.com\app\Controllers\An_Home.php(169): view('anime/search', Array)
#4 C:\xampp\htdocs\donungded.com\system\CodeIgniter.php(910): App\Controllers\An_Home->video_bycate('9', '%E0%B8%94%E0%B8...')
#5 C:\xampp\htdocs\donungded.com\system\CodeIgniter.php(398): CodeIgniter\CodeIgniter->runController(Object(App\Controllers\An_Home))
#6 C:\xampp\htdocs\donungded.com\system\CodeIgniter.php(306): CodeIgniter\CodeIgniter->handleRequest(NULL, Object(Config\Cache), false)
#7 C:\xampp\htdocs\donungded.com\index.php(45): CodeIgniter\CodeIgniter->run()
#8 {main}
CRITICAL - 2021-01-05 01:13:07 --> Undefined variable: path_thumbnail
#0 C:\xampp\htdocs\donungded.com\app\Views\anime\search.php(47): CodeIgniter\Debug\Exceptions->errorHandler(8, 'Undefined varia...', 'C:\\xampp\\htdocs...', 47, Array)
#1 C:\xampp\htdocs\donungded.com\system\View\View.php(236): include('C:\\xampp\\htdocs...')
#2 C:\xampp\htdocs\donungded.com\system\Common.php(1071): CodeIgniter\View\View->render('anime/search', Array, true)
#3 C:\xampp\htdocs\donungded.com\app\Controllers\An_Home.php(509): view('anime/search', Array)
#4 C:\xampp\htdocs\donungded.com\system\CodeIgniter.php(910): App\Controllers\An_Home->video_search('one')
#5 C:\xampp\htdocs\donungded.com\system\CodeIgniter.php(398): CodeIgniter\CodeIgniter->runController(Object(App\Controllers\An_Home))
#6 C:\xampp\htdocs\donungded.com\system\CodeIgniter.php(306): CodeIgniter\CodeIgniter->handleRequest(NULL, Object(Config\Cache), false)
#7 C:\xampp\htdocs\donungded.com\index.php(45): CodeIgniter\CodeIgniter->run()
#8 {main}
CRITICAL - 2021-01-05 01:14:45 --> Undefined offset: 0
#0 C:\xampp\htdocs\donungded.com\app\Models\Video_Model.php(163): CodeIgniter\Debug\Exceptions->errorHandler(8, 'Undefined offse...', 'C:\\xampp\\htdocs...', 163, Array)
#1 C:\xampp\htdocs\donungded.com\app\Controllers\Home.php(226): App\Models\Video_Model->get_ep_series('26')
#2 C:\xampp\htdocs\donungded.com\system\CodeIgniter.php(910): App\Controllers\Home->series('26', 'Isekai-wa-Smart...')
#3 C:\xampp\htdocs\donungded.com\system\CodeIgniter.php(398): CodeIgniter\CodeIgniter->runController(Object(App\Controllers\Home))
#4 C:\xampp\htdocs\donungded.com\system\CodeIgniter.php(306): CodeIgniter\CodeIgniter->handleRequest(NULL, Object(Config\Cache), false)
#5 C:\xampp\htdocs\donungded.com\index.php(45): CodeIgniter\CodeIgniter->run()
#6 {main}
CRITICAL - 2021-01-05 01:15:57 --> Undefined offset: 0
#0 C:\xampp\htdocs\donungded.com\app\Models\Video_Model.php(163): CodeIgniter\Debug\Exceptions->errorHandler(8, 'Undefined offse...', 'C:\\xampp\\htdocs...', 163, Array)
#1 C:\xampp\htdocs\donungded.com\app\Controllers\Home.php(226): App\Models\Video_Model->get_ep_series('188')
#2 C:\xampp\htdocs\donungded.com\system\CodeIgniter.php(910): App\Controllers\Home->series('188', 'One-Piece-%E0%B...')
#3 C:\xampp\htdocs\donungded.com\system\CodeIgniter.php(398): CodeIgniter\CodeIgniter->runController(Object(App\Controllers\Home))
#4 C:\xampp\htdocs\donungded.com\system\CodeIgniter.php(306): CodeIgniter\CodeIgniter->handleRequest(NULL, Object(Config\Cache), false)
#5 C:\xampp\htdocs\donungded.com\index.php(45): CodeIgniter\CodeIgniter->run()
#6 {main}
CRITICAL - 2021-01-05 01:30:02 --> Undefined index: ep_data
#0 C:\xampp\htdocs\donungded.com\app\Views\anime\body.php(50): CodeIgniter\Debug\Exceptions->errorHandler(8, 'Undefined index...', 'C:\\xampp\\htdocs...', 50, Array)
#1 C:\xampp\htdocs\donungded.com\system\View\View.php(236): include('C:\\xampp\\htdocs...')
#2 C:\xampp\htdocs\donungded.com\system\Common.php(1071): CodeIgniter\View\View->render('anime/body.php', Array, true)
#3 C:\xampp\htdocs\donungded.com\app\Controllers\An_Home.php(80): view('anime/body.php', Array)
#4 C:\xampp\htdocs\donungded.com\system\CodeIgniter.php(910): App\Controllers\An_Home->index()
#5 C:\xampp\htdocs\donungded.com\system\CodeIgniter.php(398): CodeIgniter\CodeIgniter->runController(Object(App\Controllers\An_Home))
#6 C:\xampp\htdocs\donungded.com\system\CodeIgniter.php(306): CodeIgniter\CodeIgniter->handleRequest(NULL, Object(Config\Cache), false)
#7 C:\xampp\htdocs\donungded.com\index.php(45): CodeIgniter\CodeIgniter->run()
#8 {main}
CRITICAL - 2021-01-05 01:30:15 --> Undefined index: ep_data
#0 C:\xampp\htdocs\donungded.com\app\Views\anime\body.php(50): CodeIgniter\Debug\Exceptions->errorHandler(8, 'Undefined index...', 'C:\\xampp\\htdocs...', 50, Array)
#1 C:\xampp\htdocs\donungded.com\system\View\View.php(236): include('C:\\xampp\\htdocs...')
#2 C:\xampp\htdocs\donungded.com\system\Common.php(1071): CodeIgniter\View\View->render('anime/body.php', Array, true)
#3 C:\xampp\htdocs\donungded.com\app\Controllers\An_Home.php(80): view('anime/body.php', Array)
#4 C:\xampp\htdocs\donungded.com\system\CodeIgniter.php(910): App\Controllers\An_Home->index()
#5 C:\xampp\htdocs\donungded.com\system\CodeIgniter.php(398): CodeIgniter\CodeIgniter->runController(Object(App\Controllers\An_Home))
#6 C:\xampp\htdocs\donungded.com\system\CodeIgniter.php(306): CodeIgniter\CodeIgniter->handleRequest(NULL, Object(Config\Cache), false)
#7 C:\xampp\htdocs\donungded.com\index.php(45): CodeIgniter\CodeIgniter->run()
#8 {main}
CRITICAL - 2021-01-05 01:36:10 --> Undefined index: ep_data
#0 C:\xampp\htdocs\donungded.com\app\Views\anime\body.php(28): CodeIgniter\Debug\Exceptions->errorHandler(8, 'Undefined index...', 'C:\\xampp\\htdocs...', 28, Array)
#1 C:\xampp\htdocs\donungded.com\system\View\View.php(236): include('C:\\xampp\\htdocs...')
#2 C:\xampp\htdocs\donungded.com\system\Common.php(1071): CodeIgniter\View\View->render('anime/body.php', Array, true)
#3 C:\xampp\htdocs\donungded.com\app\Controllers\An_Home.php(80): view('anime/body.php', Array)
#4 C:\xampp\htdocs\donungded.com\system\CodeIgniter.php(910): App\Controllers\An_Home->index()
#5 C:\xampp\htdocs\donungded.com\system\CodeIgniter.php(398): CodeIgniter\CodeIgniter->runController(Object(App\Controllers\An_Home))
#6 C:\xampp\htdocs\donungded.com\system\CodeIgniter.php(306): CodeIgniter\CodeIgniter->handleRequest(NULL, Object(Config\Cache), false)
#7 C:\xampp\htdocs\donungded.com\index.php(45): CodeIgniter\CodeIgniter->run()
#8 {main}
CRITICAL - 2021-01-05 01:42:18 --> You must set the database table to be used with your query.
#0 C:\xampp\htdocs\donungded.com\system\Model.php(1190): CodeIgniter\Database\BaseConnection->table(NULL)
#1 C:\xampp\htdocs\donungded.com\system\Model.php(1648): CodeIgniter\Model->builder()
#2 C:\xampp\htdocs\donungded.com\app\Models\An_Model.php(562): CodeIgniter\Model->__get('an_moviecate')
#3 C:\xampp\htdocs\donungded.com\app\Controllers\An_Home.php(215): App\Models\An_Model->get_anime_data('257')
#4 C:\xampp\htdocs\donungded.com\system\CodeIgniter.php(910): App\Controllers\An_Home->series('257', 'Kuroko-no-Baske...')
#5 C:\xampp\htdocs\donungded.com\system\CodeIgniter.php(398): CodeIgniter\CodeIgniter->runController(Object(App\Controllers\An_Home))
#6 C:\xampp\htdocs\donungded.com\system\CodeIgniter.php(306): CodeIgniter\CodeIgniter->handleRequest(NULL, Object(Config\Cache), false)
#7 C:\xampp\htdocs\donungded.com\index.php(45): CodeIgniter\CodeIgniter->run()
#8 {main}
CRITICAL - 2021-01-05 01:43:24 --> You must set the database table to be used with your query.
#0 C:\xampp\htdocs\donungded.com\system\Model.php(1190): CodeIgniter\Database\BaseConnection->table(NULL)
#1 C:\xampp\htdocs\donungded.com\system\Model.php(1648): CodeIgniter\Model->builder()
#2 C:\xampp\htdocs\donungded.com\app\Models\An_Model.php(562): CodeIgniter\Model->__get('an_moviecate')
#3 C:\xampp\htdocs\donungded.com\app\Controllers\An_Home.php(215): App\Models\An_Model->get_anime_data('257')
#4 C:\xampp\htdocs\donungded.com\system\CodeIgniter.php(910): App\Controllers\An_Home->series('257', 'Kuroko-no-Baske...')
#5 C:\xampp\htdocs\donungded.com\system\CodeIgniter.php(398): CodeIgniter\CodeIgniter->runController(Object(App\Controllers\An_Home))
#6 C:\xampp\htdocs\donungded.com\system\CodeIgniter.php(306): CodeIgniter\CodeIgniter->handleRequest(NULL, Object(Config\Cache), false)
#7 C:\xampp\htdocs\donungded.com\index.php(45): CodeIgniter\CodeIgniter->run()
#8 {main}
CRITICAL - 2021-01-05 01:44:06 --> You must set the database table to be used with your query.
#0 C:\xampp\htdocs\donungded.com\system\Model.php(1190): CodeIgniter\Database\BaseConnection->table(NULL)
#1 C:\xampp\htdocs\donungded.com\system\Model.php(1648): CodeIgniter\Model->builder()
#2 C:\xampp\htdocs\donungded.com\app\Models\An_Model.php(562): CodeIgniter\Model->__get('an_moviecate')
#3 C:\xampp\htdocs\donungded.com\app\Controllers\An_Home.php(215): App\Models\An_Model->get_anime_data('257')
#4 C:\xampp\htdocs\donungded.com\system\CodeIgniter.php(910): App\Controllers\An_Home->series('257', 'Kuroko-no-Baske...')
#5 C:\xampp\htdocs\donungded.com\system\CodeIgniter.php(398): CodeIgniter\CodeIgniter->runController(Object(App\Controllers\An_Home))
#6 C:\xampp\htdocs\donungded.com\system\CodeIgniter.php(306): CodeIgniter\CodeIgniter->handleRequest(NULL, Object(Config\Cache), false)
#7 C:\xampp\htdocs\donungded.com\index.php(45): CodeIgniter\CodeIgniter->run()
#8 {main}
CRITICAL - 2021-01-05 01:45:14 --> You must set the database table to be used with your query.
#0 C:\xampp\htdocs\donungded.com\system\Model.php(1190): CodeIgniter\Database\BaseConnection->table(NULL)
#1 C:\xampp\htdocs\donungded.com\system\Model.php(1648): CodeIgniter\Model->builder()
#2 C:\xampp\htdocs\donungded.com\app\Models\An_Model.php(614): CodeIgniter\Model->__get('an_category')
#3 C:\xampp\htdocs\donungded.com\app\Models\An_Model.php(571): App\Models\An_Model->get_category_onanime('257')
#4 C:\xampp\htdocs\donungded.com\app\Controllers\An_Home.php(215): App\Models\An_Model->get_anime_data('257')
#5 C:\xampp\htdocs\donungded.com\system\CodeIgniter.php(910): App\Controllers\An_Home->series('257', 'Kuroko-no-Baske...')
#6 C:\xampp\htdocs\donungded.com\system\CodeIgniter.php(398): CodeIgniter\CodeIgniter->runController(Object(App\Controllers\An_Home))
#7 C:\xampp\htdocs\donungded.com\system\CodeIgniter.php(306): CodeIgniter\CodeIgniter->handleRequest(NULL, Object(Config\Cache), false)
#8 C:\xampp\htdocs\donungded.com\index.php(45): CodeIgniter\CodeIgniter->run()
#9 {main}
CRITICAL - 2021-01-05 01:46:06 --> You must set the database table to be used with your query.
#0 C:\xampp\htdocs\donungded.com\system\Model.php(1190): CodeIgniter\Database\BaseConnection->table(NULL)
#1 C:\xampp\htdocs\donungded.com\system\Model.php(1648): CodeIgniter\Model->builder()
#2 C:\xampp\htdocs\donungded.com\app\Models\An_Model.php(614): CodeIgniter\Model->__get('mo_category')
#3 C:\xampp\htdocs\donungded.com\app\Models\An_Model.php(571): App\Models\An_Model->get_category_onanime('257')
#4 C:\xampp\htdocs\donungded.com\app\Controllers\An_Home.php(215): App\Models\An_Model->get_anime_data('257')
#5 C:\xampp\htdocs\donungded.com\system\CodeIgniter.php(910): App\Controllers\An_Home->series('257', 'Kuroko-no-Baske...')
#6 C:\xampp\htdocs\donungded.com\system\CodeIgniter.php(398): CodeIgniter\CodeIgniter->runController(Object(App\Controllers\An_Home))
#7 C:\xampp\htdocs\donungded.com\system\CodeIgniter.php(306): CodeIgniter\CodeIgniter->handleRequest(NULL, Object(Config\Cache), false)
#8 C:\xampp\htdocs\donungded.com\index.php(45): CodeIgniter\CodeIgniter->run()
#9 {main}
CRITICAL - 2021-01-05 01:46:31 --> You have an error in your SQL syntax; check the manual that corresponds to your MariaDB server version for the right syntax to use near 'category_id = `an_category`.category_id 
                WHERE 
           ...' at line 5
#0 C:\xampp\htdocs\donungded.com\system\Database\MySQLi\Connection.php(330): mysqli->query('SELECT\r\n       ...')
#1 C:\xampp\htdocs\donungded.com\system\Database\BaseConnection.php(738): CodeIgniter\Database\MySQLi\Connection->execute('SELECT\r\n       ...')
#2 C:\xampp\htdocs\donungded.com\system\Database\BaseConnection.php(666): CodeIgniter\Database\BaseConnection->simpleQuery('SELECT\r\n       ...')
#3 C:\xampp\htdocs\donungded.com\app\Models\An_Model.php(618): CodeIgniter\Database\BaseConnection->query('SELECT\r\n       ...')
#4 C:\xampp\htdocs\donungded.com\app\Models\An_Model.php(571): App\Models\An_Model->get_category_onanime('257')
#5 C:\xampp\htdocs\donungded.com\app\Controllers\An_Home.php(215): App\Models\An_Model->get_anime_data('257')
#6 C:\xampp\htdocs\donungded.com\system\CodeIgniter.php(910): App\Controllers\An_Home->series('257', 'Kuroko-no-Baske...')
#7 C:\xampp\htdocs\donungded.com\system\CodeIgniter.php(398): CodeIgniter\CodeIgniter->runController(Object(App\Controllers\An_Home))
#8 C:\xampp\htdocs\donungded.com\system\CodeIgniter.php(306): CodeIgniter\CodeIgniter->handleRequest(NULL, Object(Config\Cache), false)
#9 C:\xampp\htdocs\donungded.com\index.php(45): CodeIgniter\CodeIgniter->run()
#10 {main}
CRITICAL - 2021-01-05 01:47:43 --> Undefined index: name_ep
#0 C:\xampp\htdocs\donungded.com\app\Views\anime\series.php(53): CodeIgniter\Debug\Exceptions->errorHandler(8, 'Undefined index...', 'C:\\xampp\\htdocs...', 53, Array)
#1 C:\xampp\htdocs\donungded.com\system\View\View.php(236): include('C:\\xampp\\htdocs...')
#2 C:\xampp\htdocs\donungded.com\system\Common.php(1071): CodeIgniter\View\View->render('anime/series.ph...', Array, true)
#3 C:\xampp\htdocs\donungded.com\app\Controllers\An_Home.php(280): view('anime/series.ph...', Array)
#4 C:\xampp\htdocs\donungded.com\system\CodeIgniter.php(910): App\Controllers\An_Home->series('257', '\xE0\xB8\x94\xE0\xB8\xB9\xE0\xB8\xAB\xE0\xB8\x99\xE0\xB8\xB1...')
#5 C:\xampp\htdocs\donungded.com\system\CodeIgniter.php(398): CodeIgniter\CodeIgniter->runController(Object(App\Controllers\An_Home))
#6 C:\xampp\htdocs\donungded.com\system\CodeIgniter.php(306): CodeIgniter\CodeIgniter->handleRequest(NULL, Object(Config\Cache), false)
#7 C:\xampp\htdocs\donungded.com\index.php(45): CodeIgniter\CodeIgniter->run()
#8 {main}
CRITICAL - 2021-01-05 01:47:55 --> Undefined index: name_ep
#0 C:\xampp\htdocs\donungded.com\app\Views\anime\series.php(53): CodeIgniter\Debug\Exceptions->errorHandler(8, 'Undefined index...', 'C:\\xampp\\htdocs...', 53, Array)
#1 C:\xampp\htdocs\donungded.com\system\View\View.php(236): include('C:\\xampp\\htdocs...')
#2 C:\xampp\htdocs\donungded.com\system\Common.php(1071): CodeIgniter\View\View->render('anime/series.ph...', Array, true)
#3 C:\xampp\htdocs\donungded.com\app\Controllers\An_Home.php(280): view('anime/series.ph...', Array)
#4 C:\xampp\htdocs\donungded.com\system\CodeIgniter.php(910): App\Controllers\An_Home->series('257', '\xE0\xB8\x94\xE0\xB8\xB9\xE0\xB8\xAB\xE0\xB8\x99\xE0\xB8\xB1...')
#5 C:\xampp\htdocs\donungded.com\system\CodeIgniter.php(398): CodeIgniter\CodeIgniter->runController(Object(App\Controllers\An_Home))
#6 C:\xampp\htdocs\donungded.com\system\CodeIgniter.php(306): CodeIgniter\CodeIgniter->handleRequest(NULL, Object(Config\Cache), false)
#7 C:\xampp\htdocs\donungded.com\index.php(45): CodeIgniter\CodeIgniter->run()
#8 {main}
CRITICAL - 2021-01-05 01:50:14 --> Illegal offset type
#0 C:\xampp\htdocs\donungded.com\app\Views\anime\series.php(55): CodeIgniter\Debug\Exceptions->errorHandler(2, 'Illegal offset ...', 'C:\\xampp\\htdocs...', 55, Array)
#1 C:\xampp\htdocs\donungded.com\system\View\View.php(236): include('C:\\xampp\\htdocs...')
#2 C:\xampp\htdocs\donungded.com\system\Common.php(1071): CodeIgniter\View\View->render('anime/series.ph...', Array, true)
#3 C:\xampp\htdocs\donungded.com\app\Controllers\An_Home.php(280): view('anime/series.ph...', Array)
#4 C:\xampp\htdocs\donungded.com\system\CodeIgniter.php(910): App\Controllers\An_Home->series('257', '\xE0\xB8\x94\xE0\xB8\xB9\xE0\xB8\xAB\xE0\xB8\x99\xE0\xB8\xB1...')
#5 C:\xampp\htdocs\donungded.com\system\CodeIgniter.php(398): CodeIgniter\CodeIgniter->runController(Object(App\Controllers\An_Home))
#6 C:\xampp\htdocs\donungded.com\system\CodeIgniter.php(306): CodeIgniter\CodeIgniter->handleRequest(NULL, Object(Config\Cache), false)
#7 C:\xampp\htdocs\donungded.com\index.php(45): CodeIgniter\CodeIgniter->run()
#8 {main}
CRITICAL - 2021-01-05 01:50:26 --> syntax error, unexpected ')', expecting ']'
#0 C:\xampp\htdocs\donungded.com\system\Common.php(1071): CodeIgniter\View\View->render('anime/series.ph...', Array, true)
#1 C:\xampp\htdocs\donungded.com\app\Controllers\An_Home.php(280): view('anime/series.ph...', Array)
#2 C:\xampp\htdocs\donungded.com\system\CodeIgniter.php(910): App\Controllers\An_Home->series('257', '\xE0\xB8\x94\xE0\xB8\xB9\xE0\xB8\xAB\xE0\xB8\x99\xE0\xB8\xB1...')
#3 C:\xampp\htdocs\donungded.com\system\CodeIgniter.php(398): CodeIgniter\CodeIgniter->runController(Object(App\Controllers\An_Home))
#4 C:\xampp\htdocs\donungded.com\system\CodeIgniter.php(306): CodeIgniter\CodeIgniter->handleRequest(NULL, Object(Config\Cache), false)
#5 C:\xampp\htdocs\donungded.com\index.php(45): CodeIgniter\CodeIgniter->run()
#6 {main}
CRITICAL - 2021-01-05 01:53:15 --> Undefined variable: path_thumbnail
#0 C:\xampp\htdocs\donungded.com\app\Views\anime\series.php(12): CodeIgniter\Debug\Exceptions->errorHandler(8, 'Undefined varia...', 'C:\\xampp\\htdocs...', 12, Array)
#1 C:\xampp\htdocs\donungded.com\system\View\View.php(236): include('C:\\xampp\\htdocs...')
#2 C:\xampp\htdocs\donungded.com\system\Common.php(1071): CodeIgniter\View\View->render('anime/series.ph...', Array, true)
#3 C:\xampp\htdocs\donungded.com\app\Controllers\An_Home.php(280): view('anime/series.ph...', Array)
#4 C:\xampp\htdocs\donungded.com\system\CodeIgniter.php(910): App\Controllers\An_Home->series('5', '\xE0\xB8\x94\xE0\xB8\xB9\xE0\xB8\xAB\xE0\xB8\x99\xE0\xB8\xB1...')
#5 C:\xampp\htdocs\donungded.com\system\CodeIgniter.php(398): CodeIgniter\CodeIgniter->runController(Object(App\Controllers\An_Home))
#6 C:\xampp\htdocs\donungded.com\system\CodeIgniter.php(306): CodeIgniter\CodeIgniter->handleRequest(NULL, Object(Config\Cache), false)
#7 C:\xampp\htdocs\donungded.com\index.php(45): CodeIgniter\CodeIgniter->run()
#8 {main}
CRITICAL - 2021-01-05 01:53:43 --> Undefined variable: category_id
#0 C:\xampp\htdocs\donungded.com\app\Views\anime\series.php(320): CodeIgniter\Debug\Exceptions->errorHandler(8, 'Undefined varia...', 'C:\\xampp\\htdocs...', 320, Array)
#1 C:\xampp\htdocs\donungded.com\system\View\View.php(236): include('C:\\xampp\\htdocs...')
#2 C:\xampp\htdocs\donungded.com\system\Common.php(1071): CodeIgniter\View\View->render('anime/series.ph...', Array, true)
#3 C:\xampp\htdocs\donungded.com\app\Controllers\An_Home.php(280): view('anime/series.ph...', Array)
#4 C:\xampp\htdocs\donungded.com\system\CodeIgniter.php(910): App\Controllers\An_Home->series('5', '\xE0\xB8\x94\xE0\xB8\xB9\xE0\xB8\xAB\xE0\xB8\x99\xE0\xB8\xB1...')
#5 C:\xampp\htdocs\donungded.com\system\CodeIgniter.php(398): CodeIgniter\CodeIgniter->runController(Object(App\Controllers\An_Home))
#6 C:\xampp\htdocs\donungded.com\system\CodeIgniter.php(306): CodeIgniter\CodeIgniter->handleRequest(NULL, Object(Config\Cache), false)
#7 C:\xampp\htdocs\donungded.com\index.php(45): CodeIgniter\CodeIgniter->run()
#8 {main}
CRITICAL - 2021-01-05 01:53:51 --> Undefined variable: category_id
#0 C:\xampp\htdocs\donungded.com\app\Views\anime\series.php(320): CodeIgniter\Debug\Exceptions->errorHandler(8, 'Undefined varia...', 'C:\\xampp\\htdocs...', 320, Array)
#1 C:\xampp\htdocs\donungded.com\system\View\View.php(236): include('C:\\xampp\\htdocs...')
#2 C:\xampp\htdocs\donungded.com\system\Common.php(1071): CodeIgniter\View\View->render('anime/series.ph...', Array, true)
#3 C:\xampp\htdocs\donungded.com\app\Controllers\An_Home.php(280): view('anime/series.ph...', Array)
#4 C:\xampp\htdocs\donungded.com\system\CodeIgniter.php(910): App\Controllers\An_Home->series('5', '\xE0\xB8\x94\xE0\xB8\xB9\xE0\xB8\xAB\xE0\xB8\x99\xE0\xB8\xB1...')
#5 C:\xampp\htdocs\donungded.com\system\CodeIgniter.php(398): CodeIgniter\CodeIgniter->runController(Object(App\Controllers\An_Home))
#6 C:\xampp\htdocs\donungded.com\system\CodeIgniter.php(306): CodeIgniter\CodeIgniter->handleRequest(NULL, Object(Config\Cache), false)
#7 C:\xampp\htdocs\donungded.com\index.php(45): CodeIgniter\CodeIgniter->run()
#8 {main}
CRITICAL - 2021-01-05 02:01:45 --> Undefined offset: 0
#0 C:\xampp\htdocs\donungded.com\app\Views\anime\video.php(97): CodeIgniter\Debug\Exceptions->errorHandler(8, 'Undefined offse...', 'C:\\xampp\\htdocs...', 97, Array)
#1 C:\xampp\htdocs\donungded.com\system\View\View.php(236): include('C:\\xampp\\htdocs...')
#2 C:\xampp\htdocs\donungded.com\system\Common.php(1071): CodeIgniter\View\View->render('anime/video.php', Array, true)
#3 C:\xampp\htdocs\donungded.com\app\Controllers\An_Home.php(360): view('anime/video.php', Array)
#4 C:\xampp\htdocs\donungded.com\system\CodeIgniter.php(910): App\Controllers\An_Home->video_series('13', '\xE0\xB8\x94\xE0\xB8\xB9\xE0\xB8\xAB\xE0\xB8\x99\xE0\xB8\xB1...', '0', 'EP-1')
#5 C:\xampp\htdocs\donungded.com\system\CodeIgniter.php(398): CodeIgniter\CodeIgniter->runController(Object(App\Controllers\An_Home))
#6 C:\xampp\htdocs\donungded.com\system\CodeIgniter.php(306): CodeIgniter\CodeIgniter->handleRequest(NULL, Object(Config\Cache), false)
#7 C:\xampp\htdocs\donungded.com\index.php(45): CodeIgniter\CodeIgniter->run()
#8 {main}
CRITICAL - 2021-01-05 02:07:03 --> Undefined offset: 0
#0 C:\xampp\htdocs\donungded.com\app\Views\anime\video.php(97): CodeIgniter\Debug\Exceptions->errorHandler(8, 'Undefined offse...', 'C:\\xampp\\htdocs...', 97, Array)
#1 C:\xampp\htdocs\donungded.com\system\View\View.php(236): include('C:\\xampp\\htdocs...')
#2 C:\xampp\htdocs\donungded.com\system\Common.php(1071): CodeIgniter\View\View->render('anime/video.php', Array, true)
#3 C:\xampp\htdocs\donungded.com\app\Controllers\An_Home.php(360): view('anime/video.php', Array)
#4 C:\xampp\htdocs\donungded.com\system\CodeIgniter.php(910): App\Controllers\An_Home->video_series('78', '\xE0\xB8\x94\xE0\xB8\xB9\xE0\xB8\xAB\xE0\xB8\x99\xE0\xB8\xB1...', '0', 'EP-1')
#5 C:\xampp\htdocs\donungded.com\system\CodeIgniter.php(398): CodeIgniter\CodeIgniter->runController(Object(App\Controllers\An_Home))
#6 C:\xampp\htdocs\donungded.com\system\CodeIgniter.php(306): CodeIgniter\CodeIgniter->handleRequest(NULL, Object(Config\Cache), false)
#7 C:\xampp\htdocs\donungded.com\index.php(45): CodeIgniter\CodeIgniter->run()
#8 {main}
CRITICAL - 2021-01-05 02:08:48 --> You must set the database table to be used with your query.
#0 C:\xampp\htdocs\donungded.com\system\Model.php(1190): CodeIgniter\Database\BaseConnection->table(NULL)
#1 C:\xampp\htdocs\donungded.com\system\Model.php(1700): CodeIgniter\Model->builder()
#2 C:\xampp\htdocs\donungded.com\app\Controllers\An_Home.php(449): CodeIgniter\Model->__call('get_ep_series', Array)
#3 C:\xampp\htdocs\donungded.com\system\CodeIgniter.php(910): App\Controllers\An_Home->player('78', 'movie_thmain', '0')
#4 C:\xampp\htdocs\donungded.com\system\CodeIgniter.php(398): CodeIgniter\CodeIgniter->runController(Object(App\Controllers\An_Home))
#5 C:\xampp\htdocs\donungded.com\system\CodeIgniter.php(306): CodeIgniter\CodeIgniter->handleRequest(NULL, Object(Config\Cache), false)
#6 C:\xampp\htdocs\donungded.com\index.php(45): CodeIgniter\CodeIgniter->run()
#7 {main}
CRITICAL - 2021-01-05 02:10:25 --> Undefined index: name_ep
#0 C:\xampp\htdocs\donungded.com\app\Views\anime\video.php(106): CodeIgniter\Debug\Exceptions->errorHandler(8, 'Undefined index...', 'C:\\xampp\\htdocs...', 106, Array)
#1 C:\xampp\htdocs\donungded.com\system\View\View.php(236): include('C:\\xampp\\htdocs...')
#2 C:\xampp\htdocs\donungded.com\system\Common.php(1071): CodeIgniter\View\View->render('anime/video.php', Array, true)
#3 C:\xampp\htdocs\donungded.com\app\Controllers\An_Home.php(360): view('anime/video.php', Array)
#4 C:\xampp\htdocs\donungded.com\system\CodeIgniter.php(910): App\Controllers\An_Home->video_series('78', '\xE0\xB8\x94\xE0\xB8\xB9\xE0\xB8\xAB\xE0\xB8\x99\xE0\xB8\xB1...', '0', 'EP-1')
#5 C:\xampp\htdocs\donungded.com\system\CodeIgniter.php(398): CodeIgniter\CodeIgniter->runController(Object(App\Controllers\An_Home))
#6 C:\xampp\htdocs\donungded.com\system\CodeIgniter.php(306): CodeIgniter\CodeIgniter->handleRequest(NULL, Object(Config\Cache), false)
#7 C:\xampp\htdocs\donungded.com\index.php(45): CodeIgniter\CodeIgniter->run()
#8 {main}
CRITICAL - 2021-01-05 02:11:30 --> trim() expects parameter 1 to be string, array given
#0 [internal function]: CodeIgniter\Debug\Exceptions->errorHandler(2, 'trim() expects ...', 'C:\\xampp\\htdocs...', 107, Array)
#1 C:\xampp\htdocs\donungded.com\app\Views\anime\video.php(107): trim(Array)
#2 C:\xampp\htdocs\donungded.com\system\View\View.php(236): include('C:\\xampp\\htdocs...')
#3 C:\xampp\htdocs\donungded.com\system\Common.php(1071): CodeIgniter\View\View->render('anime/video.php', Array, true)
#4 C:\xampp\htdocs\donungded.com\app\Controllers\An_Home.php(360): view('anime/video.php', Array)
#5 C:\xampp\htdocs\donungded.com\system\CodeIgniter.php(910): App\Controllers\An_Home->video_series('78', '\xE0\xB8\x94\xE0\xB8\xB9\xE0\xB8\xAB\xE0\xB8\x99\xE0\xB8\xB1...', '0', 'EP-1')
#6 C:\xampp\htdocs\donungded.com\system\CodeIgniter.php(398): CodeIgniter\CodeIgniter->runController(Object(App\Controllers\An_Home))
#7 C:\xampp\htdocs\donungded.com\system\CodeIgniter.php(306): CodeIgniter\CodeIgniter->handleRequest(NULL, Object(Config\Cache), false)
#8 C:\xampp\htdocs\donungded.com\index.php(45): CodeIgniter\CodeIgniter->run()
#9 {main}
CRITICAL - 2021-01-05 02:12:03 --> You must set the database table to be used with your query.
#0 C:\xampp\htdocs\donungded.com\system\Model.php(1190): CodeIgniter\Database\BaseConnection->table(NULL)
#1 C:\xampp\htdocs\donungded.com\system\Model.php(1700): CodeIgniter\Model->builder()
#2 C:\xampp\htdocs\donungded.com\app\Controllers\An_Home.php(449): CodeIgniter\Model->__call('get_ep_series', Array)
#3 C:\xampp\htdocs\donungded.com\system\CodeIgniter.php(910): App\Controllers\An_Home->player('78', 'movie_thmain', '0')
#4 C:\xampp\htdocs\donungded.com\system\CodeIgniter.php(398): CodeIgniter\CodeIgniter->runController(Object(App\Controllers\An_Home))
#5 C:\xampp\htdocs\donungded.com\system\CodeIgniter.php(306): CodeIgniter\CodeIgniter->handleRequest(NULL, Object(Config\Cache), false)
#6 C:\xampp\htdocs\donungded.com\index.php(45): CodeIgniter\CodeIgniter->run()
#7 {main}
CRITICAL - 2021-01-05 02:12:17 --> You must set the database table to be used with your query.
#0 C:\xampp\htdocs\donungded.com\system\Model.php(1190): CodeIgniter\Database\BaseConnection->table(NULL)
#1 C:\xampp\htdocs\donungded.com\system\Model.php(1700): CodeIgniter\Model->builder()
#2 C:\xampp\htdocs\donungded.com\app\Controllers\An_Home.php(449): CodeIgniter\Model->__call('get_ep_series', Array)
#3 C:\xampp\htdocs\donungded.com\system\CodeIgniter.php(910): App\Controllers\An_Home->player('78', 'movie_thmain', '0')
#4 C:\xampp\htdocs\donungded.com\system\CodeIgniter.php(398): CodeIgniter\CodeIgniter->runController(Object(App\Controllers\An_Home))
#5 C:\xampp\htdocs\donungded.com\system\CodeIgniter.php(306): CodeIgniter\CodeIgniter->handleRequest(NULL, Object(Config\Cache), false)
#6 C:\xampp\htdocs\donungded.com\index.php(45): CodeIgniter\CodeIgniter->run()
#7 {main}
CRITICAL - 2021-01-05 02:12:56 --> You must set the database table to be used with your query.
#0 C:\xampp\htdocs\donungded.com\system\Model.php(1190): CodeIgniter\Database\BaseConnection->table(NULL)
#1 C:\xampp\htdocs\donungded.com\system\Model.php(1700): CodeIgniter\Model->builder()
#2 C:\xampp\htdocs\donungded.com\app\Controllers\An_Home.php(449): CodeIgniter\Model->__call('get_ep_series', Array)
#3 C:\xampp\htdocs\donungded.com\system\CodeIgniter.php(910): App\Controllers\An_Home->player('78', 'movie_thmain', '0')
#4 C:\xampp\htdocs\donungded.com\system\CodeIgniter.php(398): CodeIgniter\CodeIgniter->runController(Object(App\Controllers\An_Home))
#5 C:\xampp\htdocs\donungded.com\system\CodeIgniter.php(306): CodeIgniter\CodeIgniter->handleRequest(NULL, Object(Config\Cache), false)
#6 C:\xampp\htdocs\donungded.com\index.php(45): CodeIgniter\CodeIgniter->run()
#7 {main}
CRITICAL - 2021-01-05 02:13:11 --> You must set the database table to be used with your query.
#0 C:\xampp\htdocs\donungded.com\system\Model.php(1190): CodeIgniter\Database\BaseConnection->table(NULL)
#1 C:\xampp\htdocs\donungded.com\system\Model.php(1700): CodeIgniter\Model->builder()
#2 C:\xampp\htdocs\donungded.com\app\Controllers\An_Home.php(449): CodeIgniter\Model->__call('get_ep_series', Array)
#3 C:\xampp\htdocs\donungded.com\system\CodeIgniter.php(910): App\Controllers\An_Home->player('78', 'movie_thmain', '0')
#4 C:\xampp\htdocs\donungded.com\system\CodeIgniter.php(398): CodeIgniter\CodeIgniter->runController(Object(App\Controllers\An_Home))
#5 C:\xampp\htdocs\donungded.com\system\CodeIgniter.php(306): CodeIgniter\CodeIgniter->handleRequest(NULL, Object(Config\Cache), false)
#6 C:\xampp\htdocs\donungded.com\index.php(45): CodeIgniter\CodeIgniter->run()
#7 {main}
CRITICAL - 2021-01-05 02:13:47 --> You must set the database table to be used with your query.
#0 C:\xampp\htdocs\donungded.com\system\Model.php(1190): CodeIgniter\Database\BaseConnection->table(NULL)
#1 C:\xampp\htdocs\donungded.com\system\Model.php(1700): CodeIgniter\Model->builder()
#2 C:\xampp\htdocs\donungded.com\app\Controllers\An_Home.php(449): CodeIgniter\Model->__call('get_ep_series', Array)
#3 C:\xampp\htdocs\donungded.com\system\CodeIgniter.php(910): App\Controllers\An_Home->player('78', 'movie_thmain', '0')
#4 C:\xampp\htdocs\donungded.com\system\CodeIgniter.php(398): CodeIgniter\CodeIgniter->runController(Object(App\Controllers\An_Home))
#5 C:\xampp\htdocs\donungded.com\system\CodeIgniter.php(306): CodeIgniter\CodeIgniter->handleRequest(NULL, Object(Config\Cache), false)
#6 C:\xampp\htdocs\donungded.com\index.php(45): CodeIgniter\CodeIgniter->run()
#7 {main}
CRITICAL - 2021-01-05 02:14:14 --> You must set the database table to be used with your query.
#0 C:\xampp\htdocs\donungded.com\system\Model.php(1190): CodeIgniter\Database\BaseConnection->table(NULL)
#1 C:\xampp\htdocs\donungded.com\system\Model.php(1700): CodeIgniter\Model->builder()
#2 C:\xampp\htdocs\donungded.com\app\Controllers\An_Home.php(449): CodeIgniter\Model->__call('get_ep_series', Array)
#3 C:\xampp\htdocs\donungded.com\system\CodeIgniter.php(910): App\Controllers\An_Home->player('78', 'movie_thmain', '0')
#4 C:\xampp\htdocs\donungded.com\system\CodeIgniter.php(398): CodeIgniter\CodeIgniter->runController(Object(App\Controllers\An_Home))
#5 C:\xampp\htdocs\donungded.com\system\CodeIgniter.php(306): CodeIgniter\CodeIgniter->handleRequest(NULL, Object(Config\Cache), false)
#6 C:\xampp\htdocs\donungded.com\index.php(45): CodeIgniter\CodeIgniter->run()
#7 {main}
CRITICAL - 2021-01-05 02:14:18 --> You must set the database table to be used with your query.
#0 C:\xampp\htdocs\donungded.com\system\Model.php(1190): CodeIgniter\Database\BaseConnection->table(NULL)
#1 C:\xampp\htdocs\donungded.com\system\Model.php(1700): CodeIgniter\Model->builder()
#2 C:\xampp\htdocs\donungded.com\app\Controllers\An_Home.php(449): CodeIgniter\Model->__call('get_ep_series', Array)
#3 C:\xampp\htdocs\donungded.com\system\CodeIgniter.php(910): App\Controllers\An_Home->player('78', 'movie_thmain', '1')
#4 C:\xampp\htdocs\donungded.com\system\CodeIgniter.php(398): CodeIgniter\CodeIgniter->runController(Object(App\Controllers\An_Home))
#5 C:\xampp\htdocs\donungded.com\system\CodeIgniter.php(306): CodeIgniter\CodeIgniter->handleRequest(NULL, Object(Config\Cache), false)
#6 C:\xampp\htdocs\donungded.com\index.php(45): CodeIgniter\CodeIgniter->run()
#7 {main}
CRITICAL - 2021-01-05 02:14:26 --> You must set the database table to be used with your query.
#0 C:\xampp\htdocs\donungded.com\system\Model.php(1190): CodeIgniter\Database\BaseConnection->table(NULL)
#1 C:\xampp\htdocs\donungded.com\system\Model.php(1700): CodeIgniter\Model->builder()
#2 C:\xampp\htdocs\donungded.com\app\Controllers\An_Home.php(449): CodeIgniter\Model->__call('get_ep_series', Array)
#3 C:\xampp\htdocs\donungded.com\system\CodeIgniter.php(910): App\Controllers\An_Home->player('78', 'movie_thmain', '1')
#4 C:\xampp\htdocs\donungded.com\system\CodeIgniter.php(398): CodeIgniter\CodeIgniter->runController(Object(App\Controllers\An_Home))
#5 C:\xampp\htdocs\donungded.com\system\CodeIgniter.php(306): CodeIgniter\CodeIgniter->handleRequest(NULL, Object(Config\Cache), false)
#6 C:\xampp\htdocs\donungded.com\index.php(45): CodeIgniter\CodeIgniter->run()
#7 {main}
CRITICAL - 2021-01-05 02:14:37 --> You must set the database table to be used with your query.
#0 C:\xampp\htdocs\donungded.com\system\Model.php(1190): CodeIgniter\Database\BaseConnection->table(NULL)
#1 C:\xampp\htdocs\donungded.com\system\Model.php(1700): CodeIgniter\Model->builder()
#2 C:\xampp\htdocs\donungded.com\app\Controllers\An_Home.php(449): CodeIgniter\Model->__call('get_ep_series', Array)
#3 C:\xampp\htdocs\donungded.com\system\CodeIgniter.php(910): App\Controllers\An_Home->player('78', 'movie_thmain', '1')
#4 C:\xampp\htdocs\donungded.com\system\CodeIgniter.php(398): CodeIgniter\CodeIgniter->runController(Object(App\Controllers\An_Home))
#5 C:\xampp\htdocs\donungded.com\system\CodeIgniter.php(306): CodeIgniter\CodeIgniter->handleRequest(NULL, Object(Config\Cache), false)
#6 C:\xampp\htdocs\donungded.com\index.php(45): CodeIgniter\CodeIgniter->run()
#7 {main}
CRITICAL - 2021-01-05 02:15:05 --> You must set the database table to be used with your query.
#0 C:\xampp\htdocs\donungded.com\system\Model.php(1190): CodeIgniter\Database\BaseConnection->table(NULL)
#1 C:\xampp\htdocs\donungded.com\system\Model.php(1700): CodeIgniter\Model->builder()
#2 C:\xampp\htdocs\donungded.com\app\Controllers\An_Home.php(449): CodeIgniter\Model->__call('get_ep_series', Array)
#3 C:\xampp\htdocs\donungded.com\system\CodeIgniter.php(910): App\Controllers\An_Home->player('78', 'movie_thmain', '1')
#4 C:\xampp\htdocs\donungded.com\system\CodeIgniter.php(398): CodeIgniter\CodeIgniter->runController(Object(App\Controllers\An_Home))
#5 C:\xampp\htdocs\donungded.com\system\CodeIgniter.php(306): CodeIgniter\CodeIgniter->handleRequest(NULL, Object(Config\Cache), false)
#6 C:\xampp\htdocs\donungded.com\index.php(45): CodeIgniter\CodeIgniter->run()
#7 {main}
CRITICAL - 2021-01-05 02:15:21 --> You must set the database table to be used with your query.
#0 C:\xampp\htdocs\donungded.com\system\Model.php(1190): CodeIgniter\Database\BaseConnection->table(NULL)
#1 C:\xampp\htdocs\donungded.com\system\Model.php(1700): CodeIgniter\Model->builder()
#2 C:\xampp\htdocs\donungded.com\app\Controllers\An_Home.php(449): CodeIgniter\Model->__call('get_ep_series', Array)
#3 C:\xampp\htdocs\donungded.com\system\CodeIgniter.php(910): App\Controllers\An_Home->player('78', 'movie_thmain', '1')
#4 C:\xampp\htdocs\donungded.com\system\CodeIgniter.php(398): CodeIgniter\CodeIgniter->runController(Object(App\Controllers\An_Home))
#5 C:\xampp\htdocs\donungded.com\system\CodeIgniter.php(306): CodeIgniter\CodeIgniter->handleRequest(NULL, Object(Config\Cache), false)
#6 C:\xampp\htdocs\donungded.com\index.php(45): CodeIgniter\CodeIgniter->run()
#7 {main}
CRITICAL - 2021-01-05 02:15:56 --> You must set the database table to be used with your query.
#0 C:\xampp\htdocs\donungded.com\system\Model.php(1190): CodeIgniter\Database\BaseConnection->table(NULL)
#1 C:\xampp\htdocs\donungded.com\system\Model.php(1700): CodeIgniter\Model->builder()
#2 C:\xampp\htdocs\donungded.com\app\Controllers\An_Home.php(449): CodeIgniter\Model->__call('get_ep_series', Array)
#3 C:\xampp\htdocs\donungded.com\system\CodeIgniter.php(910): App\Controllers\An_Home->player('78', 'movie_thmain', '1')
#4 C:\xampp\htdocs\donungded.com\system\CodeIgniter.php(398): CodeIgniter\CodeIgniter->runController(Object(App\Controllers\An_Home))
#5 C:\xampp\htdocs\donungded.com\system\CodeIgniter.php(306): CodeIgniter\CodeIgniter->handleRequest(NULL, Object(Config\Cache), false)
#6 C:\xampp\htdocs\donungded.com\index.php(45): CodeIgniter\CodeIgniter->run()
#7 {main}
CRITICAL - 2021-01-05 02:20:22 --> You must set the database table to be used with your query.
#0 C:\xampp\htdocs\donungded.com\system\Model.php(1190): CodeIgniter\Database\BaseConnection->table(NULL)
#1 C:\xampp\htdocs\donungded.com\system\Model.php(1700): CodeIgniter\Model->builder()
#2 C:\xampp\htdocs\donungded.com\app\Controllers\An_Home.php(449): CodeIgniter\Model->__call('get_ep_series', Array)
#3 C:\xampp\htdocs\donungded.com\system\CodeIgniter.php(910): App\Controllers\An_Home->player('78', 'movie_thmain', '1')
#4 C:\xampp\htdocs\donungded.com\system\CodeIgniter.php(398): CodeIgniter\CodeIgniter->runController(Object(App\Controllers\An_Home))
#5 C:\xampp\htdocs\donungded.com\system\CodeIgniter.php(306): CodeIgniter\CodeIgniter->handleRequest(NULL, Object(Config\Cache), false)
#6 C:\xampp\htdocs\donungded.com\index.php(45): CodeIgniter\CodeIgniter->run()
#7 {main}
CRITICAL - 2021-01-05 02:20:49 --> You must set the database table to be used with your query.
#0 C:\xampp\htdocs\donungded.com\system\Model.php(1190): CodeIgniter\Database\BaseConnection->table(NULL)
#1 C:\xampp\htdocs\donungded.com\system\Model.php(1700): CodeIgniter\Model->builder()
#2 C:\xampp\htdocs\donungded.com\app\Controllers\An_Home.php(449): CodeIgniter\Model->__call('get_ep_series', Array)
#3 C:\xampp\htdocs\donungded.com\system\CodeIgniter.php(910): App\Controllers\An_Home->player('78', 'movie_thmain', '1')
#4 C:\xampp\htdocs\donungded.com\system\CodeIgniter.php(398): CodeIgniter\CodeIgniter->runController(Object(App\Controllers\An_Home))
#5 C:\xampp\htdocs\donungded.com\system\CodeIgniter.php(306): CodeIgniter\CodeIgniter->handleRequest(NULL, Object(Config\Cache), false)
#6 C:\xampp\htdocs\donungded.com\index.php(45): CodeIgniter\CodeIgniter->run()
#7 {main}
CRITICAL - 2021-01-05 02:25:39 --> You must set the database table to be used with your query.
#0 C:\xampp\htdocs\donungded.com\system\Model.php(1190): CodeIgniter\Database\BaseConnection->table(NULL)
#1 C:\xampp\htdocs\donungded.com\system\Model.php(1700): CodeIgniter\Model->builder()
#2 C:\xampp\htdocs\donungded.com\app\Controllers\An_Home.php(449): CodeIgniter\Model->__call('get_ep_series', Array)
#3 C:\xampp\htdocs\donungded.com\system\CodeIgniter.php(910): App\Controllers\An_Home->player('78', 'movie_thmain', '1')
#4 C:\xampp\htdocs\donungded.com\system\CodeIgniter.php(398): CodeIgniter\CodeIgniter->runController(Object(App\Controllers\An_Home))
#5 C:\xampp\htdocs\donungded.com\system\CodeIgniter.php(306): CodeIgniter\CodeIgniter->handleRequest(NULL, Object(Config\Cache), false)
#6 C:\xampp\htdocs\donungded.com\index.php(45): CodeIgniter\CodeIgniter->run()
#7 {main}
CRITICAL - 2021-01-05 02:27:16 --> You must set the database table to be used with your query.
#0 C:\xampp\htdocs\donungded.com\system\Model.php(1190): CodeIgniter\Database\BaseConnection->table(NULL)
#1 C:\xampp\htdocs\donungded.com\system\Model.php(1700): CodeIgniter\Model->builder()
#2 C:\xampp\htdocs\donungded.com\app\Controllers\An_Home.php(449): CodeIgniter\Model->__call('get_ep_series', Array)
#3 C:\xampp\htdocs\donungded.com\system\CodeIgniter.php(910): App\Controllers\An_Home->player('78', 'movie_thmain', '1')
#4 C:\xampp\htdocs\donungded.com\system\CodeIgniter.php(398): CodeIgniter\CodeIgniter->runController(Object(App\Controllers\An_Home))
#5 C:\xampp\htdocs\donungded.com\system\CodeIgniter.php(306): CodeIgniter\CodeIgniter->handleRequest(NULL, Object(Config\Cache), false)
#6 C:\xampp\htdocs\donungded.com\index.php(45): CodeIgniter\CodeIgniter->run()
#7 {main}
CRITICAL - 2021-01-05 02:27:26 --> You must set the database table to be used with your query.
#0 C:\xampp\htdocs\donungded.com\system\Model.php(1190): CodeIgniter\Database\BaseConnection->table(NULL)
#1 C:\xampp\htdocs\donungded.com\system\Model.php(1700): CodeIgniter\Model->builder()
#2 C:\xampp\htdocs\donungded.com\app\Controllers\An_Home.php(449): CodeIgniter\Model->__call('get_ep_series', Array)
#3 C:\xampp\htdocs\donungded.com\system\CodeIgniter.php(910): App\Controllers\An_Home->player('78', 'movie_thmain', '1')
#4 C:\xampp\htdocs\donungded.com\system\CodeIgniter.php(398): CodeIgniter\CodeIgniter->runController(Object(App\Controllers\An_Home))
#5 C:\xampp\htdocs\donungded.com\system\CodeIgniter.php(306): CodeIgniter\CodeIgniter->handleRequest(NULL, Object(Config\Cache), false)
#6 C:\xampp\htdocs\donungded.com\index.php(45): CodeIgniter\CodeIgniter->run()
#7 {main}
CRITICAL - 2021-01-05 02:27:29 --> Undefined offset: 0
#0 C:\xampp\htdocs\donungded.com\app\Models\Video_Model.php(163): CodeIgniter\Debug\Exceptions->errorHandler(8, 'Undefined offse...', 'C:\\xampp\\htdocs...', 163, Array)
#1 C:\xampp\htdocs\donungded.com\app\Controllers\Home.php(300): App\Models\Video_Model->get_ep_series('78')
#2 C:\xampp\htdocs\donungded.com\system\CodeIgniter.php(910): App\Controllers\Home->video_series('78', 'Robot-Girls-Z', '0', 'EP-2')
#3 C:\xampp\htdocs\donungded.com\system\CodeIgniter.php(398): CodeIgniter\CodeIgniter->runController(Object(App\Controllers\Home))
#4 C:\xampp\htdocs\donungded.com\system\CodeIgniter.php(306): CodeIgniter\CodeIgniter->handleRequest(NULL, Object(Config\Cache), false)
#5 C:\xampp\htdocs\donungded.com\index.php(45): CodeIgniter\CodeIgniter->run()
#6 {main}
CRITICAL - 2021-01-05 02:27:39 --> Undefined offset: 0
#0 C:\xampp\htdocs\donungded.com\app\Models\Video_Model.php(163): CodeIgniter\Debug\Exceptions->errorHandler(8, 'Undefined offse...', 'C:\\xampp\\htdocs...', 163, Array)
#1 C:\xampp\htdocs\donungded.com\app\Controllers\Home.php(300): App\Models\Video_Model->get_ep_series('78')
#2 C:\xampp\htdocs\donungded.com\system\CodeIgniter.php(910): App\Controllers\Home->video_series('78', 'Robot-Girls-Z', '1', 'EP-2')
#3 C:\xampp\htdocs\donungded.com\system\CodeIgniter.php(398): CodeIgniter\CodeIgniter->runController(Object(App\Controllers\Home))
#4 C:\xampp\htdocs\donungded.com\system\CodeIgniter.php(306): CodeIgniter\CodeIgniter->handleRequest(NULL, Object(Config\Cache), false)
#5 C:\xampp\htdocs\donungded.com\index.php(45): CodeIgniter\CodeIgniter->run()
#6 {main}
CRITICAL - 2021-01-05 02:27:49 --> Undefined offset: 0
#0 C:\xampp\htdocs\donungded.com\app\Models\Video_Model.php(163): CodeIgniter\Debug\Exceptions->errorHandler(8, 'Undefined offse...', 'C:\\xampp\\htdocs...', 163, Array)
#1 C:\xampp\htdocs\donungded.com\app\Controllers\Home.php(300): App\Models\Video_Model->get_ep_series('78')
#2 C:\xampp\htdocs\donungded.com\system\CodeIgniter.php(910): App\Controllers\Home->video_series('78', 'Robot-Girls-Z', '0', 'EP-2')
#3 C:\xampp\htdocs\donungded.com\system\CodeIgniter.php(398): CodeIgniter\CodeIgniter->runController(Object(App\Controllers\Home))
#4 C:\xampp\htdocs\donungded.com\system\CodeIgniter.php(306): CodeIgniter\CodeIgniter->handleRequest(NULL, Object(Config\Cache), false)
#5 C:\xampp\htdocs\donungded.com\index.php(45): CodeIgniter\CodeIgniter->run()
#6 {main}
CRITICAL - 2021-01-05 02:27:50 --> You must set the database table to be used with your query.
#0 C:\xampp\htdocs\donungded.com\system\Model.php(1190): CodeIgniter\Database\BaseConnection->table(NULL)
#1 C:\xampp\htdocs\donungded.com\system\Model.php(1700): CodeIgniter\Model->builder()
#2 C:\xampp\htdocs\donungded.com\app\Controllers\An_Home.php(449): CodeIgniter\Model->__call('get_ep_series', Array)
#3 C:\xampp\htdocs\donungded.com\system\CodeIgniter.php(910): App\Controllers\An_Home->player('78', 'movie_thmain', '1')
#4 C:\xampp\htdocs\donungded.com\system\CodeIgniter.php(398): CodeIgniter\CodeIgniter->runController(Object(App\Controllers\An_Home))
#5 C:\xampp\htdocs\donungded.com\system\CodeIgniter.php(306): CodeIgniter\CodeIgniter->handleRequest(NULL, Object(Config\Cache), false)
#6 C:\xampp\htdocs\donungded.com\index.php(45): CodeIgniter\CodeIgniter->run()
#7 {main}
CRITICAL - 2021-01-05 02:27:54 --> You must set the database table to be used with your query.
#0 C:\xampp\htdocs\donungded.com\system\Model.php(1190): CodeIgniter\Database\BaseConnection->table(NULL)
#1 C:\xampp\htdocs\donungded.com\system\Model.php(1700): CodeIgniter\Model->builder()
#2 C:\xampp\htdocs\donungded.com\app\Controllers\An_Home.php(449): CodeIgniter\Model->__call('get_ep_series', Array)
#3 C:\xampp\htdocs\donungded.com\system\CodeIgniter.php(910): App\Controllers\An_Home->player('78', 'movie_thmain', '1')
#4 C:\xampp\htdocs\donungded.com\system\CodeIgniter.php(398): CodeIgniter\CodeIgniter->runController(Object(App\Controllers\An_Home))
#5 C:\xampp\htdocs\donungded.com\system\CodeIgniter.php(306): CodeIgniter\CodeIgniter->handleRequest(NULL, Object(Config\Cache), false)
#6 C:\xampp\htdocs\donungded.com\index.php(45): CodeIgniter\CodeIgniter->run()
#7 {main}
CRITICAL - 2021-01-05 02:27:55 --> You must set the database table to be used with your query.
#0 C:\xampp\htdocs\donungded.com\system\Model.php(1190): CodeIgniter\Database\BaseConnection->table(NULL)
#1 C:\xampp\htdocs\donungded.com\system\Model.php(1700): CodeIgniter\Model->builder()
#2 C:\xampp\htdocs\donungded.com\app\Controllers\An_Home.php(449): CodeIgniter\Model->__call('get_ep_series', Array)
#3 C:\xampp\htdocs\donungded.com\system\CodeIgniter.php(910): App\Controllers\An_Home->player('78', 'movie_thmain', '0')
#4 C:\xampp\htdocs\donungded.com\system\CodeIgniter.php(398): CodeIgniter\CodeIgniter->runController(Object(App\Controllers\An_Home))
#5 C:\xampp\htdocs\donungded.com\system\CodeIgniter.php(306): CodeIgniter\CodeIgniter->handleRequest(NULL, Object(Config\Cache), false)
#6 C:\xampp\htdocs\donungded.com\index.php(45): CodeIgniter\CodeIgniter->run()
#7 {main}
CRITICAL - 2021-01-05 02:27:58 --> Undefined offset: 0
#0 C:\xampp\htdocs\donungded.com\app\Models\Video_Model.php(163): CodeIgniter\Debug\Exceptions->errorHandler(8, 'Undefined offse...', 'C:\\xampp\\htdocs...', 163, Array)
#1 C:\xampp\htdocs\donungded.com\app\Controllers\Home.php(300): App\Models\Video_Model->get_ep_series('78')
#2 C:\xampp\htdocs\donungded.com\system\CodeIgniter.php(910): App\Controllers\Home->video_series('78', 'Robot-Girls-Z', '0', 'EP-2')
#3 C:\xampp\htdocs\donungded.com\system\CodeIgniter.php(398): CodeIgniter\CodeIgniter->runController(Object(App\Controllers\Home))
#4 C:\xampp\htdocs\donungded.com\system\CodeIgniter.php(306): CodeIgniter\CodeIgniter->handleRequest(NULL, Object(Config\Cache), false)
#5 C:\xampp\htdocs\donungded.com\index.php(45): CodeIgniter\CodeIgniter->run()
#6 {main}
CRITICAL - 2021-01-05 02:28:00 --> You must set the database table to be used with your query.
#0 C:\xampp\htdocs\donungded.com\system\Model.php(1190): CodeIgniter\Database\BaseConnection->table(NULL)
#1 C:\xampp\htdocs\donungded.com\system\Model.php(1700): CodeIgniter\Model->builder()
#2 C:\xampp\htdocs\donungded.com\app\Controllers\An_Home.php(449): CodeIgniter\Model->__call('get_ep_series', Array)
#3 C:\xampp\htdocs\donungded.com\system\CodeIgniter.php(910): App\Controllers\An_Home->player('78', 'movie_thmain', '0')
#4 C:\xampp\htdocs\donungded.com\system\CodeIgniter.php(398): CodeIgniter\CodeIgniter->runController(Object(App\Controllers\An_Home))
#5 C:\xampp\htdocs\donungded.com\system\CodeIgniter.php(306): CodeIgniter\CodeIgniter->handleRequest(NULL, Object(Config\Cache), false)
#6 C:\xampp\htdocs\donungded.com\index.php(45): CodeIgniter\CodeIgniter->run()
#7 {main}
CRITICAL - 2021-01-05 02:28:29 --> You must set the database table to be used with your query.
#0 C:\xampp\htdocs\donungded.com\system\Model.php(1190): CodeIgniter\Database\BaseConnection->table(NULL)
#1 C:\xampp\htdocs\donungded.com\system\Model.php(1700): CodeIgniter\Model->builder()
#2 C:\xampp\htdocs\donungded.com\app\Controllers\An_Home.php(449): CodeIgniter\Model->__call('get_ep_series', Array)
#3 C:\xampp\htdocs\donungded.com\system\CodeIgniter.php(910): App\Controllers\An_Home->player('78', 'movie_thmain', '0')
#4 C:\xampp\htdocs\donungded.com\system\CodeIgniter.php(398): CodeIgniter\CodeIgniter->runController(Object(App\Controllers\An_Home))
#5 C:\xampp\htdocs\donungded.com\system\CodeIgniter.php(306): CodeIgniter\CodeIgniter->handleRequest(NULL, Object(Config\Cache), false)
#6 C:\xampp\htdocs\donungded.com\index.php(45): CodeIgniter\CodeIgniter->run()
#7 {main}
CRITICAL - 2021-01-05 02:28:43 --> You must set the database table to be used with your query.
#0 C:\xampp\htdocs\donungded.com\system\Model.php(1190): CodeIgniter\Database\BaseConnection->table(NULL)
#1 C:\xampp\htdocs\donungded.com\system\Model.php(1700): CodeIgniter\Model->builder()
#2 C:\xampp\htdocs\donungded.com\app\Controllers\An_Home.php(449): CodeIgniter\Model->__call('get_ep_series', Array)
#3 C:\xampp\htdocs\donungded.com\system\CodeIgniter.php(910): App\Controllers\An_Home->player('78', 'movie_thmain', '0')
#4 C:\xampp\htdocs\donungded.com\system\CodeIgniter.php(398): CodeIgniter\CodeIgniter->runController(Object(App\Controllers\An_Home))
#5 C:\xampp\htdocs\donungded.com\system\CodeIgniter.php(306): CodeIgniter\CodeIgniter->handleRequest(NULL, Object(Config\Cache), false)
#6 C:\xampp\htdocs\donungded.com\index.php(45): CodeIgniter\CodeIgniter->run()
#7 {main}
CRITICAL - 2021-01-05 02:28:48 --> You must set the database table to be used with your query.
#0 C:\xampp\htdocs\donungded.com\system\Model.php(1190): CodeIgniter\Database\BaseConnection->table(NULL)
#1 C:\xampp\htdocs\donungded.com\system\Model.php(1700): CodeIgniter\Model->builder()
#2 C:\xampp\htdocs\donungded.com\app\Controllers\An_Home.php(449): CodeIgniter\Model->__call('get_ep_series', Array)
#3 C:\xampp\htdocs\donungded.com\system\CodeIgniter.php(910): App\Controllers\An_Home->player('78', 'movie_thmain', '0')
#4 C:\xampp\htdocs\donungded.com\system\CodeIgniter.php(398): CodeIgniter\CodeIgniter->runController(Object(App\Controllers\An_Home))
#5 C:\xampp\htdocs\donungded.com\system\CodeIgniter.php(306): CodeIgniter\CodeIgniter->handleRequest(NULL, Object(Config\Cache), false)
#6 C:\xampp\htdocs\donungded.com\index.php(45): CodeIgniter\CodeIgniter->run()
#7 {main}
CRITICAL - 2021-01-05 02:28:53 --> You must set the database table to be used with your query.
#0 C:\xampp\htdocs\donungded.com\system\Model.php(1190): CodeIgniter\Database\BaseConnection->table(NULL)
#1 C:\xampp\htdocs\donungded.com\system\Model.php(1700): CodeIgniter\Model->builder()
#2 C:\xampp\htdocs\donungded.com\app\Controllers\An_Home.php(449): CodeIgniter\Model->__call('get_ep_series', Array)
#3 C:\xampp\htdocs\donungded.com\system\CodeIgniter.php(910): App\Controllers\An_Home->player('78', 'movie_thmain', '0')
#4 C:\xampp\htdocs\donungded.com\system\CodeIgniter.php(398): CodeIgniter\CodeIgniter->runController(Object(App\Controllers\An_Home))
#5 C:\xampp\htdocs\donungded.com\system\CodeIgniter.php(306): CodeIgniter\CodeIgniter->handleRequest(NULL, Object(Config\Cache), false)
#6 C:\xampp\htdocs\donungded.com\index.php(45): CodeIgniter\CodeIgniter->run()
#7 {main}
CRITICAL - 2021-01-05 02:30:48 --> You must set the database table to be used with your query.
#0 C:\xampp\htdocs\donungded.com\system\Model.php(1190): CodeIgniter\Database\BaseConnection->table(NULL)
#1 C:\xampp\htdocs\donungded.com\system\Model.php(1700): CodeIgniter\Model->builder()
#2 C:\xampp\htdocs\donungded.com\app\Controllers\An_Home.php(449): CodeIgniter\Model->__call('get_ep_series', Array)
#3 C:\xampp\htdocs\donungded.com\system\CodeIgniter.php(910): App\Controllers\An_Home->player('78', 'movie_thmain', '0')
#4 C:\xampp\htdocs\donungded.com\system\CodeIgniter.php(398): CodeIgniter\CodeIgniter->runController(Object(App\Controllers\An_Home))
#5 C:\xampp\htdocs\donungded.com\system\CodeIgniter.php(306): CodeIgniter\CodeIgniter->handleRequest(NULL, Object(Config\Cache), false)
#6 C:\xampp\htdocs\donungded.com\index.php(45): CodeIgniter\CodeIgniter->run()
#7 {main}
CRITICAL - 2021-01-05 02:30:49 --> You must set the database table to be used with your query.
#0 C:\xampp\htdocs\donungded.com\system\Model.php(1190): CodeIgniter\Database\BaseConnection->table(NULL)
#1 C:\xampp\htdocs\donungded.com\system\Model.php(1700): CodeIgniter\Model->builder()
#2 C:\xampp\htdocs\donungded.com\app\Controllers\An_Home.php(449): CodeIgniter\Model->__call('get_ep_series', Array)
#3 C:\xampp\htdocs\donungded.com\system\CodeIgniter.php(910): App\Controllers\An_Home->player('78', 'movie_thmain', '0')
#4 C:\xampp\htdocs\donungded.com\system\CodeIgniter.php(398): CodeIgniter\CodeIgniter->runController(Object(App\Controllers\An_Home))
#5 C:\xampp\htdocs\donungded.com\system\CodeIgniter.php(306): CodeIgniter\CodeIgniter->handleRequest(NULL, Object(Config\Cache), false)
#6 C:\xampp\htdocs\donungded.com\index.php(45): CodeIgniter\CodeIgniter->run()
#7 {main}
CRITICAL - 2021-01-05 02:30:53 --> You must set the database table to be used with your query.
#0 C:\xampp\htdocs\donungded.com\system\Model.php(1190): CodeIgniter\Database\BaseConnection->table(NULL)
#1 C:\xampp\htdocs\donungded.com\system\Model.php(1700): CodeIgniter\Model->builder()
#2 C:\xampp\htdocs\donungded.com\app\Controllers\An_Home.php(449): CodeIgniter\Model->__call('get_ep_series', Array)
#3 C:\xampp\htdocs\donungded.com\system\CodeIgniter.php(910): App\Controllers\An_Home->player('78', 'movie_thmain', '0')
#4 C:\xampp\htdocs\donungded.com\system\CodeIgniter.php(398): CodeIgniter\CodeIgniter->runController(Object(App\Controllers\An_Home))
#5 C:\xampp\htdocs\donungded.com\system\CodeIgniter.php(306): CodeIgniter\CodeIgniter->handleRequest(NULL, Object(Config\Cache), false)
#6 C:\xampp\htdocs\donungded.com\index.php(45): CodeIgniter\CodeIgniter->run()
#7 {main}
CRITICAL - 2021-01-05 02:30:57 --> You must set the database table to be used with your query.
#0 C:\xampp\htdocs\donungded.com\system\Model.php(1190): CodeIgniter\Database\BaseConnection->table(NULL)
#1 C:\xampp\htdocs\donungded.com\system\Model.php(1700): CodeIgniter\Model->builder()
#2 C:\xampp\htdocs\donungded.com\app\Controllers\An_Home.php(449): CodeIgniter\Model->__call('get_ep_series', Array)
#3 C:\xampp\htdocs\donungded.com\system\CodeIgniter.php(910): App\Controllers\An_Home->player('78', 'movie_thmain', '1')
#4 C:\xampp\htdocs\donungded.com\system\CodeIgniter.php(398): CodeIgniter\CodeIgniter->runController(Object(App\Controllers\An_Home))
#5 C:\xampp\htdocs\donungded.com\system\CodeIgniter.php(306): CodeIgniter\CodeIgniter->handleRequest(NULL, Object(Config\Cache), false)
#6 C:\xampp\htdocs\donungded.com\index.php(45): CodeIgniter\CodeIgniter->run()
#7 {main}
CRITICAL - 2021-01-05 02:31:03 --> You must set the database table to be used with your query.
#0 C:\xampp\htdocs\donungded.com\system\Model.php(1190): CodeIgniter\Database\BaseConnection->table(NULL)
#1 C:\xampp\htdocs\donungded.com\system\Model.php(1700): CodeIgniter\Model->builder()
#2 C:\xampp\htdocs\donungded.com\app\Controllers\An_Home.php(449): CodeIgniter\Model->__call('get_ep_series', Array)
#3 C:\xampp\htdocs\donungded.com\system\CodeIgniter.php(910): App\Controllers\An_Home->player('78', 'movie_thmain', '1')
#4 C:\xampp\htdocs\donungded.com\system\CodeIgniter.php(398): CodeIgniter\CodeIgniter->runController(Object(App\Controllers\An_Home))
#5 C:\xampp\htdocs\donungded.com\system\CodeIgniter.php(306): CodeIgniter\CodeIgniter->handleRequest(NULL, Object(Config\Cache), false)
#6 C:\xampp\htdocs\donungded.com\index.php(45): CodeIgniter\CodeIgniter->run()
#7 {main}
CRITICAL - 2021-01-05 02:31:08 --> You must set the database table to be used with your query.
#0 C:\xampp\htdocs\donungded.com\system\Model.php(1190): CodeIgniter\Database\BaseConnection->table(NULL)
#1 C:\xampp\htdocs\donungded.com\system\Model.php(1700): CodeIgniter\Model->builder()
#2 C:\xampp\htdocs\donungded.com\app\Controllers\An_Home.php(449): CodeIgniter\Model->__call('get_ep_series', Array)
#3 C:\xampp\htdocs\donungded.com\system\CodeIgniter.php(910): App\Controllers\An_Home->player('78', 'movie_thmain', '1')
#4 C:\xampp\htdocs\donungded.com\system\CodeIgniter.php(398): CodeIgniter\CodeIgniter->runController(Object(App\Controllers\An_Home))
#5 C:\xampp\htdocs\donungded.com\system\CodeIgniter.php(306): CodeIgniter\CodeIgniter->handleRequest(NULL, Object(Config\Cache), false)
#6 C:\xampp\htdocs\donungded.com\index.php(45): CodeIgniter\CodeIgniter->run()
#7 {main}
CRITICAL - 2021-01-05 02:32:12 --> You must set the database table to be used with your query.
#0 C:\xampp\htdocs\donungded.com\system\Model.php(1190): CodeIgniter\Database\BaseConnection->table(NULL)
#1 C:\xampp\htdocs\donungded.com\system\Model.php(1700): CodeIgniter\Model->builder()
#2 C:\xampp\htdocs\donungded.com\app\Controllers\An_Home.php(449): CodeIgniter\Model->__call('get_ep_series', Array)
#3 C:\xampp\htdocs\donungded.com\system\CodeIgniter.php(910): App\Controllers\An_Home->player('78', 'movie_thmain', '1')
#4 C:\xampp\htdocs\donungded.com\system\CodeIgniter.php(398): CodeIgniter\CodeIgniter->runController(Object(App\Controllers\An_Home))
#5 C:\xampp\htdocs\donungded.com\system\CodeIgniter.php(306): CodeIgniter\CodeIgniter->handleRequest(NULL, Object(Config\Cache), false)
#6 C:\xampp\htdocs\donungded.com\index.php(45): CodeIgniter\CodeIgniter->run()
#7 {main}
CRITICAL - 2021-01-05 02:32:14 --> You must set the database table to be used with your query.
#0 C:\xampp\htdocs\donungded.com\system\Model.php(1190): CodeIgniter\Database\BaseConnection->table(NULL)
#1 C:\xampp\htdocs\donungded.com\system\Model.php(1700): CodeIgniter\Model->builder()
#2 C:\xampp\htdocs\donungded.com\app\Controllers\An_Home.php(449): CodeIgniter\Model->__call('get_ep_series', Array)
#3 C:\xampp\htdocs\donungded.com\system\CodeIgniter.php(910): App\Controllers\An_Home->player('78', 'movie_thmain', '1')
#4 C:\xampp\htdocs\donungded.com\system\CodeIgniter.php(398): CodeIgniter\CodeIgniter->runController(Object(App\Controllers\An_Home))
#5 C:\xampp\htdocs\donungded.com\system\CodeIgniter.php(306): CodeIgniter\CodeIgniter->handleRequest(NULL, Object(Config\Cache), false)
#6 C:\xampp\htdocs\donungded.com\index.php(45): CodeIgniter\CodeIgniter->run()
#7 {main}
CRITICAL - 2021-01-05 02:33:50 --> You must set the database table to be used with your query.
#0 C:\xampp\htdocs\donungded.com\system\Model.php(1190): CodeIgniter\Database\BaseConnection->table(NULL)
#1 C:\xampp\htdocs\donungded.com\system\Model.php(1700): CodeIgniter\Model->builder()
#2 C:\xampp\htdocs\donungded.com\app\Controllers\An_Home.php(449): CodeIgniter\Model->__call('get_ep_series', Array)
#3 C:\xampp\htdocs\donungded.com\system\CodeIgniter.php(910): App\Controllers\An_Home->player('78', 'movie_thmain', '1')
#4 C:\xampp\htdocs\donungded.com\system\CodeIgniter.php(398): CodeIgniter\CodeIgniter->runController(Object(App\Controllers\An_Home))
#5 C:\xampp\htdocs\donungded.com\system\CodeIgniter.php(306): CodeIgniter\CodeIgniter->handleRequest(NULL, Object(Config\Cache), false)
#6 C:\xampp\htdocs\donungded.com\index.php(45): CodeIgniter\CodeIgniter->run()
#7 {main}
CRITICAL - 2021-01-05 02:33:56 --> You must set the database table to be used with your query.
#0 C:\xampp\htdocs\donungded.com\system\Model.php(1190): CodeIgniter\Database\BaseConnection->table(NULL)
#1 C:\xampp\htdocs\donungded.com\system\Model.php(1700): CodeIgniter\Model->builder()
#2 C:\xampp\htdocs\donungded.com\app\Controllers\An_Home.php(449): CodeIgniter\Model->__call('get_ep_series', Array)
#3 C:\xampp\htdocs\donungded.com\system\CodeIgniter.php(910): App\Controllers\An_Home->player('78', 'movie_thmain', '1')
#4 C:\xampp\htdocs\donungded.com\system\CodeIgniter.php(398): CodeIgniter\CodeIgniter->runController(Object(App\Controllers\An_Home))
#5 C:\xampp\htdocs\donungded.com\system\CodeIgniter.php(306): CodeIgniter\CodeIgniter->handleRequest(NULL, Object(Config\Cache), false)
#6 C:\xampp\htdocs\donungded.com\index.php(45): CodeIgniter\CodeIgniter->run()
#7 {main}
CRITICAL - 2021-01-05 02:34:34 --> You must set the database table to be used with your query.
#0 C:\xampp\htdocs\donungded.com\system\Model.php(1190): CodeIgniter\Database\BaseConnection->table(NULL)
#1 C:\xampp\htdocs\donungded.com\system\Model.php(1700): CodeIgniter\Model->builder()
#2 C:\xampp\htdocs\donungded.com\app\Controllers\An_Home.php(449): CodeIgniter\Model->__call('get_ep_series', Array)
#3 C:\xampp\htdocs\donungded.com\system\CodeIgniter.php(910): App\Controllers\An_Home->player('78', 'movie_thmain', '1')
#4 C:\xampp\htdocs\donungded.com\system\CodeIgniter.php(398): CodeIgniter\CodeIgniter->runController(Object(App\Controllers\An_Home))
#5 C:\xampp\htdocs\donungded.com\system\CodeIgniter.php(306): CodeIgniter\CodeIgniter->handleRequest(NULL, Object(Config\Cache), false)
#6 C:\xampp\htdocs\donungded.com\index.php(45): CodeIgniter\CodeIgniter->run()
#7 {main}
CRITICAL - 2021-01-05 02:34:39 --> You must set the database table to be used with your query.
#0 C:\xampp\htdocs\donungded.com\system\Model.php(1190): CodeIgniter\Database\BaseConnection->table(NULL)
#1 C:\xampp\htdocs\donungded.com\system\Model.php(1700): CodeIgniter\Model->builder()
#2 C:\xampp\htdocs\donungded.com\app\Controllers\An_Home.php(449): CodeIgniter\Model->__call('get_ep_series', Array)
#3 C:\xampp\htdocs\donungded.com\system\CodeIgniter.php(910): App\Controllers\An_Home->player('78', 'movie_thmain', '1')
#4 C:\xampp\htdocs\donungded.com\system\CodeIgniter.php(398): CodeIgniter\CodeIgniter->runController(Object(App\Controllers\An_Home))
#5 C:\xampp\htdocs\donungded.com\system\CodeIgniter.php(306): CodeIgniter\CodeIgniter->handleRequest(NULL, Object(Config\Cache), false)
#6 C:\xampp\htdocs\donungded.com\index.php(45): CodeIgniter\CodeIgniter->run()
#7 {main}
CRITICAL - 2021-01-05 02:34:52 --> You must set the database table to be used with your query.
#0 C:\xampp\htdocs\donungded.com\system\Model.php(1190): CodeIgniter\Database\BaseConnection->table(NULL)
#1 C:\xampp\htdocs\donungded.com\system\Model.php(1700): CodeIgniter\Model->builder()
#2 C:\xampp\htdocs\donungded.com\app\Controllers\An_Home.php(449): CodeIgniter\Model->__call('get_ep_series', Array)
#3 C:\xampp\htdocs\donungded.com\system\CodeIgniter.php(910): App\Controllers\An_Home->player('78', 'movie_thmain', '1')
#4 C:\xampp\htdocs\donungded.com\system\CodeIgniter.php(398): CodeIgniter\CodeIgniter->runController(Object(App\Controllers\An_Home))
#5 C:\xampp\htdocs\donungded.com\system\CodeIgniter.php(306): CodeIgniter\CodeIgniter->handleRequest(NULL, Object(Config\Cache), false)
#6 C:\xampp\htdocs\donungded.com\index.php(45): CodeIgniter\CodeIgniter->run()
#7 {main}
CRITICAL - 2021-01-05 02:35:23 --> You must set the database table to be used with your query.
#0 C:\xampp\htdocs\donungded.com\system\Model.php(1190): CodeIgniter\Database\BaseConnection->table(NULL)
#1 C:\xampp\htdocs\donungded.com\system\Model.php(1700): CodeIgniter\Model->builder()
#2 C:\xampp\htdocs\donungded.com\app\Controllers\An_Home.php(449): CodeIgniter\Model->__call('get_ep_series', Array)
#3 C:\xampp\htdocs\donungded.com\system\CodeIgniter.php(910): App\Controllers\An_Home->player('78', 'movie_thmain', '1')
#4 C:\xampp\htdocs\donungded.com\system\CodeIgniter.php(398): CodeIgniter\CodeIgniter->runController(Object(App\Controllers\An_Home))
#5 C:\xampp\htdocs\donungded.com\system\CodeIgniter.php(306): CodeIgniter\CodeIgniter->handleRequest(NULL, Object(Config\Cache), false)
#6 C:\xampp\htdocs\donungded.com\index.php(45): CodeIgniter\CodeIgniter->run()
#7 {main}
CRITICAL - 2021-01-05 02:35:25 --> You must set the database table to be used with your query.
#0 C:\xampp\htdocs\donungded.com\system\Model.php(1190): CodeIgniter\Database\BaseConnection->table(NULL)
#1 C:\xampp\htdocs\donungded.com\system\Model.php(1700): CodeIgniter\Model->builder()
#2 C:\xampp\htdocs\donungded.com\app\Controllers\An_Home.php(449): CodeIgniter\Model->__call('get_ep_series', Array)
#3 C:\xampp\htdocs\donungded.com\system\CodeIgniter.php(910): App\Controllers\An_Home->player('78', 'movie_thmain', '2')
#4 C:\xampp\htdocs\donungded.com\system\CodeIgniter.php(398): CodeIgniter\CodeIgniter->runController(Object(App\Controllers\An_Home))
#5 C:\xampp\htdocs\donungded.com\system\CodeIgniter.php(306): CodeIgniter\CodeIgniter->handleRequest(NULL, Object(Config\Cache), false)
#6 C:\xampp\htdocs\donungded.com\index.php(45): CodeIgniter\CodeIgniter->run()
#7 {main}
CRITICAL - 2021-01-05 02:35:27 --> You must set the database table to be used with your query.
#0 C:\xampp\htdocs\donungded.com\system\Model.php(1190): CodeIgniter\Database\BaseConnection->table(NULL)
#1 C:\xampp\htdocs\donungded.com\system\Model.php(1700): CodeIgniter\Model->builder()
#2 C:\xampp\htdocs\donungded.com\app\Controllers\An_Home.php(449): CodeIgniter\Model->__call('get_ep_series', Array)
#3 C:\xampp\htdocs\donungded.com\system\CodeIgniter.php(910): App\Controllers\An_Home->player('78', 'movie_thmain', '1')
#4 C:\xampp\htdocs\donungded.com\system\CodeIgniter.php(398): CodeIgniter\CodeIgniter->runController(Object(App\Controllers\An_Home))
#5 C:\xampp\htdocs\donungded.com\system\CodeIgniter.php(306): CodeIgniter\CodeIgniter->handleRequest(NULL, Object(Config\Cache), false)
#6 C:\xampp\htdocs\donungded.com\index.php(45): CodeIgniter\CodeIgniter->run()
#7 {main}
CRITICAL - 2021-01-05 02:38:59 --> Undefined variable: playerUrl
#0 C:\xampp\htdocs\donungded.com\app\Views\anime\player.php(91): CodeIgniter\Debug\Exceptions->errorHandler(8, 'Undefined varia...', 'C:\\xampp\\htdocs...', 91, Array)
#1 C:\xampp\htdocs\donungded.com\system\View\View.php(236): include('C:\\xampp\\htdocs...')
#2 C:\xampp\htdocs\donungded.com\system\Common.php(1071): CodeIgniter\View\View->render('anime/player', Array, true)
#3 C:\xampp\htdocs\donungded.com\app\Controllers\An_Home.php(467): view('anime/player', Array)
#4 C:\xampp\htdocs\donungded.com\system\CodeIgniter.php(910): App\Controllers\An_Home->player('78', 'movie_thmain', '1')
#5 C:\xampp\htdocs\donungded.com\system\CodeIgniter.php(398): CodeIgniter\CodeIgniter->runController(Object(App\Controllers\An_Home))
#6 C:\xampp\htdocs\donungded.com\system\CodeIgniter.php(306): CodeIgniter\CodeIgniter->handleRequest(NULL, Object(Config\Cache), false)
#7 C:\xampp\htdocs\donungded.com\index.php(45): CodeIgniter\CodeIgniter->run()
#8 {main}
CRITICAL - 2021-01-05 02:39:31 --> Undefined variable: playerUrl
#0 C:\xampp\htdocs\donungded.com\app\Views\anime\player.php(91): CodeIgniter\Debug\Exceptions->errorHandler(8, 'Undefined varia...', 'C:\\xampp\\htdocs...', 91, Array)
#1 C:\xampp\htdocs\donungded.com\system\View\View.php(236): include('C:\\xampp\\htdocs...')
#2 C:\xampp\htdocs\donungded.com\system\Common.php(1071): CodeIgniter\View\View->render('anime/player', Array, true)
#3 C:\xampp\htdocs\donungded.com\app\Controllers\An_Home.php(467): view('anime/player', Array)
#4 C:\xampp\htdocs\donungded.com\system\CodeIgniter.php(910): App\Controllers\An_Home->player('78', 'movie_thmain', '1')
#5 C:\xampp\htdocs\donungded.com\system\CodeIgniter.php(398): CodeIgniter\CodeIgniter->runController(Object(App\Controllers\An_Home))
#6 C:\xampp\htdocs\donungded.com\system\CodeIgniter.php(306): CodeIgniter\CodeIgniter->handleRequest(NULL, Object(Config\Cache), false)
#7 C:\xampp\htdocs\donungded.com\index.php(45): CodeIgniter\CodeIgniter->run()
#8 {main}
CRITICAL - 2021-01-05 02:40:21 --> Undefined variable: backUrl
#0 C:\xampp\htdocs\donungded.com\app\Views\anime\player.php(171): CodeIgniter\Debug\Exceptions->errorHandler(8, 'Undefined varia...', 'C:\\xampp\\htdocs...', 171, Array)
#1 C:\xampp\htdocs\donungded.com\system\View\View.php(236): include('C:\\xampp\\htdocs...')
#2 C:\xampp\htdocs\donungded.com\system\Common.php(1071): CodeIgniter\View\View->render('anime/player.ph...', Array, true)
#3 C:\xampp\htdocs\donungded.com\app\Controllers\An_Home.php(466): view('anime/player.ph...', Array)
#4 C:\xampp\htdocs\donungded.com\system\CodeIgniter.php(910): App\Controllers\An_Home->player('78', 'movie_thmain', '1')
#5 C:\xampp\htdocs\donungded.com\system\CodeIgniter.php(398): CodeIgniter\CodeIgniter->runController(Object(App\Controllers\An_Home))
#6 C:\xampp\htdocs\donungded.com\system\CodeIgniter.php(306): CodeIgniter\CodeIgniter->handleRequest(NULL, Object(Config\Cache), false)
#7 C:\xampp\htdocs\donungded.com\index.php(45): CodeIgniter\CodeIgniter->run()
#8 {main}
CRITICAL - 2021-01-05 03:37:54 --> unlink(C:\xampp\htdocs\donungded.com\writable\debugbar/debugbar_1609835873.json): No such file or directory
#0 [internal function]: CodeIgniter\Debug\Exceptions->errorHandler(2, 'unlink(C:\\xampp...', 'C:\\xampp\\htdocs...', 106, Array)
#1 C:\xampp\htdocs\donungded.com\system\Debug\Toolbar\Collectors\History.php(106): unlink('C:\\xampp\\htdocs...')
#2 C:\xampp\htdocs\donungded.com\system\Debug\Toolbar.php(481): CodeIgniter\Debug\Toolbar\Collectors\History->setFiles(1609839474, 20)
#3 C:\xampp\htdocs\donungded.com\system\Debug\Toolbar.php(454): CodeIgniter\Debug\Toolbar->format(Array, 'html')
#4 C:\xampp\htdocs\donungded.com\app\Config\Events.php(87): CodeIgniter\Debug\Toolbar->respond()
#5 [internal function]: CodeIgniter\Events\Events::Config\{closure}()
#6 C:\xampp\htdocs\donungded.com\system\Events\Events.php(188): call_user_func(Object(Closure))
#7 C:\xampp\htdocs\donungded.com\system\CodeIgniter.php(287): CodeIgniter\Events\Events::trigger('pre_system')
#8 C:\xampp\htdocs\donungded.com\index.php(45): CodeIgniter\CodeIgniter->run()
#9 {main}
CRITICAL - 2021-01-05 03:45:39 --> Undefined variable: playerUrl
#0 C:\xampp\htdocs\donungded.com\app\Views\AV\player.php(93): CodeIgniter\Debug\Exceptions->errorHandler(8, 'Undefined varia...', 'C:\\xampp\\htdocs...', 93, Array)
#1 C:\xampp\htdocs\donungded.com\system\View\View.php(236): include('C:\\xampp\\htdocs...')
#2 C:\xampp\htdocs\donungded.com\system\Common.php(1071): CodeIgniter\View\View->render('AV/player', Array, true)
#3 C:\xampp\htdocs\donungded.com\app\Controllers\Av_Home.php(482): view('AV/player', Array)
#4 C:\xampp\htdocs\donungded.com\system\CodeIgniter.php(910): App\Controllers\Av_Home->player('9879', 'movie_ensub1')
#5 C:\xampp\htdocs\donungded.com\system\CodeIgniter.php(398): CodeIgniter\CodeIgniter->runController(Object(App\Controllers\Av_Home))
#6 C:\xampp\htdocs\donungded.com\system\CodeIgniter.php(306): CodeIgniter\CodeIgniter->handleRequest(NULL, Object(Config\Cache), false)
#7 C:\xampp\htdocs\donungded.com\index.php(45): CodeIgniter\CodeIgniter->run()
#8 {main}
CRITICAL - 2021-01-05 03:46:04 --> Undefined variable: backUrl
#0 C:\xampp\htdocs\donungded.com\app\Views\AV\player.php(173): CodeIgniter\Debug\Exceptions->errorHandler(8, 'Undefined varia...', 'C:\\xampp\\htdocs...', 173, Array)
#1 C:\xampp\htdocs\donungded.com\system\View\View.php(236): include('C:\\xampp\\htdocs...')
#2 C:\xampp\htdocs\donungded.com\system\Common.php(1071): CodeIgniter\View\View->render('AV/player', Array, true)
#3 C:\xampp\htdocs\donungded.com\app\Controllers\Av_Home.php(482): view('AV/player', Array)
#4 C:\xampp\htdocs\donungded.com\system\CodeIgniter.php(910): App\Controllers\Av_Home->player('9879', 'movie_ensub1')
#5 C:\xampp\htdocs\donungded.com\system\CodeIgniter.php(398): CodeIgniter\CodeIgniter->runController(Object(App\Controllers\Av_Home))
#6 C:\xampp\htdocs\donungded.com\system\CodeIgniter.php(306): CodeIgniter\CodeIgniter->handleRequest(NULL, Object(Config\Cache), false)
#7 C:\xampp\htdocs\donungded.com\index.php(45): CodeIgniter\CodeIgniter->run()
#8 {main}
CRITICAL - 2021-01-05 03:50:47 --> unlink(C:\xampp\htdocs\donungded.com\writable\debugbar/debugbar_1609839808.json): No such file or directory
#0 [internal function]: CodeIgniter\Debug\Exceptions->errorHandler(2, 'unlink(C:\\xampp...', 'C:\\xampp\\htdocs...', 106, Array)
#1 C:\xampp\htdocs\donungded.com\system\Debug\Toolbar\Collectors\History.php(106): unlink('C:\\xampp\\htdocs...')
#2 C:\xampp\htdocs\donungded.com\system\Debug\Toolbar.php(481): CodeIgniter\Debug\Toolbar\Collectors\History->setFiles(1609840247, 20)
#3 C:\xampp\htdocs\donungded.com\system\Debug\Toolbar.php(454): CodeIgniter\Debug\Toolbar->format(Array, 'html')
#4 C:\xampp\htdocs\donungded.com\app\Config\Events.php(87): CodeIgniter\Debug\Toolbar->respond()
#5 [internal function]: CodeIgniter\Events\Events::Config\{closure}()
#6 C:\xampp\htdocs\donungded.com\system\Events\Events.php(188): call_user_func(Object(Closure))
#7 C:\xampp\htdocs\donungded.com\system\CodeIgniter.php(287): CodeIgniter\Events\Events::trigger('pre_system')
#8 C:\xampp\htdocs\donungded.com\index.php(45): CodeIgniter\CodeIgniter->run()
#9 {main}
