CRITICAL - 2020-09-22 00:12:03 --> Undefined variable: document_root
#0 C:\xampp\htdocs\newmovie1\app\Views\templates\header.php(105): CodeIgniter\Debug\Exceptions->errorHandler(8, 'Undefined varia...', 'C:\\xampp\\htdocs...', 105, Array)
#1 C:\xampp\htdocs\newmovie1\system\View\View.php(236): include('C:\\xampp\\htdocs...')
#2 C:\xampp\htdocs\newmovie1\system\Common.php(1071): CodeIgniter\View\View->render('templates/heade...', Array, true)
#3 C:\xampp\htdocs\newmovie1\app\Controllers\Home.php(96): view('templates/heade...', Array)
#4 C:\xampp\htdocs\newmovie1\system\CodeIgniter.php(910): App\Controllers\Home->index()
#5 C:\xampp\htdocs\newmovie1\system\CodeIgniter.php(398): CodeIgniter\CodeIgniter->runController(Object(App\Controllers\Home))
#6 C:\xampp\htdocs\newmovie1\system\CodeIgniter.php(306): CodeIgniter\CodeIgniter->handleRequest(NULL, Object(Config\Cache), false)
#7 C:\xampp\htdocs\newmovie1\public\index.php(45): CodeIgniter\CodeIgniter->run()
#8 {main}
CRITICAL - 2020-09-22 00:19:32 --> Access denied for user '****'@'localhost' (using password: YES)
#0 C:\xampp\htdocs\newmovie1\system\Database\BaseConnection.php(377): CodeIgniter\Database\MySQLi\Connection->connect(false)
#1 C:\xampp\htdocs\newmovie1\system\Database\BaseConnection.php(643): CodeIgniter\Database\BaseConnection->initialize()
#2 C:\xampp\htdocs\newmovie1\app\Models\Video_Model.php(209): CodeIgniter\Database\BaseConnection->query('SELECT\r\n       ...')
#3 C:\xampp\htdocs\newmovie1\app\Controllers\Home.php(93): App\Models\Video_Model->get_list_video(1, '', 1)
#4 C:\xampp\htdocs\newmovie1\system\CodeIgniter.php(910): App\Controllers\Home->index()
#5 C:\xampp\htdocs\newmovie1\system\CodeIgniter.php(398): CodeIgniter\CodeIgniter->runController(Object(App\Controllers\Home))
#6 C:\xampp\htdocs\newmovie1\system\CodeIgniter.php(306): CodeIgniter\CodeIgniter->handleRequest(NULL, Object(Config\Cache), false)
#7 C:\xampp\htdocs\newmovie1\public\index.php(45): CodeIgniter\CodeIgniter->run()
#8 {main}
CRITICAL - 2020-09-22 00:19:54 --> Access denied for user '****'@'localhost' (using password: YES)
#0 C:\xampp\htdocs\newmovie1\system\Database\BaseConnection.php(377): CodeIgniter\Database\MySQLi\Connection->connect(false)
#1 C:\xampp\htdocs\newmovie1\system\Database\BaseConnection.php(643): CodeIgniter\Database\BaseConnection->initialize()
#2 C:\xampp\htdocs\newmovie1\app\Models\Video_Model.php(209): CodeIgniter\Database\BaseConnection->query('SELECT\r\n       ...')
#3 C:\xampp\htdocs\newmovie1\app\Controllers\Home.php(93): App\Models\Video_Model->get_list_video(1, '', 1)
#4 C:\xampp\htdocs\newmovie1\system\CodeIgniter.php(910): App\Controllers\Home->index()
#5 C:\xampp\htdocs\newmovie1\system\CodeIgniter.php(398): CodeIgniter\CodeIgniter->runController(Object(App\Controllers\Home))
#6 C:\xampp\htdocs\newmovie1\system\CodeIgniter.php(306): CodeIgniter\CodeIgniter->handleRequest(NULL, Object(Config\Cache), false)
#7 C:\xampp\htdocs\newmovie1\public\index.php(45): CodeIgniter\CodeIgniter->run()
#8 {main}
CRITICAL - 2020-09-22 00:41:46 --> Undefined property: App\Controllers\Home::$path_logo
#0 C:\xampp\htdocs\newmovie1\app\Controllers\Home.php(1022): CodeIgniter\Debug\Exceptions->errorHandler(8, 'Undefined prope...', 'C:\\xampp\\htdocs...', 1022, Array)
#1 C:\xampp\htdocs\newmovie1\system\CodeIgniter.php(910): App\Controllers\Home->get_ep_series('19315', 'Love-is-All-202...')
#2 C:\xampp\htdocs\newmovie1\system\CodeIgniter.php(398): CodeIgniter\CodeIgniter->runController(Object(App\Controllers\Home))
#3 C:\xampp\htdocs\newmovie1\system\CodeIgniter.php(306): CodeIgniter\CodeIgniter->handleRequest(NULL, Object(Config\Cache), false)
#4 C:\xampp\htdocs\newmovie1\public\index.php(45): CodeIgniter\CodeIgniter->run()
#5 {main}
CRITICAL - 2020-09-22 00:42:18 --> Undefined property: App\Controllers\Home::$path_logo
#0 C:\xampp\htdocs\newmovie1\app\Controllers\Home.php(1022): CodeIgniter\Debug\Exceptions->errorHandler(8, 'Undefined prope...', 'C:\\xampp\\htdocs...', 1022, Array)
#1 C:\xampp\htdocs\newmovie1\system\CodeIgniter.php(910): App\Controllers\Home->get_ep_series('9665', 'Intense-Love-20...')
#2 C:\xampp\htdocs\newmovie1\system\CodeIgniter.php(398): CodeIgniter\CodeIgniter->runController(Object(App\Controllers\Home))
#3 C:\xampp\htdocs\newmovie1\system\CodeIgniter.php(306): CodeIgniter\CodeIgniter->handleRequest(NULL, Object(Config\Cache), false)
#4 C:\xampp\htdocs\newmovie1\public\index.php(45): CodeIgniter\CodeIgniter->run()
#5 {main}
CRITICAL - 2020-09-22 00:44:12 --> Undefined property: App\Controllers\Home::$path_ads
#0 C:\xampp\htdocs\newmovie1\app\Controllers\Home.php(985): CodeIgniter\Debug\Exceptions->errorHandler(8, 'Undefined prope...', 'C:\\xampp\\htdocs...', 985, Array)
#1 C:\xampp\htdocs\newmovie1\system\CodeIgniter.php(910): App\Controllers\Home->get_ep_series('9665', 'Intense-Love-20...')
#2 C:\xampp\htdocs\newmovie1\system\CodeIgniter.php(398): CodeIgniter\CodeIgniter->runController(Object(App\Controllers\Home))
#3 C:\xampp\htdocs\newmovie1\system\CodeIgniter.php(306): CodeIgniter\CodeIgniter->handleRequest(NULL, Object(Config\Cache), false)
#4 C:\xampp\htdocs\newmovie1\public\index.php(45): CodeIgniter\CodeIgniter->run()
#5 {main}
CRITICAL - 2020-09-22 01:50:33 --> Invalid argument supplied for foreach()
#0 C:\xampp\htdocs\newmovie1\app\Views\templates\footer.php(61): CodeIgniter\Debug\Exceptions->errorHandler(2, 'Invalid argumen...', 'C:\\xampp\\htdocs...', 61, Array)
#1 C:\xampp\htdocs\newmovie1\system\View\View.php(236): include('C:\\xampp\\htdocs...')
#2 C:\xampp\htdocs\newmovie1\system\Common.php(1071): CodeIgniter\View\View->render('templates/foote...', Array, true)
#3 C:\xampp\htdocs\newmovie1\app\Controllers\Home.php(1097): view('templates/foote...')
#4 C:\xampp\htdocs\newmovie1\system\CodeIgniter.php(910): App\Controllers\Home->video_series('9665', 'Intense-Love-20...', '8', 'Ep.9')
#5 C:\xampp\htdocs\newmovie1\system\CodeIgniter.php(398): CodeIgniter\CodeIgniter->runController(Object(App\Controllers\Home))
#6 C:\xampp\htdocs\newmovie1\system\CodeIgniter.php(306): CodeIgniter\CodeIgniter->handleRequest(NULL, Object(Config\Cache), false)
#7 C:\xampp\htdocs\newmovie1\public\index.php(45): CodeIgniter\CodeIgniter->run()
#8 {main}
CRITICAL - 2020-09-22 01:50:43 --> Invalid argument supplied for foreach()
#0 C:\xampp\htdocs\newmovie1\app\Views\templates\footer.php(61): CodeIgniter\Debug\Exceptions->errorHandler(2, 'Invalid argumen...', 'C:\\xampp\\htdocs...', 61, Array)
#1 C:\xampp\htdocs\newmovie1\system\View\View.php(236): include('C:\\xampp\\htdocs...')
#2 C:\xampp\htdocs\newmovie1\system\Common.php(1071): CodeIgniter\View\View->render('templates/foote...', Array, true)
#3 C:\xampp\htdocs\newmovie1\app\Controllers\Home.php(1097): view('templates/foote...')
#4 C:\xampp\htdocs\newmovie1\system\CodeIgniter.php(910): App\Controllers\Home->video_series('9665', 'Intense-Love-20...', '8', 'Ep.9')
#5 C:\xampp\htdocs\newmovie1\system\CodeIgniter.php(398): CodeIgniter\CodeIgniter->runController(Object(App\Controllers\Home))
#6 C:\xampp\htdocs\newmovie1\system\CodeIgniter.php(306): CodeIgniter\CodeIgniter->handleRequest(NULL, Object(Config\Cache), false)
#7 C:\xampp\htdocs\newmovie1\public\index.php(45): CodeIgniter\CodeIgniter->run()
#8 {main}
CRITICAL - 2020-09-22 01:50:55 --> Invalid argument supplied for foreach()
#0 C:\xampp\htdocs\newmovie1\app\Views\templates\footer.php(61): CodeIgniter\Debug\Exceptions->errorHandler(2, 'Invalid argumen...', 'C:\\xampp\\htdocs...', 61, Array)
#1 C:\xampp\htdocs\newmovie1\system\View\View.php(236): include('C:\\xampp\\htdocs...')
#2 C:\xampp\htdocs\newmovie1\system\Common.php(1071): CodeIgniter\View\View->render('templates/foote...', Array, true)
#3 C:\xampp\htdocs\newmovie1\app\Controllers\Home.php(1097): view('templates/foote...')
#4 C:\xampp\htdocs\newmovie1\system\CodeIgniter.php(910): App\Controllers\Home->video_series('9665', 'Intense-Love-20...', '8', 'Ep.9')
#5 C:\xampp\htdocs\newmovie1\system\CodeIgniter.php(398): CodeIgniter\CodeIgniter->runController(Object(App\Controllers\Home))
#6 C:\xampp\htdocs\newmovie1\system\CodeIgniter.php(306): CodeIgniter\CodeIgniter->handleRequest(NULL, Object(Config\Cache), false)
#7 C:\xampp\htdocs\newmovie1\public\index.php(45): CodeIgniter\CodeIgniter->run()
#8 {main}
CRITICAL - 2020-09-22 01:55:42 --> Invalid argument supplied for foreach()
#0 C:\xampp\htdocs\newmovie1\app\Views\templates\footer.php(61): CodeIgniter\Debug\Exceptions->errorHandler(2, 'Invalid argumen...', 'C:\\xampp\\htdocs...', 61, Array)
#1 C:\xampp\htdocs\newmovie1\system\View\View.php(236): include('C:\\xampp\\htdocs...')
#2 C:\xampp\htdocs\newmovie1\system\Common.php(1071): CodeIgniter\View\View->render('templates/foote...', Array, true)
#3 C:\xampp\htdocs\newmovie1\app\Controllers\Home.php(1097): view('templates/foote...')
#4 C:\xampp\htdocs\newmovie1\system\CodeIgniter.php(910): App\Controllers\Home->video_series('9665', 'Intense-Love-20...', '8', 'Ep.9')
#5 C:\xampp\htdocs\newmovie1\system\CodeIgniter.php(398): CodeIgniter\CodeIgniter->runController(Object(App\Controllers\Home))
#6 C:\xampp\htdocs\newmovie1\system\CodeIgniter.php(306): CodeIgniter\CodeIgniter->handleRequest(NULL, Object(Config\Cache), false)
#7 C:\xampp\htdocs\newmovie1\public\index.php(45): CodeIgniter\CodeIgniter->run()
#8 {main}
CRITICAL - 2020-09-22 01:55:49 --> Invalid argument supplied for foreach()
#0 C:\xampp\htdocs\newmovie1\app\Views\templates\footer.php(61): CodeIgniter\Debug\Exceptions->errorHandler(2, 'Invalid argumen...', 'C:\\xampp\\htdocs...', 61, Array)
#1 C:\xampp\htdocs\newmovie1\system\View\View.php(236): include('C:\\xampp\\htdocs...')
#2 C:\xampp\htdocs\newmovie1\system\Common.php(1071): CodeIgniter\View\View->render('templates/foote...', Array, true)
#3 C:\xampp\htdocs\newmovie1\app\Controllers\Home.php(1097): view('templates/foote...')
#4 C:\xampp\htdocs\newmovie1\system\CodeIgniter.php(910): App\Controllers\Home->video_series('9665', 'Intense-Love-20...', '0', 'Ep.1')
#5 C:\xampp\htdocs\newmovie1\system\CodeIgniter.php(398): CodeIgniter\CodeIgniter->runController(Object(App\Controllers\Home))
#6 C:\xampp\htdocs\newmovie1\system\CodeIgniter.php(306): CodeIgniter\CodeIgniter->handleRequest(NULL, Object(Config\Cache), false)
#7 C:\xampp\htdocs\newmovie1\public\index.php(45): CodeIgniter\CodeIgniter->run()
#8 {main}
CRITICAL - 2020-09-22 01:55:51 --> Invalid argument supplied for foreach()
#0 C:\xampp\htdocs\newmovie1\app\Views\templates\footer.php(61): CodeIgniter\Debug\Exceptions->errorHandler(2, 'Invalid argumen...', 'C:\\xampp\\htdocs...', 61, Array)
#1 C:\xampp\htdocs\newmovie1\system\View\View.php(236): include('C:\\xampp\\htdocs...')
#2 C:\xampp\htdocs\newmovie1\system\Common.php(1071): CodeIgniter\View\View->render('templates/foote...', Array, true)
#3 C:\xampp\htdocs\newmovie1\app\Controllers\Home.php(1097): view('templates/foote...')
#4 C:\xampp\htdocs\newmovie1\system\CodeIgniter.php(910): App\Controllers\Home->video_series('9665', 'Intense-Love-20...', '14', 'Ep.15')
#5 C:\xampp\htdocs\newmovie1\system\CodeIgniter.php(398): CodeIgniter\CodeIgniter->runController(Object(App\Controllers\Home))
#6 C:\xampp\htdocs\newmovie1\system\CodeIgniter.php(306): CodeIgniter\CodeIgniter->handleRequest(NULL, Object(Config\Cache), false)
#7 C:\xampp\htdocs\newmovie1\public\index.php(45): CodeIgniter\CodeIgniter->run()
#8 {main}
CRITICAL - 2020-09-22 01:55:56 --> Invalid argument supplied for foreach()
#0 C:\xampp\htdocs\newmovie1\app\Views\templates\footer.php(61): CodeIgniter\Debug\Exceptions->errorHandler(2, 'Invalid argumen...', 'C:\\xampp\\htdocs...', 61, Array)
#1 C:\xampp\htdocs\newmovie1\system\View\View.php(236): include('C:\\xampp\\htdocs...')
#2 C:\xampp\htdocs\newmovie1\system\Common.php(1071): CodeIgniter\View\View->render('templates/foote...', Array, true)
#3 C:\xampp\htdocs\newmovie1\app\Controllers\Home.php(1097): view('templates/foote...')
#4 C:\xampp\htdocs\newmovie1\system\CodeIgniter.php(910): App\Controllers\Home->video_series('9665', 'Intense-Love-20...', '7', 'Ep.8')
#5 C:\xampp\htdocs\newmovie1\system\CodeIgniter.php(398): CodeIgniter\CodeIgniter->runController(Object(App\Controllers\Home))
#6 C:\xampp\htdocs\newmovie1\system\CodeIgniter.php(306): CodeIgniter\CodeIgniter->handleRequest(NULL, Object(Config\Cache), false)
#7 C:\xampp\htdocs\newmovie1\public\index.php(45): CodeIgniter\CodeIgniter->run()
#8 {main}
CRITICAL - 2020-09-22 01:56:26 --> Invalid argument supplied for foreach()
#0 C:\xampp\htdocs\newmovie1\app\Views\templates\footer.php(61): CodeIgniter\Debug\Exceptions->errorHandler(2, 'Invalid argumen...', 'C:\\xampp\\htdocs...', 61, Array)
#1 C:\xampp\htdocs\newmovie1\system\View\View.php(236): include('C:\\xampp\\htdocs...')
#2 C:\xampp\htdocs\newmovie1\system\Common.php(1071): CodeIgniter\View\View->render('templates/foote...', Array, true)
#3 C:\xampp\htdocs\newmovie1\app\Controllers\Home.php(1097): view('templates/foote...')
#4 C:\xampp\htdocs\newmovie1\system\CodeIgniter.php(910): App\Controllers\Home->video_series('9665', 'Intense-Love-20...', '7', 'Ep.8')
#5 C:\xampp\htdocs\newmovie1\system\CodeIgniter.php(398): CodeIgniter\CodeIgniter->runController(Object(App\Controllers\Home))
#6 C:\xampp\htdocs\newmovie1\system\CodeIgniter.php(306): CodeIgniter\CodeIgniter->handleRequest(NULL, Object(Config\Cache), false)
#7 C:\xampp\htdocs\newmovie1\public\index.php(45): CodeIgniter\CodeIgniter->run()
#8 {main}
CRITICAL - 2020-09-22 01:56:56 --> Invalid argument supplied for foreach()
#0 C:\xampp\htdocs\newmovie1\app\Views\templates\footer.php(61): CodeIgniter\Debug\Exceptions->errorHandler(2, 'Invalid argumen...', 'C:\\xampp\\htdocs...', 61, Array)
#1 C:\xampp\htdocs\newmovie1\system\View\View.php(236): include('C:\\xampp\\htdocs...')
#2 C:\xampp\htdocs\newmovie1\system\Common.php(1071): CodeIgniter\View\View->render('templates/foote...', Array, true)
#3 C:\xampp\htdocs\newmovie1\app\Controllers\Home.php(1097): view('templates/foote...')
#4 C:\xampp\htdocs\newmovie1\system\CodeIgniter.php(910): App\Controllers\Home->video_series('9702', 'Tang-dynasty-To...', '5', 'Ep.6')
#5 C:\xampp\htdocs\newmovie1\system\CodeIgniter.php(398): CodeIgniter\CodeIgniter->runController(Object(App\Controllers\Home))
#6 C:\xampp\htdocs\newmovie1\system\CodeIgniter.php(306): CodeIgniter\CodeIgniter->handleRequest(NULL, Object(Config\Cache), false)
#7 C:\xampp\htdocs\newmovie1\public\index.php(45): CodeIgniter\CodeIgniter->run()
#8 {main}
CRITICAL - 2020-09-22 01:57:02 --> Invalid argument supplied for foreach()
#0 C:\xampp\htdocs\newmovie1\app\Views\templates\footer.php(61): CodeIgniter\Debug\Exceptions->errorHandler(2, 'Invalid argumen...', 'C:\\xampp\\htdocs...', 61, Array)
#1 C:\xampp\htdocs\newmovie1\system\View\View.php(236): include('C:\\xampp\\htdocs...')
#2 C:\xampp\htdocs\newmovie1\system\Common.php(1071): CodeIgniter\View\View->render('templates/foote...', Array, true)
#3 C:\xampp\htdocs\newmovie1\app\Controllers\Home.php(1097): view('templates/foote...')
#4 C:\xampp\htdocs\newmovie1\system\CodeIgniter.php(910): App\Controllers\Home->video_series('9702', 'Tang-dynasty-To...', '2', 'Ep.3')
#5 C:\xampp\htdocs\newmovie1\system\CodeIgniter.php(398): CodeIgniter\CodeIgniter->runController(Object(App\Controllers\Home))
#6 C:\xampp\htdocs\newmovie1\system\CodeIgniter.php(306): CodeIgniter\CodeIgniter->handleRequest(NULL, Object(Config\Cache), false)
#7 C:\xampp\htdocs\newmovie1\public\index.php(45): CodeIgniter\CodeIgniter->run()
#8 {main}
CRITICAL - 2020-09-22 02:03:13 --> Invalid argument supplied for foreach()
#0 C:\xampp\htdocs\newmovie1\app\Views\templates\footer.php(61): CodeIgniter\Debug\Exceptions->errorHandler(2, 'Invalid argumen...', 'C:\\xampp\\htdocs...', 61, Array)
#1 C:\xampp\htdocs\newmovie1\system\View\View.php(236): include('C:\\xampp\\htdocs...')
#2 C:\xampp\htdocs\newmovie1\system\Common.php(1071): CodeIgniter\View\View->render('templates/foote...', Array, true)
#3 C:\xampp\htdocs\newmovie1\app\Controllers\Home.php(1097): view('templates/foote...')
#4 C:\xampp\htdocs\newmovie1\system\CodeIgniter.php(910): App\Controllers\Home->video_series('9702', 'Tang-dynasty-To...', '2', 'Ep.3')
#5 C:\xampp\htdocs\newmovie1\system\CodeIgniter.php(398): CodeIgniter\CodeIgniter->runController(Object(App\Controllers\Home))
#6 C:\xampp\htdocs\newmovie1\system\CodeIgniter.php(306): CodeIgniter\CodeIgniter->handleRequest(NULL, Object(Config\Cache), false)
#7 C:\xampp\htdocs\newmovie1\public\index.php(45): CodeIgniter\CodeIgniter->run()
#8 {main}
CRITICAL - 2020-09-22 02:06:30 --> Undefined variable: title_web
#0 C:\xampp\htdocs\newmovie1\app\Views\templates\header-video.php(41): CodeIgniter\Debug\Exceptions->errorHandler(8, 'Undefined varia...', 'C:\\xampp\\htdocs...', 41, Array)
#1 C:\xampp\htdocs\newmovie1\system\View\View.php(236): include('C:\\xampp\\htdocs...')
#2 C:\xampp\htdocs\newmovie1\system\Common.php(1071): CodeIgniter\View\View->render('templates/heade...', Array, true)
#3 C:\xampp\htdocs\newmovie1\app\Controllers\Home.php(1095): view('templates/heade...', Array)
#4 C:\xampp\htdocs\newmovie1\system\CodeIgniter.php(910): App\Controllers\Home->video_series('9702', 'Tang-dynasty-To...', '2', 'Ep.3')
#5 C:\xampp\htdocs\newmovie1\system\CodeIgniter.php(398): CodeIgniter\CodeIgniter->runController(Object(App\Controllers\Home))
#6 C:\xampp\htdocs\newmovie1\system\CodeIgniter.php(306): CodeIgniter\CodeIgniter->handleRequest(NULL, Object(Config\Cache), false)
#7 C:\xampp\htdocs\newmovie1\public\index.php(45): CodeIgniter\CodeIgniter->run()
#8 {main}
CRITICAL - 2020-09-22 02:07:54 --> Undefined variable: title_web
#0 C:\xampp\htdocs\newmovie1\app\Views\templates\header-video.php(41): CodeIgniter\Debug\Exceptions->errorHandler(8, 'Undefined varia...', 'C:\\xampp\\htdocs...', 41, Array)
#1 C:\xampp\htdocs\newmovie1\system\View\View.php(236): include('C:\\xampp\\htdocs...')
#2 C:\xampp\htdocs\newmovie1\system\Common.php(1071): CodeIgniter\View\View->render('templates/heade...', Array, true)
#3 C:\xampp\htdocs\newmovie1\app\Controllers\Home.php(1007): view('templates/heade...', Array)
#4 C:\xampp\htdocs\newmovie1\system\CodeIgniter.php(910): App\Controllers\Home->get_ep_series('9702', 'Tang-dynasty-To...')
#5 C:\xampp\htdocs\newmovie1\system\CodeIgniter.php(398): CodeIgniter\CodeIgniter->runController(Object(App\Controllers\Home))
#6 C:\xampp\htdocs\newmovie1\system\CodeIgniter.php(306): CodeIgniter\CodeIgniter->handleRequest(NULL, Object(Config\Cache), false)
#7 C:\xampp\htdocs\newmovie1\public\index.php(45): CodeIgniter\CodeIgniter->run()
#8 {main}
CRITICAL - 2020-09-22 02:21:16 --> Undefined variable: title_web
#0 C:\xampp\htdocs\newmovie1\app\Views\templates\header-video.php(41): CodeIgniter\Debug\Exceptions->errorHandler(8, 'Undefined varia...', 'C:\\xampp\\htdocs...', 41, Array)
#1 C:\xampp\htdocs\newmovie1\system\View\View.php(236): include('C:\\xampp\\htdocs...')
#2 C:\xampp\htdocs\newmovie1\system\Common.php(1071): CodeIgniter\View\View->render('templates/heade...', Array, true)
#3 C:\xampp\htdocs\newmovie1\app\Controllers\Home.php(1140): view('templates/heade...', Array)
#4 C:\xampp\htdocs\newmovie1\system\CodeIgniter.php(910): App\Controllers\Home->video_series('9702', 'Tang-dynasty-To...', '1', 'Ep.2')
#5 C:\xampp\htdocs\newmovie1\system\CodeIgniter.php(398): CodeIgniter\CodeIgniter->runController(Object(App\Controllers\Home))
#6 C:\xampp\htdocs\newmovie1\system\CodeIgniter.php(306): CodeIgniter\CodeIgniter->handleRequest(NULL, Object(Config\Cache), false)
#7 C:\xampp\htdocs\newmovie1\public\index.php(45): CodeIgniter\CodeIgniter->run()
#8 {main}
CRITICAL - 2020-09-22 02:23:31 --> Undefined variable: path_imgads
#0 C:\xampp\htdocs\newmovie1\app\Views\templates\footer.php(61): CodeIgniter\Debug\Exceptions->errorHandler(8, 'Undefined varia...', 'C:\\xampp\\htdocs...', 61, Array)
#1 C:\xampp\htdocs\newmovie1\system\View\View.php(236): include('C:\\xampp\\htdocs...')
#2 C:\xampp\htdocs\newmovie1\system\Common.php(1071): CodeIgniter\View\View->render('templates/foote...', Array, true)
#3 C:\xampp\htdocs\newmovie1\app\Controllers\Home.php(1158): view('templates/foote...')
#4 C:\xampp\htdocs\newmovie1\system\CodeIgniter.php(910): App\Controllers\Home->video_series('9702', 'Tang-dynasty-To...', '1', 'Ep.2')
#5 C:\xampp\htdocs\newmovie1\system\CodeIgniter.php(398): CodeIgniter\CodeIgniter->runController(Object(App\Controllers\Home))
#6 C:\xampp\htdocs\newmovie1\system\CodeIgniter.php(306): CodeIgniter\CodeIgniter->handleRequest(NULL, Object(Config\Cache), false)
#7 C:\xampp\htdocs\newmovie1\public\index.php(45): CodeIgniter\CodeIgniter->run()
#8 {main}
CRITICAL - 2020-09-22 02:32:52 --> Undefined index: 
#0 C:\xampp\htdocs\newmovie1\app\Controllers\Home.php(643): CodeIgniter\Debug\Exceptions->errorHandler(8, 'Undefined index...', 'C:\\xampp\\htdocs...', 643, Array)
#1 C:\xampp\htdocs\newmovie1\system\CodeIgniter.php(910): App\Controllers\Home->player('9671', '', '3')
#2 C:\xampp\htdocs\newmovie1\system\CodeIgniter.php(398): CodeIgniter\CodeIgniter->runController(Object(App\Controllers\Home))
#3 C:\xampp\htdocs\newmovie1\system\CodeIgniter.php(306): CodeIgniter\CodeIgniter->handleRequest(NULL, Object(Config\Cache), false)
#4 C:\xampp\htdocs\newmovie1\public\index.php(45): CodeIgniter\CodeIgniter->run()
#5 {main}
CRITICAL - 2020-09-22 02:33:09 --> Undefined index: 
#0 C:\xampp\htdocs\newmovie1\app\Controllers\Home.php(643): CodeIgniter\Debug\Exceptions->errorHandler(8, 'Undefined index...', 'C:\\xampp\\htdocs...', 643, Array)
#1 C:\xampp\htdocs\newmovie1\system\CodeIgniter.php(910): App\Controllers\Home->player('9671', '', '3')
#2 C:\xampp\htdocs\newmovie1\system\CodeIgniter.php(398): CodeIgniter\CodeIgniter->runController(Object(App\Controllers\Home))
#3 C:\xampp\htdocs\newmovie1\system\CodeIgniter.php(306): CodeIgniter\CodeIgniter->handleRequest(NULL, Object(Config\Cache), false)
#4 C:\xampp\htdocs\newmovie1\public\index.php(45): CodeIgniter\CodeIgniter->run()
#5 {main}
CRITICAL - 2020-09-22 02:54:19 --> Table 'see4k_variety.mo_moviegenres' doesn't exist
#0 C:\xampp\htdocs\newmovie1\system\Database\MySQLi\Connection.php(330): mysqli->query('SELECT\r\n       ...')
#1 C:\xampp\htdocs\newmovie1\system\Database\BaseConnection.php(738): CodeIgniter\Database\MySQLi\Connection->execute('SELECT\r\n       ...')
#2 C:\xampp\htdocs\newmovie1\system\Database\BaseConnection.php(666): CodeIgniter\Database\BaseConnection->simpleQuery('SELECT\r\n       ...')
#3 C:\xampp\htdocs\newmovie1\app\Models\Video_Model.php(657): CodeIgniter\Database\BaseConnection->query('SELECT\r\n       ...')
#4 C:\xampp\htdocs\newmovie1\app\Controllers\Home.php(206): App\Models\Video_Model->get_id_video_bygenres('50', 1, 1, '\xE0\xB8\xAB\xE0\xB8\x99\xE0\xB8\xB1\xE0\xB8\x87\xE0\xB8\xAD...')
#5 C:\xampp\htdocs\newmovie1\system\CodeIgniter.php(910): App\Controllers\Home->video_genres('50', '%E0%B8%AB%E0%B8...')
#6 C:\xampp\htdocs\newmovie1\system\CodeIgniter.php(398): CodeIgniter\CodeIgniter->runController(Object(App\Controllers\Home))
#7 C:\xampp\htdocs\newmovie1\system\CodeIgniter.php(306): CodeIgniter\CodeIgniter->handleRequest(NULL, Object(Config\Cache), false)
#8 C:\xampp\htdocs\newmovie1\public\index.php(45): CodeIgniter\CodeIgniter->run()
#9 {main}
CRITICAL - 2020-09-22 02:54:32 --> Table 'see4k_variety.mo_moviegenres' doesn't exist
#0 C:\xampp\htdocs\newmovie1\system\Database\MySQLi\Connection.php(330): mysqli->query('SELECT\r\n       ...')
#1 C:\xampp\htdocs\newmovie1\system\Database\BaseConnection.php(738): CodeIgniter\Database\MySQLi\Connection->execute('SELECT\r\n       ...')
#2 C:\xampp\htdocs\newmovie1\system\Database\BaseConnection.php(666): CodeIgniter\Database\BaseConnection->simpleQuery('SELECT\r\n       ...')
#3 C:\xampp\htdocs\newmovie1\app\Models\Video_Model.php(657): CodeIgniter\Database\BaseConnection->query('SELECT\r\n       ...')
#4 C:\xampp\htdocs\newmovie1\app\Controllers\Home.php(206): App\Models\Video_Model->get_id_video_bygenres('44', 1, 1, '\xE0\xB8\xAB\xE0\xB8\x99\xE0\xB8\xB1\xE0\xB8\x87\xE0\xB8\xA7...')
#5 C:\xampp\htdocs\newmovie1\system\CodeIgniter.php(910): App\Controllers\Home->video_genres('44', '%E0%B8%AB%E0%B8...')
#6 C:\xampp\htdocs\newmovie1\system\CodeIgniter.php(398): CodeIgniter\CodeIgniter->runController(Object(App\Controllers\Home))
#7 C:\xampp\htdocs\newmovie1\system\CodeIgniter.php(306): CodeIgniter\CodeIgniter->handleRequest(NULL, Object(Config\Cache), false)
#8 C:\xampp\htdocs\newmovie1\public\index.php(45): CodeIgniter\CodeIgniter->run()
#9 {main}
CRITICAL - 2020-09-22 02:54:40 --> Table 'see4k_variety.mo_moviegenres' doesn't exist
#0 C:\xampp\htdocs\newmovie1\system\Database\MySQLi\Connection.php(330): mysqli->query('SELECT\r\n       ...')
#1 C:\xampp\htdocs\newmovie1\system\Database\BaseConnection.php(738): CodeIgniter\Database\MySQLi\Connection->execute('SELECT\r\n       ...')
#2 C:\xampp\htdocs\newmovie1\system\Database\BaseConnection.php(666): CodeIgniter\Database\BaseConnection->simpleQuery('SELECT\r\n       ...')
#3 C:\xampp\htdocs\newmovie1\app\Models\Video_Model.php(657): CodeIgniter\Database\BaseConnection->query('SELECT\r\n       ...')
#4 C:\xampp\htdocs\newmovie1\app\Controllers\Home.php(206): App\Models\Video_Model->get_id_video_bygenres('44', 1, 1, '\xE0\xB8\xAB\xE0\xB8\x99\xE0\xB8\xB1\xE0\xB8\x87\xE0\xB8\xA7...')
#5 C:\xampp\htdocs\newmovie1\system\CodeIgniter.php(910): App\Controllers\Home->video_genres('44', '%E0%B8%AB%E0%B8...')
#6 C:\xampp\htdocs\newmovie1\system\CodeIgniter.php(398): CodeIgniter\CodeIgniter->runController(Object(App\Controllers\Home))
#7 C:\xampp\htdocs\newmovie1\system\CodeIgniter.php(306): CodeIgniter\CodeIgniter->handleRequest(NULL, Object(Config\Cache), false)
#8 C:\xampp\htdocs\newmovie1\public\index.php(45): CodeIgniter\CodeIgniter->run()
#9 {main}
CRITICAL - 2020-09-22 22:14:31 --> Access denied for user '****'@'localhost' (using password: YES)
#0 C:\xampp\htdocs\newmovie2\system\Database\BaseConnection.php(377): CodeIgniter\Database\MySQLi\Connection->connect(false)
#1 C:\xampp\htdocs\newmovie2\system\Database\BaseConnection.php(643): CodeIgniter\Database\BaseConnection->initialize()
#2 C:\xampp\htdocs\newmovie2\app\Models\Video_Model.php(154): CodeIgniter\Database\BaseConnection->query('SELECT\n        ...')
#3 C:\xampp\htdocs\newmovie2\app\Controllers\Home.php(47): App\Models\Video_Model->get_list_video(1, '', 1)
#4 C:\xampp\htdocs\newmovie2\system\CodeIgniter.php(910): App\Controllers\Home->index()
#5 C:\xampp\htdocs\newmovie2\system\CodeIgniter.php(398): CodeIgniter\CodeIgniter->runController(Object(App\Controllers\Home))
#6 C:\xampp\htdocs\newmovie2\system\CodeIgniter.php(306): CodeIgniter\CodeIgniter->handleRequest(NULL, Object(Config\Cache), false)
#7 C:\xampp\htdocs\newmovie2\public\index.php(45): CodeIgniter\CodeIgniter->run()
#8 {main}
CRITICAL - 2020-09-22 23:14:56 --> Undefined property: App\Controllers\Home::$path_logo
#0 C:\xampp\htdocs\newmovie2\app\Controllers\Home.php(641): CodeIgniter\Debug\Exceptions->errorHandler(8, 'Undefined prope...', 'C:\\xampp\\htdocs...', 641, Array)
#1 C:\xampp\htdocs\newmovie2\system\CodeIgniter.php(910): App\Controllers\Home->get_ep_series('9797', 'Dr.-Romantic-Se...')
#2 C:\xampp\htdocs\newmovie2\system\CodeIgniter.php(398): CodeIgniter\CodeIgniter->runController(Object(App\Controllers\Home))
#3 C:\xampp\htdocs\newmovie2\system\CodeIgniter.php(306): CodeIgniter\CodeIgniter->handleRequest(NULL, Object(Config\Cache), false)
#4 C:\xampp\htdocs\newmovie2\public\index.php(45): CodeIgniter\CodeIgniter->run()
#5 {main}
