CRITICAL - 2021-02-17 02:16:45 --> Undefined variable: cate
#0 C:\xampp\htdocs\template\app\Views\movie\MV-5\header.php(928): CodeIgniter\Debug\Exceptions->errorHandler(8, 'Undefined varia...', 'C:\\xampp\\htdocs...', 928, Array)
#1 C:\xampp\htdocs\template\system\View\View.php(236): include('C:\\xampp\\htdocs...')
#2 C:\xampp\htdocs\template\system\Common.php(1071): CodeIgniter\View\View->render('movie/MV-5/head...', Array, true)
#3 C:\xampp\htdocs\template\app\Controllers\Home.php(74): view('movie/MV-5/head...', Array)
#4 C:\xampp\htdocs\template\system\CodeIgniter.php(910): App\Controllers\Home->index()
#5 C:\xampp\htdocs\template\system\CodeIgniter.php(398): CodeIgniter\CodeIgniter->runController(Object(App\Controllers\Home))
#6 C:\xampp\htdocs\template\system\CodeIgniter.php(306): CodeIgniter\CodeIgniter->handleRequest(NULL, Object(Config\Cache), false)
#7 C:\xampp\htdocs\template\index.php(45): CodeIgniter\CodeIgniter->run()
#8 {main}
CRITICAL - 2021-02-17 02:26:57 --> Undefined variable: keyword
#0 C:\xampp\htdocs\template\app\Views\movie\MV-5\header.php(1016): CodeIgniter\Debug\Exceptions->errorHandler(8, 'Undefined varia...', 'C:\\xampp\\htdocs...', 1016, Array)
#1 C:\xampp\htdocs\template\system\View\View.php(236): include('C:\\xampp\\htdocs...')
#2 C:\xampp\htdocs\template\system\Common.php(1071): CodeIgniter\View\View->render('movie/MV-5/head...', Array, true)
#3 C:\xampp\htdocs\template\app\Controllers\Home.php(74): view('movie/MV-5/head...', Array)
#4 C:\xampp\htdocs\template\system\CodeIgniter.php(910): App\Controllers\Home->index()
#5 C:\xampp\htdocs\template\system\CodeIgniter.php(398): CodeIgniter\CodeIgniter->runController(Object(App\Controllers\Home))
#6 C:\xampp\htdocs\template\system\CodeIgniter.php(306): CodeIgniter\CodeIgniter->handleRequest(NULL, Object(Config\Cache), false)
#7 C:\xampp\htdocs\template\index.php(45): CodeIgniter\CodeIgniter->run()
#8 {main}
CRITICAL - 2021-02-17 02:27:44 --> Undefined variable: base_backurl
#0 C:\xampp\htdocs\template\app\Views\movie\MV-5\header.php(1291): CodeIgniter\Debug\Exceptions->errorHandler(8, 'Undefined varia...', 'C:\\xampp\\htdocs...', 1291, Array)
#1 C:\xampp\htdocs\template\system\View\View.php(236): include('C:\\xampp\\htdocs...')
#2 C:\xampp\htdocs\template\system\Common.php(1071): CodeIgniter\View\View->render('movie/MV-5/head...', Array, true)
#3 C:\xampp\htdocs\template\app\Controllers\Home.php(74): view('movie/MV-5/head...', Array)
#4 C:\xampp\htdocs\template\system\CodeIgniter.php(910): App\Controllers\Home->index()
#5 C:\xampp\htdocs\template\system\CodeIgniter.php(398): CodeIgniter\CodeIgniter->runController(Object(App\Controllers\Home))
#6 C:\xampp\htdocs\template\system\CodeIgniter.php(306): CodeIgniter\CodeIgniter->handleRequest(NULL, Object(Config\Cache), false)
#7 C:\xampp\htdocs\template\index.php(45): CodeIgniter\CodeIgniter->run()
#8 {main}
CRITICAL - 2021-02-17 02:31:13 --> Undefined variable: base_backurl
#0 C:\xampp\htdocs\template\app\Views\movie\MV-5\header.php(1285): CodeIgniter\Debug\Exceptions->errorHandler(8, 'Undefined varia...', 'C:\\xampp\\htdocs...', 1285, Array)
#1 C:\xampp\htdocs\template\system\View\View.php(236): include('C:\\xampp\\htdocs...')
#2 C:\xampp\htdocs\template\system\Common.php(1071): CodeIgniter\View\View->render('movie/MV-5/head...', Array, true)
#3 C:\xampp\htdocs\template\app\Controllers\Home.php(74): view('movie/MV-5/head...', Array)
#4 C:\xampp\htdocs\template\system\CodeIgniter.php(910): App\Controllers\Home->index()
#5 C:\xampp\htdocs\template\system\CodeIgniter.php(398): CodeIgniter\CodeIgniter->runController(Object(App\Controllers\Home))
#6 C:\xampp\htdocs\template\system\CodeIgniter.php(306): CodeIgniter\CodeIgniter->handleRequest(NULL, Object(Config\Cache), false)
#7 C:\xampp\htdocs\template\index.php(45): CodeIgniter\CodeIgniter->run()
#8 {main}
CRITICAL - 2021-02-17 02:35:52 --> Undefined variable: cateRow
#0 C:\xampp\htdocs\template\app\Views\movie\MV-5\body.php(44): CodeIgniter\Debug\Exceptions->errorHandler(8, 'Undefined varia...', 'C:\\xampp\\htdocs...', 44, Array)
#1 C:\xampp\htdocs\template\system\View\View.php(236): include('C:\\xampp\\htdocs...')
#2 C:\xampp\htdocs\template\system\Common.php(1071): CodeIgniter\View\View->render('movie/MV-5/body...', Array, true)
#3 C:\xampp\htdocs\template\app\Controllers\Home.php(75): view('movie/MV-5/body...', Array)
#4 C:\xampp\htdocs\template\system\CodeIgniter.php(910): App\Controllers\Home->index()
#5 C:\xampp\htdocs\template\system\CodeIgniter.php(398): CodeIgniter\CodeIgniter->runController(Object(App\Controllers\Home))
#6 C:\xampp\htdocs\template\system\CodeIgniter.php(306): CodeIgniter\CodeIgniter->handleRequest(NULL, Object(Config\Cache), false)
#7 C:\xampp\htdocs\template\index.php(45): CodeIgniter\CodeIgniter->run()
#8 {main}
CRITICAL - 2021-02-17 02:38:11 --> Undefined index: movie_picture
#0 C:\xampp\htdocs\template\app\Views\movie\MV-5\body.php(55): CodeIgniter\Debug\Exceptions->errorHandler(8, 'Undefined index...', 'C:\\xampp\\htdocs...', 55, Array)
#1 C:\xampp\htdocs\template\system\View\View.php(236): include('C:\\xampp\\htdocs...')
#2 C:\xampp\htdocs\template\system\Common.php(1071): CodeIgniter\View\View->render('movie/MV-5/body...', Array, true)
#3 C:\xampp\htdocs\template\app\Controllers\Home.php(75): view('movie/MV-5/body...', Array)
#4 C:\xampp\htdocs\template\system\CodeIgniter.php(910): App\Controllers\Home->index()
#5 C:\xampp\htdocs\template\system\CodeIgniter.php(398): CodeIgniter\CodeIgniter->runController(Object(App\Controllers\Home))
#6 C:\xampp\htdocs\template\system\CodeIgniter.php(306): CodeIgniter\CodeIgniter->handleRequest(NULL, Object(Config\Cache), false)
#7 C:\xampp\htdocs\template\index.php(45): CodeIgniter\CodeIgniter->run()
#8 {main}
CRITICAL - 2021-02-17 02:39:10 --> Undefined variable: paginate
#0 C:\xampp\htdocs\template\app\Views\movie\MV-5\body.php(117): CodeIgniter\Debug\Exceptions->errorHandler(8, 'Undefined varia...', 'C:\\xampp\\htdocs...', 117, Array)
#1 C:\xampp\htdocs\template\system\View\View.php(236): include('C:\\xampp\\htdocs...')
#2 C:\xampp\htdocs\template\system\Common.php(1071): CodeIgniter\View\View->render('movie/MV-5/body...', Array, true)
#3 C:\xampp\htdocs\template\app\Controllers\Home.php(75): view('movie/MV-5/body...', Array)
#4 C:\xampp\htdocs\template\system\CodeIgniter.php(910): App\Controllers\Home->index()
#5 C:\xampp\htdocs\template\system\CodeIgniter.php(398): CodeIgniter\CodeIgniter->runController(Object(App\Controllers\Home))
#6 C:\xampp\htdocs\template\system\CodeIgniter.php(306): CodeIgniter\CodeIgniter->handleRequest(NULL, Object(Config\Cache), false)
#7 C:\xampp\htdocs\template\index.php(45): CodeIgniter\CodeIgniter->run()
#8 {main}
CRITICAL - 2021-02-17 02:39:21 --> Undefined variable: video_interest
#0 C:\xampp\htdocs\template\app\Views\movie\MV-5\body.php(133): CodeIgniter\Debug\Exceptions->errorHandler(8, 'Undefined varia...', 'C:\\xampp\\htdocs...', 133, Array)
#1 C:\xampp\htdocs\template\system\View\View.php(236): include('C:\\xampp\\htdocs...')
#2 C:\xampp\htdocs\template\system\Common.php(1071): CodeIgniter\View\View->render('movie/MV-5/body...', Array, true)
#3 C:\xampp\htdocs\template\app\Controllers\Home.php(75): view('movie/MV-5/body...', Array)
#4 C:\xampp\htdocs\template\system\CodeIgniter.php(910): App\Controllers\Home->index()
#5 C:\xampp\htdocs\template\system\CodeIgniter.php(398): CodeIgniter\CodeIgniter->runController(Object(App\Controllers\Home))
#6 C:\xampp\htdocs\template\system\CodeIgniter.php(306): CodeIgniter\CodeIgniter->handleRequest(NULL, Object(Config\Cache), false)
#7 C:\xampp\htdocs\template\index.php(45): CodeIgniter\CodeIgniter->run()
#8 {main}
CRITICAL - 2021-02-17 02:40:19 --> Undefined variable: path_imgads
#0 C:\xampp\htdocs\template\app\Views\movie\MV-5\body.php(284): CodeIgniter\Debug\Exceptions->errorHandler(8, 'Undefined varia...', 'C:\\xampp\\htdocs...', 284, Array)
#1 C:\xampp\htdocs\template\system\View\View.php(236): include('C:\\xampp\\htdocs...')
#2 C:\xampp\htdocs\template\system\Common.php(1071): CodeIgniter\View\View->render('movie/MV-5/body...', Array, true)
#3 C:\xampp\htdocs\template\app\Controllers\Home.php(75): view('movie/MV-5/body...', Array)
#4 C:\xampp\htdocs\template\system\CodeIgniter.php(910): App\Controllers\Home->index()
#5 C:\xampp\htdocs\template\system\CodeIgniter.php(398): CodeIgniter\CodeIgniter->runController(Object(App\Controllers\Home))
#6 C:\xampp\htdocs\template\system\CodeIgniter.php(306): CodeIgniter\CodeIgniter->handleRequest(NULL, Object(Config\Cache), false)
#7 C:\xampp\htdocs\template\index.php(45): CodeIgniter\CodeIgniter->run()
#8 {main}
CRITICAL - 2021-02-17 02:41:35 --> Undefined variable: path_imgads
#0 C:\xampp\htdocs\template\app\Views\movie\MV-5\body.php(284): CodeIgniter\Debug\Exceptions->errorHandler(8, 'Undefined varia...', 'C:\\xampp\\htdocs...', 284, Array)
#1 C:\xampp\htdocs\template\system\View\View.php(236): include('C:\\xampp\\htdocs...')
#2 C:\xampp\htdocs\template\system\Common.php(1071): CodeIgniter\View\View->render('movie/MV-5/body...', Array, true)
#3 C:\xampp\htdocs\template\app\Controllers\Home.php(75): view('movie/MV-5/body...', Array)
#4 C:\xampp\htdocs\template\system\CodeIgniter.php(910): App\Controllers\Home->index()
#5 C:\xampp\htdocs\template\system\CodeIgniter.php(398): CodeIgniter\CodeIgniter->runController(Object(App\Controllers\Home))
#6 C:\xampp\htdocs\template\system\CodeIgniter.php(306): CodeIgniter\CodeIgniter->handleRequest(NULL, Object(Config\Cache), false)
#7 C:\xampp\htdocs\template\index.php(45): CodeIgniter\CodeIgniter->run()
#8 {main}
CRITICAL - 2021-02-17 02:42:37 --> Undefined variable: base_backurl
#0 C:\xampp\htdocs\template\app\Views\movie\MV-5\body.php(342): CodeIgniter\Debug\Exceptions->errorHandler(8, 'Undefined varia...', 'C:\\xampp\\htdocs...', 342, Array)
#1 C:\xampp\htdocs\template\system\View\View.php(236): include('C:\\xampp\\htdocs...')
#2 C:\xampp\htdocs\template\system\Common.php(1071): CodeIgniter\View\View->render('movie/MV-5/body...', Array, true)
#3 C:\xampp\htdocs\template\app\Controllers\Home.php(75): view('movie/MV-5/body...', Array)
#4 C:\xampp\htdocs\template\system\CodeIgniter.php(910): App\Controllers\Home->index()
#5 C:\xampp\htdocs\template\system\CodeIgniter.php(398): CodeIgniter\CodeIgniter->runController(Object(App\Controllers\Home))
#6 C:\xampp\htdocs\template\system\CodeIgniter.php(306): CodeIgniter\CodeIgniter->handleRequest(NULL, Object(Config\Cache), false)
#7 C:\xampp\htdocs\template\index.php(45): CodeIgniter\CodeIgniter->run()
#8 {main}
CRITICAL - 2021-02-17 02:43:54 --> Undefined variable: new_movie_recom
#0 C:\xampp\htdocs\template\app\Views\movie\MV-5\body.php(28): CodeIgniter\Debug\Exceptions->errorHandler(8, 'Undefined varia...', 'C:\\xampp\\htdocs...', 28, Array)
#1 C:\xampp\htdocs\template\system\View\View.php(236): include('C:\\xampp\\htdocs...')
#2 C:\xampp\htdocs\template\system\Common.php(1071): CodeIgniter\View\View->render('movie/MV-5/body...', Array, true)
#3 C:\xampp\htdocs\template\app\Controllers\Home.php(75): view('movie/MV-5/body...', Array)
#4 C:\xampp\htdocs\template\system\CodeIgniter.php(910): App\Controllers\Home->index()
#5 C:\xampp\htdocs\template\system\CodeIgniter.php(398): CodeIgniter\CodeIgniter->runController(Object(App\Controllers\Home))
#6 C:\xampp\htdocs\template\system\CodeIgniter.php(306): CodeIgniter\CodeIgniter->handleRequest(NULL, Object(Config\Cache), false)
#7 C:\xampp\htdocs\template\index.php(45): CodeIgniter\CodeIgniter->run()
#8 {main}
CRITICAL - 2021-02-17 02:47:10 --> Undefined variable: category_id
#0 C:\xampp\htdocs\template\app\Views\movie\MV-5\body.php(105): CodeIgniter\Debug\Exceptions->errorHandler(8, 'Undefined varia...', 'C:\\xampp\\htdocs...', 105, Array)
#1 C:\xampp\htdocs\template\system\View\View.php(236): include('C:\\xampp\\htdocs...')
#2 C:\xampp\htdocs\template\system\Common.php(1071): CodeIgniter\View\View->render('movie/MV-5/body...', Array, true)
#3 C:\xampp\htdocs\template\app\Controllers\Home.php(75): view('movie/MV-5/body...', Array)
#4 C:\xampp\htdocs\template\system\CodeIgniter.php(910): App\Controllers\Home->index()
#5 C:\xampp\htdocs\template\system\CodeIgniter.php(398): CodeIgniter\CodeIgniter->runController(Object(App\Controllers\Home))
#6 C:\xampp\htdocs\template\system\CodeIgniter.php(306): CodeIgniter\CodeIgniter->handleRequest(NULL, Object(Config\Cache), false)
#7 C:\xampp\htdocs\template\index.php(45): CodeIgniter\CodeIgniter->run()
#8 {main}
